ERROR - 2022-03-28 09:38:12 --> Unknown column 'NOMESOFTWARE' in 'where clause'
CRITICAL - 2022-03-28 09:38:12 --> Unknown column 'NOMESOFTWARE' in 'where clause'
#0 C:\xampp\htdocs\relacao2.0\system\Database\MySQLi\Connection.php(292): mysqli->query('SELECT 1\nFROM `...', 0)
#1 C:\xampp\htdocs\relacao2.0\system\Database\BaseConnection.php(670): CodeIgniter\Database\MySQLi\Connection->execute('SELECT 1\nFROM `...')
#2 C:\xampp\htdocs\relacao2.0\system\Database\BaseConnection.php(598): CodeIgniter\Database\BaseConnection->simpleQuery('SELECT 1\nFROM `...')
#3 C:\xampp\htdocs\relacao2.0\system\Database\BaseBuilder.php(1455): CodeIgniter\Database\BaseConnection->query('SELECT 1\nFROM `...', Array, false)
#4 C:\xampp\htdocs\relacao2.0\system\Validation\Rules.php(142): CodeIgniter\Database\BaseBuilder->get()
#5 C:\xampp\htdocs\relacao2.0\system\Validation\Validation.php(292): CodeIgniter\Validation\Rules->is_unique('teste', 'NOMESOFTWARE', Array, NULL)
#6 C:\xampp\htdocs\relacao2.0\system\Validation\Validation.php(157): CodeIgniter\Validation\Validation->processRules('NOMESOFTWARE', 'NOMESOFTWARE', 'teste', Array, Array)
#7 C:\xampp\htdocs\relacao2.0\system\BaseModel.php(1347): CodeIgniter\Validation\Validation->run(Array, NULL, NULL)
#8 C:\xampp\htdocs\relacao2.0\system\BaseModel.php(707): CodeIgniter\BaseModel->validate(Array)
#9 C:\xampp\htdocs\relacao2.0\system\Model.php(625): CodeIgniter\BaseModel->insert(Array, true)
#10 C:\xampp\htdocs\relacao2.0\app\Controllers\Softwares.php(35): CodeIgniter\Model->insert(Array)
#11 C:\xampp\htdocs\relacao2.0\system\CodeIgniter.php(832): App\Controllers\Softwares->adicionar()
#12 C:\xampp\htdocs\relacao2.0\system\CodeIgniter.php(419): CodeIgniter\CodeIgniter->runController(Object(App\Controllers\Softwares))
#13 C:\xampp\htdocs\relacao2.0\system\CodeIgniter.php(326): CodeIgniter\CodeIgniter->handleRequest(NULL, Object(Config\Cache), false)
#14 C:\xampp\htdocs\relacao2.0\index.php(37): CodeIgniter\CodeIgniter->run()
#15 {main}
ERROR - 2022-03-28 09:48:10 --> Unknown column 'NOMESOFTWARE' in 'where clause'
CRITICAL - 2022-03-28 09:48:10 --> Unknown column 'NOMESOFTWARE' in 'where clause'
#0 C:\xampp\htdocs\relacao2.0\system\Database\MySQLi\Connection.php(292): mysqli->query('SELECT 1\nFROM `...', 0)
#1 C:\xampp\htdocs\relacao2.0\system\Database\BaseConnection.php(670): CodeIgniter\Database\MySQLi\Connection->execute('SELECT 1\nFROM `...')
#2 C:\xampp\htdocs\relacao2.0\system\Database\BaseConnection.php(598): CodeIgniter\Database\BaseConnection->simpleQuery('SELECT 1\nFROM `...')
#3 C:\xampp\htdocs\relacao2.0\system\Database\BaseBuilder.php(1455): CodeIgniter\Database\BaseConnection->query('SELECT 1\nFROM `...', Array, false)
#4 C:\xampp\htdocs\relacao2.0\system\Validation\Rules.php(142): CodeIgniter\Database\BaseBuilder->get()
#5 C:\xampp\htdocs\relacao2.0\system\Validation\Validation.php(292): CodeIgniter\Validation\Rules->is_unique('teste', 'NOMESOFTWARE', Array, NULL)
#6 C:\xampp\htdocs\relacao2.0\system\Validation\Validation.php(157): CodeIgniter\Validation\Validation->processRules('NOMESOFTWARE', 'NOMESOFTWARE', 'teste', Array, Array)
#7 C:\xampp\htdocs\relacao2.0\system\BaseModel.php(1347): CodeIgniter\Validation\Validation->run(Array, NULL, NULL)
#8 C:\xampp\htdocs\relacao2.0\system\BaseModel.php(707): CodeIgniter\BaseModel->validate(Array)
#9 C:\xampp\htdocs\relacao2.0\system\Model.php(625): CodeIgniter\BaseModel->insert(Array, true)
#10 C:\xampp\htdocs\relacao2.0\app\Controllers\Softwares.php(35): CodeIgniter\Model->insert(Array)
#11 C:\xampp\htdocs\relacao2.0\system\CodeIgniter.php(832): App\Controllers\Softwares->adicionar()
#12 C:\xampp\htdocs\relacao2.0\system\CodeIgniter.php(419): CodeIgniter\CodeIgniter->runController(Object(App\Controllers\Softwares))
#13 C:\xampp\htdocs\relacao2.0\system\CodeIgniter.php(326): CodeIgniter\CodeIgniter->handleRequest(NULL, Object(Config\Cache), false)
#14 C:\xampp\htdocs\relacao2.0\index.php(37): CodeIgniter\CodeIgniter->run()
#15 {main}
ERROR - 2022-03-28 09:48:57 --> Unknown column 'NOMESOFTWARE' in 'where clause'
CRITICAL - 2022-03-28 09:48:57 --> Unknown column 'NOMESOFTWARE' in 'where clause'
#0 C:\xampp\htdocs\relacao2.0\system\Database\MySQLi\Connection.php(292): mysqli->query('SELECT 1\nFROM `...', 0)
#1 C:\xampp\htdocs\relacao2.0\system\Database\BaseConnection.php(670): CodeIgniter\Database\MySQLi\Connection->execute('SELECT 1\nFROM `...')
#2 C:\xampp\htdocs\relacao2.0\system\Database\BaseConnection.php(598): CodeIgniter\Database\BaseConnection->simpleQuery('SELECT 1\nFROM `...')
#3 C:\xampp\htdocs\relacao2.0\system\Database\BaseBuilder.php(1455): CodeIgniter\Database\BaseConnection->query('SELECT 1\nFROM `...', Array, false)
#4 C:\xampp\htdocs\relacao2.0\system\Validation\Rules.php(142): CodeIgniter\Database\BaseBuilder->get()
#5 C:\xampp\htdocs\relacao2.0\system\Validation\Validation.php(292): CodeIgniter\Validation\Rules->is_unique('teste', 'NOMESOFTWARE', Array, NULL)
#6 C:\xampp\htdocs\relacao2.0\system\Validation\Validation.php(157): CodeIgniter\Validation\Validation->processRules('NOMESOFTWARE', 'NOMESOFTWARE', 'teste', Array, Array)
#7 C:\xampp\htdocs\relacao2.0\system\BaseModel.php(1347): CodeIgniter\Validation\Validation->run(Array, NULL, NULL)
#8 C:\xampp\htdocs\relacao2.0\system\BaseModel.php(707): CodeIgniter\BaseModel->validate(Array)
#9 C:\xampp\htdocs\relacao2.0\system\Model.php(625): CodeIgniter\BaseModel->insert(Array, true)
#10 C:\xampp\htdocs\relacao2.0\app\Controllers\Softwares.php(35): CodeIgniter\Model->insert(Array)
#11 C:\xampp\htdocs\relacao2.0\system\CodeIgniter.php(832): App\Controllers\Softwares->adicionar()
#12 C:\xampp\htdocs\relacao2.0\system\CodeIgniter.php(419): CodeIgniter\CodeIgniter->runController(Object(App\Controllers\Softwares))
#13 C:\xampp\htdocs\relacao2.0\system\CodeIgniter.php(326): CodeIgniter\CodeIgniter->handleRequest(NULL, Object(Config\Cache), false)
#14 C:\xampp\htdocs\relacao2.0\index.php(37): CodeIgniter\CodeIgniter->run()
#15 {main}
ERROR - 2022-03-28 09:56:26 --> Unknown column 'NOMESOFTWARE' in 'where clause'
CRITICAL - 2022-03-28 09:56:26 --> Unknown column 'NOMESOFTWARE' in 'where clause'
#0 C:\xampp\htdocs\relacao2.0\system\Database\MySQLi\Connection.php(292): mysqli->query('SELECT 1\nFROM `...', 0)
#1 C:\xampp\htdocs\relacao2.0\system\Database\BaseConnection.php(670): CodeIgniter\Database\MySQLi\Connection->execute('SELECT 1\nFROM `...')
#2 C:\xampp\htdocs\relacao2.0\system\Database\BaseConnection.php(598): CodeIgniter\Database\BaseConnection->simpleQuery('SELECT 1\nFROM `...')
#3 C:\xampp\htdocs\relacao2.0\system\Database\BaseBuilder.php(1455): CodeIgniter\Database\BaseConnection->query('SELECT 1\nFROM `...', Array, false)
#4 C:\xampp\htdocs\relacao2.0\system\Validation\Rules.php(142): CodeIgniter\Database\BaseBuilder->get()
#5 C:\xampp\htdocs\relacao2.0\system\Validation\Validation.php(292): CodeIgniter\Validation\Rules->is_unique('teste', 'NOMESOFTWARE', Array, NULL)
#6 C:\xampp\htdocs\relacao2.0\system\Validation\Validation.php(157): CodeIgniter\Validation\Validation->processRules('NOMESOFTWARE', 'NOMESOFTWARE', 'teste', Array, Array)
#7 C:\xampp\htdocs\relacao2.0\system\BaseModel.php(1347): CodeIgniter\Validation\Validation->run(Array, NULL, NULL)
#8 C:\xampp\htdocs\relacao2.0\system\BaseModel.php(707): CodeIgniter\BaseModel->validate(Array)
#9 C:\xampp\htdocs\relacao2.0\system\Model.php(625): CodeIgniter\BaseModel->insert(Array, true)
#10 C:\xampp\htdocs\relacao2.0\app\Controllers\Softwares.php(35): CodeIgniter\Model->insert(Array)
#11 C:\xampp\htdocs\relacao2.0\system\CodeIgniter.php(832): App\Controllers\Softwares->adicionar()
#12 C:\xampp\htdocs\relacao2.0\system\CodeIgniter.php(419): CodeIgniter\CodeIgniter->runController(Object(App\Controllers\Softwares))
#13 C:\xampp\htdocs\relacao2.0\system\CodeIgniter.php(326): CodeIgniter\CodeIgniter->handleRequest(NULL, Object(Config\Cache), false)
#14 C:\xampp\htdocs\relacao2.0\index.php(37): CodeIgniter\CodeIgniter->run()
#15 {main}
ERROR - 2022-03-28 09:57:30 --> Unknown column 'NOMESOFTWARE' in 'where clause'
CRITICAL - 2022-03-28 09:57:30 --> Unknown column 'NOMESOFTWARE' in 'where clause'
#0 C:\xampp\htdocs\relacao2.0\system\Database\MySQLi\Connection.php(292): mysqli->query('SELECT 1\nFROM `...', 0)
#1 C:\xampp\htdocs\relacao2.0\system\Database\BaseConnection.php(670): CodeIgniter\Database\MySQLi\Connection->execute('SELECT 1\nFROM `...')
#2 C:\xampp\htdocs\relacao2.0\system\Database\BaseConnection.php(598): CodeIgniter\Database\BaseConnection->simpleQuery('SELECT 1\nFROM `...')
#3 C:\xampp\htdocs\relacao2.0\system\Database\BaseBuilder.php(1455): CodeIgniter\Database\BaseConnection->query('SELECT 1\nFROM `...', Array, false)
#4 C:\xampp\htdocs\relacao2.0\system\Validation\Rules.php(142): CodeIgniter\Database\BaseBuilder->get()
#5 C:\xampp\htdocs\relacao2.0\system\Validation\Validation.php(292): CodeIgniter\Validation\Rules->is_unique('testw', 'NOMESOFTWARE', Array, NULL)
#6 C:\xampp\htdocs\relacao2.0\system\Validation\Validation.php(157): CodeIgniter\Validation\Validation->processRules('NOMESOFTWARE', 'NOMESOFTWARE', 'testw', Array, Array)
#7 C:\xampp\htdocs\relacao2.0\system\BaseModel.php(1347): CodeIgniter\Validation\Validation->run(Array, NULL, NULL)
#8 C:\xampp\htdocs\relacao2.0\system\BaseModel.php(835): CodeIgniter\BaseModel->validate(Array)
#9 C:\xampp\htdocs\relacao2.0\system\Model.php(651): CodeIgniter\BaseModel->update(Array, Array)
#10 C:\xampp\htdocs\relacao2.0\app\Controllers\Softwares.php(55): CodeIgniter\Model->update('7', Object(stdClass))
#11 C:\xampp\htdocs\relacao2.0\system\CodeIgniter.php(832): App\Controllers\Softwares->editar('7')
#12 C:\xampp\htdocs\relacao2.0\system\CodeIgniter.php(419): CodeIgniter\CodeIgniter->runController(Object(App\Controllers\Softwares))
#13 C:\xampp\htdocs\relacao2.0\system\CodeIgniter.php(326): CodeIgniter\CodeIgniter->handleRequest(NULL, Object(Config\Cache), false)
#14 C:\xampp\htdocs\relacao2.0\index.php(37): CodeIgniter\CodeIgniter->run()
#15 {main}
ERROR - 2022-03-28 10:38:40 --> Unknown column 'NOMESOFTWARE' in 'where clause'
CRITICAL - 2022-03-28 10:38:40 --> Unknown column 'NOMESOFTWARE' in 'where clause'
#0 C:\xampp\htdocs\relacao2.0\system\Database\MySQLi\Connection.php(292): mysqli->query('SELECT 1\nFROM `...', 0)
#1 C:\xampp\htdocs\relacao2.0\system\Database\BaseConnection.php(670): CodeIgniter\Database\MySQLi\Connection->execute('SELECT 1\nFROM `...')
#2 C:\xampp\htdocs\relacao2.0\system\Database\BaseConnection.php(598): CodeIgniter\Database\BaseConnection->simpleQuery('SELECT 1\nFROM `...')
#3 C:\xampp\htdocs\relacao2.0\system\Database\BaseBuilder.php(1455): CodeIgniter\Database\BaseConnection->query('SELECT 1\nFROM `...', Array, false)
#4 C:\xampp\htdocs\relacao2.0\system\Validation\Rules.php(142): CodeIgniter\Database\BaseBuilder->get()
#5 C:\xampp\htdocs\relacao2.0\system\Validation\Validation.php(292): CodeIgniter\Validation\Rules->is_unique('testw', 'NOMESOFTWARE', Array, NULL)
#6 C:\xampp\htdocs\relacao2.0\system\Validation\Validation.php(157): CodeIgniter\Validation\Validation->processRules('NOMESOFTWARE', 'NOMESOFTWARE', 'testw', Array, Array)
#7 C:\xampp\htdocs\relacao2.0\system\BaseModel.php(1347): CodeIgniter\Validation\Validation->run(Array, NULL, NULL)
#8 C:\xampp\htdocs\relacao2.0\system\BaseModel.php(835): CodeIgniter\BaseModel->validate(Array)
#9 C:\xampp\htdocs\relacao2.0\system\Model.php(651): CodeIgniter\BaseModel->update(Array, Array)
#10 C:\xampp\htdocs\relacao2.0\app\Controllers\Softwares.php(55): CodeIgniter\Model->update('7', Object(stdClass))
#11 C:\xampp\htdocs\relacao2.0\system\CodeIgniter.php(832): App\Controllers\Softwares->editar('7')
#12 C:\xampp\htdocs\relacao2.0\system\CodeIgniter.php(419): CodeIgniter\CodeIgniter->runController(Object(App\Controllers\Softwares))
#13 C:\xampp\htdocs\relacao2.0\system\CodeIgniter.php(326): CodeIgniter\CodeIgniter->handleRequest(NULL, Object(Config\Cache), false)
#14 C:\xampp\htdocs\relacao2.0\index.php(37): CodeIgniter\CodeIgniter->run()
#15 {main}
ERROR - 2022-03-28 11:04:43 --> Unknown column 'NOMESOFTWARE' in 'where clause'
CRITICAL - 2022-03-28 11:04:43 --> Unknown column 'NOMESOFTWARE' in 'where clause'
#0 C:\xampp\htdocs\relacao2.0\system\Database\MySQLi\Connection.php(292): mysqli->query('SELECT 1\nFROM `...', 0)
#1 C:\xampp\htdocs\relacao2.0\system\Database\BaseConnection.php(670): CodeIgniter\Database\MySQLi\Connection->execute('SELECT 1\nFROM `...')
#2 C:\xampp\htdocs\relacao2.0\system\Database\BaseConnection.php(598): CodeIgniter\Database\BaseConnection->simpleQuery('SELECT 1\nFROM `...')
#3 C:\xampp\htdocs\relacao2.0\system\Database\BaseBuilder.php(1455): CodeIgniter\Database\BaseConnection->query('SELECT 1\nFROM `...', Array, false)
#4 C:\xampp\htdocs\relacao2.0\system\Validation\Rules.php(142): CodeIgniter\Database\BaseBuilder->get()
#5 C:\xampp\htdocs\relacao2.0\system\Validation\Validation.php(292): CodeIgniter\Validation\Rules->is_unique('testw', 'NOMESOFTWARE', Array, NULL)
#6 C:\xampp\htdocs\relacao2.0\system\Validation\Validation.php(157): CodeIgniter\Validation\Validation->processRules('NOMESOFTWARE', 'NOMESOFTWARE', 'testw', Array, Array)
#7 C:\xampp\htdocs\relacao2.0\system\BaseModel.php(1347): CodeIgniter\Validation\Validation->run(Array, NULL, NULL)
#8 C:\xampp\htdocs\relacao2.0\system\BaseModel.php(835): CodeIgniter\BaseModel->validate(Array)
#9 C:\xampp\htdocs\relacao2.0\system\Model.php(651): CodeIgniter\BaseModel->update(Array, Array)
#10 C:\xampp\htdocs\relacao2.0\app\Controllers\Softwares.php(55): CodeIgniter\Model->update('7', Object(stdClass))
#11 C:\xampp\htdocs\relacao2.0\system\CodeIgniter.php(832): App\Controllers\Softwares->editar('7')
#12 C:\xampp\htdocs\relacao2.0\system\CodeIgniter.php(419): CodeIgniter\CodeIgniter->runController(Object(App\Controllers\Softwares))
#13 C:\xampp\htdocs\relacao2.0\system\CodeIgniter.php(326): CodeIgniter\CodeIgniter->handleRequest(NULL, Object(Config\Cache), false)
#14 C:\xampp\htdocs\relacao2.0\index.php(37): CodeIgniter\CodeIgniter->run()
#15 {main}
ERROR - 2022-03-28 12:42:38 --> Unknown column 'NOMESOFTWARE' in 'where clause'
CRITICAL - 2022-03-28 12:42:38 --> Unknown column 'NOMESOFTWARE' in 'where clause'
#0 C:\xampp\htdocs\relacao2.0\system\Database\MySQLi\Connection.php(292): mysqli->query('SELECT 1\nFROM `...', 0)
#1 C:\xampp\htdocs\relacao2.0\system\Database\BaseConnection.php(670): CodeIgniter\Database\MySQLi\Connection->execute('SELECT 1\nFROM `...')
#2 C:\xampp\htdocs\relacao2.0\system\Database\BaseConnection.php(598): CodeIgniter\Database\BaseConnection->simpleQuery('SELECT 1\nFROM `...')
#3 C:\xampp\htdocs\relacao2.0\system\Database\BaseBuilder.php(1455): CodeIgniter\Database\BaseConnection->query('SELECT 1\nFROM `...', Array, false)
#4 C:\xampp\htdocs\relacao2.0\system\Validation\Rules.php(142): CodeIgniter\Database\BaseBuilder->get()
#5 C:\xampp\htdocs\relacao2.0\system\Validation\Validation.php(292): CodeIgniter\Validation\Rules->is_unique('testw', 'NOMESOFTWARE', Array, NULL)
#6 C:\xampp\htdocs\relacao2.0\system\Validation\Validation.php(157): CodeIgniter\Validation\Validation->processRules('NOMESOFTWARE', 'NOMESOFTWARE', 'testw', Array, Array)
#7 C:\xampp\htdocs\relacao2.0\system\BaseModel.php(1347): CodeIgniter\Validation\Validation->run(Array, NULL, NULL)
#8 C:\xampp\htdocs\relacao2.0\system\BaseModel.php(835): CodeIgniter\BaseModel->validate(Array)
#9 C:\xampp\htdocs\relacao2.0\system\Model.php(651): CodeIgniter\BaseModel->update(Array, Array)
#10 C:\xampp\htdocs\relacao2.0\app\Controllers\Softwares.php(55): CodeIgniter\Model->update('7', Object(stdClass))
#11 C:\xampp\htdocs\relacao2.0\system\CodeIgniter.php(832): App\Controllers\Softwares->editar('7')
#12 C:\xampp\htdocs\relacao2.0\system\CodeIgniter.php(419): CodeIgniter\CodeIgniter->runController(Object(App\Controllers\Softwares))
#13 C:\xampp\htdocs\relacao2.0\system\CodeIgniter.php(326): CodeIgniter\CodeIgniter->handleRequest(NULL, Object(Config\Cache), false)
#14 C:\xampp\htdocs\relacao2.0\index.php(37): CodeIgniter\CodeIgniter->run()
#15 {main}
ERROR - 2022-03-28 12:44:45 --> Unknown column 'NOMESOFTWARE' in 'where clause'
CRITICAL - 2022-03-28 12:44:45 --> Unknown column 'NOMESOFTWARE' in 'where clause'
#0 C:\xampp\htdocs\relacao2.0\system\Database\MySQLi\Connection.php(292): mysqli->query('SELECT 1\nFROM `...', 0)
#1 C:\xampp\htdocs\relacao2.0\system\Database\BaseConnection.php(670): CodeIgniter\Database\MySQLi\Connection->execute('SELECT 1\nFROM `...')
#2 C:\xampp\htdocs\relacao2.0\system\Database\BaseConnection.php(598): CodeIgniter\Database\BaseConnection->simpleQuery('SELECT 1\nFROM `...')
#3 C:\xampp\htdocs\relacao2.0\system\Database\BaseBuilder.php(1455): CodeIgniter\Database\BaseConnection->query('SELECT 1\nFROM `...', Array, false)
#4 C:\xampp\htdocs\relacao2.0\system\Validation\Rules.php(142): CodeIgniter\Database\BaseBuilder->get()
#5 C:\xampp\htdocs\relacao2.0\system\Validation\Validation.php(292): CodeIgniter\Validation\Rules->is_unique('testw', 'NOMESOFTWARE', Array, NULL)
#6 C:\xampp\htdocs\relacao2.0\system\Validation\Validation.php(157): CodeIgniter\Validation\Validation->processRules('NOMESOFTWARE', 'NOMESOFTWARE', 'testw', Array, Array)
#7 C:\xampp\htdocs\relacao2.0\system\BaseModel.php(1347): CodeIgniter\Validation\Validation->run(Array, NULL, NULL)
#8 C:\xampp\htdocs\relacao2.0\system\BaseModel.php(835): CodeIgniter\BaseModel->validate(Array)
#9 C:\xampp\htdocs\relacao2.0\system\Model.php(651): CodeIgniter\BaseModel->update(Array, Array)
#10 C:\xampp\htdocs\relacao2.0\app\Controllers\Softwares.php(55): CodeIgniter\Model->update('7', Object(stdClass))
#11 C:\xampp\htdocs\relacao2.0\system\CodeIgniter.php(832): App\Controllers\Softwares->editar('7')
#12 C:\xampp\htdocs\relacao2.0\system\CodeIgniter.php(419): CodeIgniter\CodeIgniter->runController(Object(App\Controllers\Softwares))
#13 C:\xampp\htdocs\relacao2.0\system\CodeIgniter.php(326): CodeIgniter\CodeIgniter->handleRequest(NULL, Object(Config\Cache), false)
#14 C:\xampp\htdocs\relacao2.0\index.php(37): CodeIgniter\CodeIgniter->run()
#15 {main}
ERROR - 2022-03-28 12:56:11 --> Unknown column 'NOMESOFTWARE' in 'where clause'
CRITICAL - 2022-03-28 12:56:11 --> Unknown column 'NOMESOFTWARE' in 'where clause'
#0 C:\xampp\htdocs\relacao2.0\system\Database\MySQLi\Connection.php(292): mysqli->query('SELECT 1\nFROM `...', 0)
#1 C:\xampp\htdocs\relacao2.0\system\Database\BaseConnection.php(670): CodeIgniter\Database\MySQLi\Connection->execute('SELECT 1\nFROM `...')
#2 C:\xampp\htdocs\relacao2.0\system\Database\BaseConnection.php(598): CodeIgniter\Database\BaseConnection->simpleQuery('SELECT 1\nFROM `...')
#3 C:\xampp\htdocs\relacao2.0\system\Database\BaseBuilder.php(1455): CodeIgniter\Database\BaseConnection->query('SELECT 1\nFROM `...', Array, false)
#4 C:\xampp\htdocs\relacao2.0\system\Validation\Rules.php(142): CodeIgniter\Database\BaseBuilder->get()
#5 C:\xampp\htdocs\relacao2.0\system\Validation\Validation.php(292): CodeIgniter\Validation\Rules->is_unique('testw', 'NOMESOFTWARE', Array, NULL)
#6 C:\xampp\htdocs\relacao2.0\system\Validation\Validation.php(157): CodeIgniter\Validation\Validation->processRules('NOMESOFTWARE', 'NOMESOFTWARE', 'testw', Array, Array)
#7 C:\xampp\htdocs\relacao2.0\system\BaseModel.php(1347): CodeIgniter\Validation\Validation->run(Array, NULL, NULL)
#8 C:\xampp\htdocs\relacao2.0\system\BaseModel.php(835): CodeIgniter\BaseModel->validate(Array)
#9 C:\xampp\htdocs\relacao2.0\system\Model.php(651): CodeIgniter\BaseModel->update(Array, Array)
#10 C:\xampp\htdocs\relacao2.0\app\Controllers\Softwares.php(55): CodeIgniter\Model->update('7', Object(stdClass))
#11 C:\xampp\htdocs\relacao2.0\system\CodeIgniter.php(832): App\Controllers\Softwares->editar('7')
#12 C:\xampp\htdocs\relacao2.0\system\CodeIgniter.php(419): CodeIgniter\CodeIgniter->runController(Object(App\Controllers\Softwares))
#13 C:\xampp\htdocs\relacao2.0\system\CodeIgniter.php(326): CodeIgniter\CodeIgniter->handleRequest(NULL, Object(Config\Cache), false)
#14 C:\xampp\htdocs\relacao2.0\index.php(37): CodeIgniter\CodeIgniter->run()
#15 {main}
ERROR - 2022-03-28 13:07:47 --> Unknown column 'NOMESOFTWARE' in 'where clause'
CRITICAL - 2022-03-28 13:07:47 --> Unknown column 'NOMESOFTWARE' in 'where clause'
#0 C:\xampp\htdocs\relacao2.0\system\Database\MySQLi\Connection.php(292): mysqli->query('SELECT 1\nFROM `...', 0)
#1 C:\xampp\htdocs\relacao2.0\system\Database\BaseConnection.php(670): CodeIgniter\Database\MySQLi\Connection->execute('SELECT 1\nFROM `...')
#2 C:\xampp\htdocs\relacao2.0\system\Database\BaseConnection.php(598): CodeIgniter\Database\BaseConnection->simpleQuery('SELECT 1\nFROM `...')
#3 C:\xampp\htdocs\relacao2.0\system\Database\BaseBuilder.php(1455): CodeIgniter\Database\BaseConnection->query('SELECT 1\nFROM `...', Array, false)
#4 C:\xampp\htdocs\relacao2.0\system\Validation\Rules.php(142): CodeIgniter\Database\BaseBuilder->get()
#5 C:\xampp\htdocs\relacao2.0\system\Validation\Validation.php(292): CodeIgniter\Validation\Rules->is_unique('dhdfghgf', 'NOMESOFTWARE', Array, NULL)
#6 C:\xampp\htdocs\relacao2.0\system\Validation\Validation.php(157): CodeIgniter\Validation\Validation->processRules('NOMESOFTWARE', 'NOMESOFTWARE', 'dhdfghgf', Array, Array)
#7 C:\xampp\htdocs\relacao2.0\system\BaseModel.php(1347): CodeIgniter\Validation\Validation->run(Array, NULL, NULL)
#8 C:\xampp\htdocs\relacao2.0\system\BaseModel.php(707): CodeIgniter\BaseModel->validate(Array)
#9 C:\xampp\htdocs\relacao2.0\system\Model.php(625): CodeIgniter\BaseModel->insert(Array, true)
#10 C:\xampp\htdocs\relacao2.0\app\Controllers\Softwares.php(35): CodeIgniter\Model->insert(Array)
#11 C:\xampp\htdocs\relacao2.0\system\CodeIgniter.php(832): App\Controllers\Softwares->adicionar()
#12 C:\xampp\htdocs\relacao2.0\system\CodeIgniter.php(419): CodeIgniter\CodeIgniter->runController(Object(App\Controllers\Softwares))
#13 C:\xampp\htdocs\relacao2.0\system\CodeIgniter.php(326): CodeIgniter\CodeIgniter->handleRequest(NULL, Object(Config\Cache), false)
#14 C:\xampp\htdocs\relacao2.0\index.php(37): CodeIgniter\CodeIgniter->run()
#15 {main}
ERROR - 2022-03-28 13:31:08 --> Unknown column 'NOMESOFTWARE' in 'where clause'
CRITICAL - 2022-03-28 13:31:08 --> Unknown column 'NOMESOFTWARE' in 'where clause'
#0 C:\xampp\htdocs\relacao2.0\system\Database\MySQLi\Connection.php(292): mysqli->query('SELECT 1\nFROM `...', 0)
#1 C:\xampp\htdocs\relacao2.0\system\Database\BaseConnection.php(670): CodeIgniter\Database\MySQLi\Connection->execute('SELECT 1\nFROM `...')
#2 C:\xampp\htdocs\relacao2.0\system\Database\BaseConnection.php(598): CodeIgniter\Database\BaseConnection->simpleQuery('SELECT 1\nFROM `...')
#3 C:\xampp\htdocs\relacao2.0\system\Database\BaseBuilder.php(1455): CodeIgniter\Database\BaseConnection->query('SELECT 1\nFROM `...', Array, false)
#4 C:\xampp\htdocs\relacao2.0\system\Validation\Rules.php(142): CodeIgniter\Database\BaseBuilder->get()
#5 C:\xampp\htdocs\relacao2.0\system\Validation\Validation.php(292): CodeIgniter\Validation\Rules->is_unique('dhdfghgf', 'NOMESOFTWARE', Array, NULL)
#6 C:\xampp\htdocs\relacao2.0\system\Validation\Validation.php(157): CodeIgniter\Validation\Validation->processRules('NOMESOFTWARE', 'NOMESOFTWARE', 'dhdfghgf', Array, Array)
#7 C:\xampp\htdocs\relacao2.0\system\BaseModel.php(1347): CodeIgniter\Validation\Validation->run(Array, NULL, NULL)
#8 C:\xampp\htdocs\relacao2.0\system\BaseModel.php(707): CodeIgniter\BaseModel->validate(Array)
#9 C:\xampp\htdocs\relacao2.0\system\Model.php(625): CodeIgniter\BaseModel->insert(Array, true)
#10 C:\xampp\htdocs\relacao2.0\app\Controllers\Softwares.php(35): CodeIgniter\Model->insert(Array)
#11 C:\xampp\htdocs\relacao2.0\system\CodeIgniter.php(832): App\Controllers\Softwares->adicionar()
#12 C:\xampp\htdocs\relacao2.0\system\CodeIgniter.php(419): CodeIgniter\CodeIgniter->runController(Object(App\Controllers\Softwares))
#13 C:\xampp\htdocs\relacao2.0\system\CodeIgniter.php(326): CodeIgniter\CodeIgniter->handleRequest(NULL, Object(Config\Cache), false)
#14 C:\xampp\htdocs\relacao2.0\index.php(37): CodeIgniter\CodeIgniter->run()
#15 {main}
ERROR - 2022-03-28 13:32:29 --> Unknown column 'NOMESOFTWARE' in 'where clause'
CRITICAL - 2022-03-28 13:32:29 --> Unknown column 'NOMESOFTWARE' in 'where clause'
#0 C:\xampp\htdocs\relacao2.0\system\Database\MySQLi\Connection.php(292): mysqli->query('SELECT 1\nFROM `...', 0)
#1 C:\xampp\htdocs\relacao2.0\system\Database\BaseConnection.php(670): CodeIgniter\Database\MySQLi\Connection->execute('SELECT 1\nFROM `...')
#2 C:\xampp\htdocs\relacao2.0\system\Database\BaseConnection.php(598): CodeIgniter\Database\BaseConnection->simpleQuery('SELECT 1\nFROM `...')
#3 C:\xampp\htdocs\relacao2.0\system\Database\BaseBuilder.php(1455): CodeIgniter\Database\BaseConnection->query('SELECT 1\nFROM `...', Array, false)
#4 C:\xampp\htdocs\relacao2.0\system\Validation\Rules.php(142): CodeIgniter\Database\BaseBuilder->get()
#5 C:\xampp\htdocs\relacao2.0\system\Validation\Validation.php(292): CodeIgniter\Validation\Rules->is_unique('dhdfghgf', 'NOMESOFTWARE', Array, NULL)
#6 C:\xampp\htdocs\relacao2.0\system\Validation\Validation.php(157): CodeIgniter\Validation\Validation->processRules('NOMESOFTWARE', 'NOMESOFTWARE', 'dhdfghgf', Array, Array)
#7 C:\xampp\htdocs\relacao2.0\system\BaseModel.php(1347): CodeIgniter\Validation\Validation->run(Array, NULL, NULL)
#8 C:\xampp\htdocs\relacao2.0\system\BaseModel.php(707): CodeIgniter\BaseModel->validate(Array)
#9 C:\xampp\htdocs\relacao2.0\system\Model.php(625): CodeIgniter\BaseModel->insert(Array, true)
#10 C:\xampp\htdocs\relacao2.0\app\Controllers\Softwares.php(35): CodeIgniter\Model->insert(Array)
#11 C:\xampp\htdocs\relacao2.0\system\CodeIgniter.php(832): App\Controllers\Softwares->adicionar()
#12 C:\xampp\htdocs\relacao2.0\system\CodeIgniter.php(419): CodeIgniter\CodeIgniter->runController(Object(App\Controllers\Softwares))
#13 C:\xampp\htdocs\relacao2.0\system\CodeIgniter.php(326): CodeIgniter\CodeIgniter->handleRequest(NULL, Object(Config\Cache), false)
#14 C:\xampp\htdocs\relacao2.0\index.php(37): CodeIgniter\CodeIgniter->run()
#15 {main}
ERROR - 2022-03-28 13:32:34 --> Unknown column 'NOMESOFTWARE' in 'where clause'
CRITICAL - 2022-03-28 13:32:34 --> Unknown column 'NOMESOFTWARE' in 'where clause'
#0 C:\xampp\htdocs\relacao2.0\system\Database\MySQLi\Connection.php(292): mysqli->query('SELECT 1\nFROM `...', 0)
#1 C:\xampp\htdocs\relacao2.0\system\Database\BaseConnection.php(670): CodeIgniter\Database\MySQLi\Connection->execute('SELECT 1\nFROM `...')
#2 C:\xampp\htdocs\relacao2.0\system\Database\BaseConnection.php(598): CodeIgniter\Database\BaseConnection->simpleQuery('SELECT 1\nFROM `...')
#3 C:\xampp\htdocs\relacao2.0\system\Database\BaseBuilder.php(1455): CodeIgniter\Database\BaseConnection->query('SELECT 1\nFROM `...', Array, false)
#4 C:\xampp\htdocs\relacao2.0\system\Validation\Rules.php(142): CodeIgniter\Database\BaseBuilder->get()
#5 C:\xampp\htdocs\relacao2.0\system\Validation\Validation.php(292): CodeIgniter\Validation\Rules->is_unique('dhdfghgf', 'NOMESOFTWARE', Array, NULL)
#6 C:\xampp\htdocs\relacao2.0\system\Validation\Validation.php(157): CodeIgniter\Validation\Validation->processRules('NOMESOFTWARE', 'NOMESOFTWARE', 'dhdfghgf', Array, Array)
#7 C:\xampp\htdocs\relacao2.0\system\BaseModel.php(1347): CodeIgniter\Validation\Validation->run(Array, NULL, NULL)
#8 C:\xampp\htdocs\relacao2.0\system\BaseModel.php(707): CodeIgniter\BaseModel->validate(Array)
#9 C:\xampp\htdocs\relacao2.0\system\Model.php(625): CodeIgniter\BaseModel->insert(Array, true)
#10 C:\xampp\htdocs\relacao2.0\app\Controllers\Softwares.php(35): CodeIgniter\Model->insert(Array)
#11 C:\xampp\htdocs\relacao2.0\system\CodeIgniter.php(832): App\Controllers\Softwares->adicionar()
#12 C:\xampp\htdocs\relacao2.0\system\CodeIgniter.php(419): CodeIgniter\CodeIgniter->runController(Object(App\Controllers\Softwares))
#13 C:\xampp\htdocs\relacao2.0\system\CodeIgniter.php(326): CodeIgniter\CodeIgniter->handleRequest(NULL, Object(Config\Cache), false)
#14 C:\xampp\htdocs\relacao2.0\index.php(37): CodeIgniter\CodeIgniter->run()
#15 {main}
