CRITICAL - 2022-03-29 06:25:20 --> Undefined variable $selectServidores
#0 C:\xampp\htdocs\relacao2.0\app\Views\adicionarPonto.php(23): CodeIgniter\Debug\Exceptions->errorHandler(2, 'Undefined varia...', 'C:\\xampp\\htdocs...', 23)
#1 C:\xampp\htdocs\relacao2.0\system\View\View.php(210): include('C:\\xampp\\htdocs...')
#2 C:\xampp\htdocs\relacao2.0\system\View\View.php(213): CodeIgniter\View\View->CodeIgniter\View\{closure}()
#3 C:\xampp\htdocs\relacao2.0\system\Common.php(1089): CodeIgniter\View\View->render('adicionarPonto', Array, true)
#4 C:\xampp\htdocs\relacao2.0\app\Controllers\Pontos.php(34): view('adicionarPonto', Array)
#5 C:\xampp\htdocs\relacao2.0\system\CodeIgniter.php(832): App\Controllers\Pontos->index()
#6 C:\xampp\htdocs\relacao2.0\system\CodeIgniter.php(419): CodeIgniter\CodeIgniter->runController(Object(App\Controllers\Pontos))
#7 C:\xampp\htdocs\relacao2.0\system\CodeIgniter.php(326): CodeIgniter\CodeIgniter->handleRequest(NULL, Object(Config\Cache), false)
#8 C:\xampp\htdocs\relacao2.0\index.php(37): CodeIgniter\CodeIgniter->run()
#9 {main}
CRITICAL - 2022-03-29 08:47:14 --> Undefined variable $selectPontos
#0 C:\xampp\htdocs\relacao2.0\app\Views\adicionarPonto.php(36): CodeIgniter\Debug\Exceptions->errorHandler(2, 'Undefined varia...', 'C:\\xampp\\htdocs...', 36)
#1 C:\xampp\htdocs\relacao2.0\system\View\View.php(210): include('C:\\xampp\\htdocs...')
#2 C:\xampp\htdocs\relacao2.0\system\View\View.php(213): CodeIgniter\View\View->CodeIgniter\View\{closure}()
#3 C:\xampp\htdocs\relacao2.0\system\Common.php(1089): CodeIgniter\View\View->render('adicionarPonto', Array, true)
#4 C:\xampp\htdocs\relacao2.0\app\Controllers\Pontos.php(38): view('adicionarPonto', Array)
#5 C:\xampp\htdocs\relacao2.0\system\CodeIgniter.php(832): App\Controllers\Pontos->index()
#6 C:\xampp\htdocs\relacao2.0\system\CodeIgniter.php(419): CodeIgniter\CodeIgniter->runController(Object(App\Controllers\Pontos))
#7 C:\xampp\htdocs\relacao2.0\system\CodeIgniter.php(326): CodeIgniter\CodeIgniter->handleRequest(NULL, Object(Config\Cache), false)
#8 C:\xampp\htdocs\relacao2.0\index.php(37): CodeIgniter\CodeIgniter->run()
#9 {main}
CRITICAL - 2022-03-29 13:11:20 --> Invalid file: adicionarEquipamento.php
#0 C:\xampp\htdocs\relacao2.0\system\View\View.php(198): CodeIgniter\Exceptions\FrameworkException::forInvalidFile('adicionarEquipa...')
#1 C:\xampp\htdocs\relacao2.0\system\Common.php(1089): CodeIgniter\View\View->render('adicionarEquipa...', Array, true)
#2 C:\xampp\htdocs\relacao2.0\app\Controllers\Equipamentos.php(42): view('adicionarEquipa...', Array)
#3 C:\xampp\htdocs\relacao2.0\system\CodeIgniter.php(832): App\Controllers\Equipamentos->index()
#4 C:\xampp\htdocs\relacao2.0\system\CodeIgniter.php(419): CodeIgniter\CodeIgniter->runController(Object(App\Controllers\Equipamentos))
#5 C:\xampp\htdocs\relacao2.0\system\CodeIgniter.php(326): CodeIgniter\CodeIgniter->handleRequest(NULL, Object(Config\Cache), false)
#6 C:\xampp\htdocs\relacao2.0\index.php(37): CodeIgniter\CodeIgniter->run()
#7 {main}
CRITICAL - 2022-03-29 13:12:20 --> Invalid file: adicionarEquipamento.php
#0 C:\xampp\htdocs\relacao2.0\system\View\View.php(198): CodeIgniter\Exceptions\FrameworkException::forInvalidFile('adicionarEquipa...')
#1 C:\xampp\htdocs\relacao2.0\system\Common.php(1089): CodeIgniter\View\View->render('adicionarEquipa...', Array, true)
#2 C:\xampp\htdocs\relacao2.0\app\Controllers\Equipamentos.php(42): view('adicionarEquipa...', Array)
#3 C:\xampp\htdocs\relacao2.0\system\CodeIgniter.php(832): App\Controllers\Equipamentos->index()
#4 C:\xampp\htdocs\relacao2.0\system\CodeIgniter.php(419): CodeIgniter\CodeIgniter->runController(Object(App\Controllers\Equipamentos))
#5 C:\xampp\htdocs\relacao2.0\system\CodeIgniter.php(326): CodeIgniter\CodeIgniter->handleRequest(NULL, Object(Config\Cache), false)
#6 C:\xampp\htdocs\relacao2.0\index.php(37): CodeIgniter\CodeIgniter->run()
#7 {main}
CRITICAL - 2022-03-29 13:12:23 --> Invalid file: adicionarEquipamento.php
#0 C:\xampp\htdocs\relacao2.0\system\View\View.php(198): CodeIgniter\Exceptions\FrameworkException::forInvalidFile('adicionarEquipa...')
#1 C:\xampp\htdocs\relacao2.0\system\Common.php(1089): CodeIgniter\View\View->render('adicionarEquipa...', Array, true)
#2 C:\xampp\htdocs\relacao2.0\app\Controllers\Equipamentos.php(42): view('adicionarEquipa...', Array)
#3 C:\xampp\htdocs\relacao2.0\system\CodeIgniter.php(832): App\Controllers\Equipamentos->index()
#4 C:\xampp\htdocs\relacao2.0\system\CodeIgniter.php(419): CodeIgniter\CodeIgniter->runController(Object(App\Controllers\Equipamentos))
#5 C:\xampp\htdocs\relacao2.0\system\CodeIgniter.php(326): CodeIgniter\CodeIgniter->handleRequest(NULL, Object(Config\Cache), false)
#6 C:\xampp\htdocs\relacao2.0\index.php(37): CodeIgniter\CodeIgniter->run()
#7 {main}
CRITICAL - 2022-03-29 13:13:27 --> Undefined variable $selectPontos
#0 C:\xampp\htdocs\relacao2.0\app\Views\adicionarAps.php(22): CodeIgniter\Debug\Exceptions->errorHandler(2, 'Undefined varia...', 'C:\\xampp\\htdocs...', 22)
#1 C:\xampp\htdocs\relacao2.0\system\View\View.php(210): include('C:\\xampp\\htdocs...')
#2 C:\xampp\htdocs\relacao2.0\system\View\View.php(213): CodeIgniter\View\View->CodeIgniter\View\{closure}()
#3 C:\xampp\htdocs\relacao2.0\system\Common.php(1089): CodeIgniter\View\View->render('adicionarAps', Array, true)
#4 C:\xampp\htdocs\relacao2.0\app\Controllers\Equipamentos.php(42): view('adicionarAps', Array)
#5 C:\xampp\htdocs\relacao2.0\system\CodeIgniter.php(832): App\Controllers\Equipamentos->index()
#6 C:\xampp\htdocs\relacao2.0\system\CodeIgniter.php(419): CodeIgniter\CodeIgniter->runController(Object(App\Controllers\Equipamentos))
#7 C:\xampp\htdocs\relacao2.0\system\CodeIgniter.php(326): CodeIgniter\CodeIgniter->handleRequest(NULL, Object(Config\Cache), false)
#8 C:\xampp\htdocs\relacao2.0\index.php(37): CodeIgniter\CodeIgniter->run()
#9 {main}
CRITICAL - 2022-03-29 13:14:51 --> Undefined variable $selectCidades
#0 C:\xampp\htdocs\relacao2.0\app\Views\adicionarAps.php(32): CodeIgniter\Debug\Exceptions->errorHandler(2, 'Undefined varia...', 'C:\\xampp\\htdocs...', 32)
#1 C:\xampp\htdocs\relacao2.0\system\View\View.php(210): include('C:\\xampp\\htdocs...')
#2 C:\xampp\htdocs\relacao2.0\system\View\View.php(213): CodeIgniter\View\View->CodeIgniter\View\{closure}()
#3 C:\xampp\htdocs\relacao2.0\system\Common.php(1089): CodeIgniter\View\View->render('adicionarAps', Array, true)
#4 C:\xampp\htdocs\relacao2.0\app\Controllers\Equipamentos.php(46): view('adicionarAps', Array)
#5 C:\xampp\htdocs\relacao2.0\system\CodeIgniter.php(832): App\Controllers\Equipamentos->index()
#6 C:\xampp\htdocs\relacao2.0\system\CodeIgniter.php(419): CodeIgniter\CodeIgniter->runController(Object(App\Controllers\Equipamentos))
#7 C:\xampp\htdocs\relacao2.0\system\CodeIgniter.php(326): CodeIgniter\CodeIgniter->handleRequest(NULL, Object(Config\Cache), false)
#8 C:\xampp\htdocs\relacao2.0\index.php(37): CodeIgniter\CodeIgniter->run()
#9 {main}
CRITICAL - 2022-03-29 13:15:24 --> Undefined variable $selectSoftwares
#0 C:\xampp\htdocs\relacao2.0\app\Views\adicionarAps.php(42): CodeIgniter\Debug\Exceptions->errorHandler(2, 'Undefined varia...', 'C:\\xampp\\htdocs...', 42)
#1 C:\xampp\htdocs\relacao2.0\system\View\View.php(210): include('C:\\xampp\\htdocs...')
#2 C:\xampp\htdocs\relacao2.0\system\View\View.php(213): CodeIgniter\View\View->CodeIgniter\View\{closure}()
#3 C:\xampp\htdocs\relacao2.0\system\Common.php(1089): CodeIgniter\View\View->render('adicionarAps', Array, true)
#4 C:\xampp\htdocs\relacao2.0\app\Controllers\Equipamentos.php(50): view('adicionarAps', Array)
#5 C:\xampp\htdocs\relacao2.0\system\CodeIgniter.php(832): App\Controllers\Equipamentos->index()
#6 C:\xampp\htdocs\relacao2.0\system\CodeIgniter.php(419): CodeIgniter\CodeIgniter->runController(Object(App\Controllers\Equipamentos))
#7 C:\xampp\htdocs\relacao2.0\system\CodeIgniter.php(326): CodeIgniter\CodeIgniter->handleRequest(NULL, Object(Config\Cache), false)
#8 C:\xampp\htdocs\relacao2.0\index.php(37): CodeIgniter\CodeIgniter->run()
#9 {main}
CRITICAL - 2022-03-29 13:15:55 --> Undefined property: stdClass::$IDCIDADE
#0 C:\xampp\htdocs\relacao2.0\app\Views\adicionarAps.php(33): CodeIgniter\Debug\Exceptions->errorHandler(2, 'Undefined prope...', 'C:\\xampp\\htdocs...', 33)
#1 C:\xampp\htdocs\relacao2.0\system\View\View.php(210): include('C:\\xampp\\htdocs...')
#2 C:\xampp\htdocs\relacao2.0\system\View\View.php(213): CodeIgniter\View\View->CodeIgniter\View\{closure}()
#3 C:\xampp\htdocs\relacao2.0\system\Common.php(1089): CodeIgniter\View\View->render('adicionarAps', Array, true)
#4 C:\xampp\htdocs\relacao2.0\app\Controllers\Equipamentos.php(54): view('adicionarAps', Array)
#5 C:\xampp\htdocs\relacao2.0\system\CodeIgniter.php(832): App\Controllers\Equipamentos->index()
#6 C:\xampp\htdocs\relacao2.0\system\CodeIgniter.php(419): CodeIgniter\CodeIgniter->runController(Object(App\Controllers\Equipamentos))
#7 C:\xampp\htdocs\relacao2.0\system\CodeIgniter.php(326): CodeIgniter\CodeIgniter->handleRequest(NULL, Object(Config\Cache), false)
#8 C:\xampp\htdocs\relacao2.0\index.php(37): CodeIgniter\CodeIgniter->run()
#9 {main}
CRITICAL - 2022-03-29 13:16:55 --> Undefined property: stdClass::$IDCIDADE
#0 C:\xampp\htdocs\relacao2.0\app\Views\adicionarAps.php(33): CodeIgniter\Debug\Exceptions->errorHandler(2, 'Undefined prope...', 'C:\\xampp\\htdocs...', 33)
#1 C:\xampp\htdocs\relacao2.0\system\View\View.php(210): include('C:\\xampp\\htdocs...')
#2 C:\xampp\htdocs\relacao2.0\system\View\View.php(213): CodeIgniter\View\View->CodeIgniter\View\{closure}()
#3 C:\xampp\htdocs\relacao2.0\system\Common.php(1089): CodeIgniter\View\View->render('adicionarAps', Array, true)
#4 C:\xampp\htdocs\relacao2.0\app\Controllers\Equipamentos.php(54): view('adicionarAps', Array)
#5 C:\xampp\htdocs\relacao2.0\system\CodeIgniter.php(832): App\Controllers\Equipamentos->index()
#6 C:\xampp\htdocs\relacao2.0\system\CodeIgniter.php(419): CodeIgniter\CodeIgniter->runController(Object(App\Controllers\Equipamentos))
#7 C:\xampp\htdocs\relacao2.0\system\CodeIgniter.php(326): CodeIgniter\CodeIgniter->handleRequest(NULL, Object(Config\Cache), false)
#8 C:\xampp\htdocs\relacao2.0\index.php(37): CodeIgniter\CodeIgniter->run()
#9 {main}
CRITICAL - 2022-03-29 13:16:56 --> Undefined property: stdClass::$IDCIDADE
#0 C:\xampp\htdocs\relacao2.0\app\Views\adicionarAps.php(33): CodeIgniter\Debug\Exceptions->errorHandler(2, 'Undefined prope...', 'C:\\xampp\\htdocs...', 33)
#1 C:\xampp\htdocs\relacao2.0\system\View\View.php(210): include('C:\\xampp\\htdocs...')
#2 C:\xampp\htdocs\relacao2.0\system\View\View.php(213): CodeIgniter\View\View->CodeIgniter\View\{closure}()
#3 C:\xampp\htdocs\relacao2.0\system\Common.php(1089): CodeIgniter\View\View->render('adicionarAps', Array, true)
#4 C:\xampp\htdocs\relacao2.0\app\Controllers\Equipamentos.php(54): view('adicionarAps', Array)
#5 C:\xampp\htdocs\relacao2.0\system\CodeIgniter.php(832): App\Controllers\Equipamentos->index()
#6 C:\xampp\htdocs\relacao2.0\system\CodeIgniter.php(419): CodeIgniter\CodeIgniter->runController(Object(App\Controllers\Equipamentos))
#7 C:\xampp\htdocs\relacao2.0\system\CodeIgniter.php(326): CodeIgniter\CodeIgniter->handleRequest(NULL, Object(Config\Cache), false)
#8 C:\xampp\htdocs\relacao2.0\index.php(37): CodeIgniter\CodeIgniter->run()
#9 {main}
CRITICAL - 2022-03-29 13:16:58 --> Undefined property: stdClass::$IDCIDADE
#0 C:\xampp\htdocs\relacao2.0\app\Views\adicionarAps.php(33): CodeIgniter\Debug\Exceptions->errorHandler(2, 'Undefined prope...', 'C:\\xampp\\htdocs...', 33)
#1 C:\xampp\htdocs\relacao2.0\system\View\View.php(210): include('C:\\xampp\\htdocs...')
#2 C:\xampp\htdocs\relacao2.0\system\View\View.php(213): CodeIgniter\View\View->CodeIgniter\View\{closure}()
#3 C:\xampp\htdocs\relacao2.0\system\Common.php(1089): CodeIgniter\View\View->render('adicionarAps', Array, true)
#4 C:\xampp\htdocs\relacao2.0\app\Controllers\Equipamentos.php(54): view('adicionarAps', Array)
#5 C:\xampp\htdocs\relacao2.0\system\CodeIgniter.php(832): App\Controllers\Equipamentos->index()
#6 C:\xampp\htdocs\relacao2.0\system\CodeIgniter.php(419): CodeIgniter\CodeIgniter->runController(Object(App\Controllers\Equipamentos))
#7 C:\xampp\htdocs\relacao2.0\system\CodeIgniter.php(326): CodeIgniter\CodeIgniter->handleRequest(NULL, Object(Config\Cache), false)
#8 C:\xampp\htdocs\relacao2.0\index.php(37): CodeIgniter\CodeIgniter->run()
#9 {main}
CRITICAL - 2022-03-29 13:19:31 --> Undefined variable $selectModelos
#0 C:\xampp\htdocs\relacao2.0\app\Views\adicionarAps.php(52): CodeIgniter\Debug\Exceptions->errorHandler(2, 'Undefined varia...', 'C:\\xampp\\htdocs...', 52)
#1 C:\xampp\htdocs\relacao2.0\system\View\View.php(210): include('C:\\xampp\\htdocs...')
#2 C:\xampp\htdocs\relacao2.0\system\View\View.php(213): CodeIgniter\View\View->CodeIgniter\View\{closure}()
#3 C:\xampp\htdocs\relacao2.0\system\Common.php(1089): CodeIgniter\View\View->render('adicionarAps', Array, true)
#4 C:\xampp\htdocs\relacao2.0\app\Controllers\Equipamentos.php(54): view('adicionarAps', Array)
#5 C:\xampp\htdocs\relacao2.0\system\CodeIgniter.php(832): App\Controllers\Equipamentos->index()
#6 C:\xampp\htdocs\relacao2.0\system\CodeIgniter.php(419): CodeIgniter\CodeIgniter->runController(Object(App\Controllers\Equipamentos))
#7 C:\xampp\htdocs\relacao2.0\system\CodeIgniter.php(326): CodeIgniter\CodeIgniter->handleRequest(NULL, Object(Config\Cache), false)
#8 C:\xampp\htdocs\relacao2.0\index.php(37): CodeIgniter\CodeIgniter->run()
#9 {main}
CRITICAL - 2022-03-29 13:20:04 --> Undefined property: stdClass::$IDMODELO
#0 C:\xampp\htdocs\relacao2.0\app\Views\adicionarAps.php(53): CodeIgniter\Debug\Exceptions->errorHandler(2, 'Undefined prope...', 'C:\\xampp\\htdocs...', 53)
#1 C:\xampp\htdocs\relacao2.0\system\View\View.php(210): include('C:\\xampp\\htdocs...')
#2 C:\xampp\htdocs\relacao2.0\system\View\View.php(213): CodeIgniter\View\View->CodeIgniter\View\{closure}()
#3 C:\xampp\htdocs\relacao2.0\system\Common.php(1089): CodeIgniter\View\View->render('adicionarAps', Array, true)
#4 C:\xampp\htdocs\relacao2.0\app\Controllers\Equipamentos.php(58): view('adicionarAps', Array)
#5 C:\xampp\htdocs\relacao2.0\system\CodeIgniter.php(832): App\Controllers\Equipamentos->index()
#6 C:\xampp\htdocs\relacao2.0\system\CodeIgniter.php(419): CodeIgniter\CodeIgniter->runController(Object(App\Controllers\Equipamentos))
#7 C:\xampp\htdocs\relacao2.0\system\CodeIgniter.php(326): CodeIgniter\CodeIgniter->handleRequest(NULL, Object(Config\Cache), false)
#8 C:\xampp\htdocs\relacao2.0\index.php(37): CodeIgniter\CodeIgniter->run()
#9 {main}
CRITICAL - 2022-03-29 13:20:16 --> Undefined variable $selectModos
#0 C:\xampp\htdocs\relacao2.0\app\Views\adicionarAps.php(62): CodeIgniter\Debug\Exceptions->errorHandler(2, 'Undefined varia...', 'C:\\xampp\\htdocs...', 62)
#1 C:\xampp\htdocs\relacao2.0\system\View\View.php(210): include('C:\\xampp\\htdocs...')
#2 C:\xampp\htdocs\relacao2.0\system\View\View.php(213): CodeIgniter\View\View->CodeIgniter\View\{closure}()
#3 C:\xampp\htdocs\relacao2.0\system\Common.php(1089): CodeIgniter\View\View->render('adicionarAps', Array, true)
#4 C:\xampp\htdocs\relacao2.0\app\Controllers\Equipamentos.php(58): view('adicionarAps', Array)
#5 C:\xampp\htdocs\relacao2.0\system\CodeIgniter.php(832): App\Controllers\Equipamentos->index()
#6 C:\xampp\htdocs\relacao2.0\system\CodeIgniter.php(419): CodeIgniter\CodeIgniter->runController(Object(App\Controllers\Equipamentos))
#7 C:\xampp\htdocs\relacao2.0\system\CodeIgniter.php(326): CodeIgniter\CodeIgniter->handleRequest(NULL, Object(Config\Cache), false)
#8 C:\xampp\htdocs\relacao2.0\index.php(37): CodeIgniter\CodeIgniter->run()
#9 {main}
