ERROR - 2022-04-12 07:46:14 --> Error connecting to the database: Nenhuma conexão pôde ser feita porque a máquina de destino as recusou ativamente
CRITICAL - 2022-04-12 07:46:14 --> Unable to connect to the database.
Main connection [MySQLi]: Nenhuma conexão pôde ser feita porque a máquina de destino as recusou ativamente
#0 C:\xampp\htdocs\relacao2.0\system\Database\BaseConnection.php(577): CodeIgniter\Database\BaseConnection->initialize()
#1 C:\xampp\htdocs\relacao2.0\system\Database\BaseBuilder.php(1455): CodeIgniter\Database\BaseConnection->query('SELECT *\nFROM `...', Array, false)
#2 C:\xampp\htdocs\relacao2.0\system\Model.php(210): CodeIgniter\Database\BaseBuilder->get()
#3 C:\xampp\htdocs\relacao2.0\system\BaseModel.php(622): CodeIgniter\Model->doFirst()
#4 C:\xampp\htdocs\relacao2.0\app\Models\UsuariosModel.php(14): CodeIgniter\BaseModel->first()
#5 C:\xampp\htdocs\relacao2.0\app\Controllers\Usuarios.php(31): App\Models\UsuariosModel->getByNome('isadmin')
#6 C:\xampp\htdocs\relacao2.0\system\CodeIgniter.php(832): App\Controllers\Usuarios->signIn()
#7 C:\xampp\htdocs\relacao2.0\system\CodeIgniter.php(419): CodeIgniter\CodeIgniter->runController(Object(App\Controllers\Usuarios))
#8 C:\xampp\htdocs\relacao2.0\system\CodeIgniter.php(326): CodeIgniter\CodeIgniter->handleRequest(NULL, Object(Config\Cache), false)
#9 C:\xampp\htdocs\relacao2.0\index.php(37): CodeIgniter\CodeIgniter->run()
#10 {main}
ERROR - 2022-04-12 08:59:30 --> Cannot add or update a child row: a foreign key constraint fails (`relacao`.`ponto`, CONSTRAINT `ID_SERVIDOR` FOREIGN KEY (`SERVIDORPONTO`) REFERENCES `servidor` (`IDSERVIDOR`))
CRITICAL - 2022-04-12 08:59:30 --> Cannot add or update a child row: a foreign key constraint fails (`relacao`.`ponto`, CONSTRAINT `ID_SERVIDOR` FOREIGN KEY (`SERVIDORPONTO`) REFERENCES `servidor` (`IDSERVIDOR`))
#0 C:\xampp\htdocs\relacao2.0\system\Database\MySQLi\Connection.php(292): mysqli->query('INSERT INTO `po...', 0)
#1 C:\xampp\htdocs\relacao2.0\system\Database\BaseConnection.php(670): CodeIgniter\Database\MySQLi\Connection->execute('INSERT INTO `po...')
#2 C:\xampp\htdocs\relacao2.0\system\Database\BaseConnection.php(598): CodeIgniter\Database\BaseConnection->simpleQuery('INSERT INTO `po...')
#3 C:\xampp\htdocs\relacao2.0\system\Database\BaseBuilder.php(1771): CodeIgniter\Database\BaseConnection->query('INSERT INTO `po...', Array, false)
#4 C:\xampp\htdocs\relacao2.0\system\Model.php(239): CodeIgniter\Database\BaseBuilder->insert()
#5 C:\xampp\htdocs\relacao2.0\system\BaseModel.php(738): CodeIgniter\Model->doInsert(Array)
#6 C:\xampp\htdocs\relacao2.0\system\Model.php(625): CodeIgniter\BaseModel->insert(Array, true)
#7 C:\xampp\htdocs\relacao2.0\app\Controllers\Pontos.php(28): CodeIgniter\Model->insert(Array)
#8 C:\xampp\htdocs\relacao2.0\system\CodeIgniter.php(832): App\Controllers\Pontos->adicionar()
#9 C:\xampp\htdocs\relacao2.0\system\CodeIgniter.php(419): CodeIgniter\CodeIgniter->runController(Object(App\Controllers\Pontos))
#10 C:\xampp\htdocs\relacao2.0\system\CodeIgniter.php(326): CodeIgniter\CodeIgniter->handleRequest(NULL, Object(Config\Cache), false)
#11 C:\xampp\htdocs\relacao2.0\index.php(37): CodeIgniter\CodeIgniter->run()
#12 {main}
ERROR - 2022-04-12 09:36:17 --> Cannot add or update a child row: a foreign key constraint fails (`relacao`.`equipamento`, CONSTRAINT `ID_MODO` FOREIGN KEY (`MODOEQUIPAMENTO`) REFERENCES `modo` (`IDMODO`))
CRITICAL - 2022-04-12 09:36:17 --> Cannot add or update a child row: a foreign key constraint fails (`relacao`.`equipamento`, CONSTRAINT `ID_MODO` FOREIGN KEY (`MODOEQUIPAMENTO`) REFERENCES `modo` (`IDMODO`))
#0 C:\xampp\htdocs\relacao2.0\system\Database\MySQLi\Connection.php(292): mysqli->query('INSERT INTO `eq...', 0)
#1 C:\xampp\htdocs\relacao2.0\system\Database\BaseConnection.php(670): CodeIgniter\Database\MySQLi\Connection->execute('INSERT INTO `eq...')
#2 C:\xampp\htdocs\relacao2.0\system\Database\BaseConnection.php(598): CodeIgniter\Database\BaseConnection->simpleQuery('INSERT INTO `eq...')
#3 C:\xampp\htdocs\relacao2.0\system\Database\BaseBuilder.php(1771): CodeIgniter\Database\BaseConnection->query('INSERT INTO `eq...', Array, false)
#4 C:\xampp\htdocs\relacao2.0\system\Model.php(239): CodeIgniter\Database\BaseBuilder->insert()
#5 C:\xampp\htdocs\relacao2.0\system\BaseModel.php(738): CodeIgniter\Model->doInsert(Array)
#6 C:\xampp\htdocs\relacao2.0\system\Model.php(625): CodeIgniter\BaseModel->insert(Array, true)
#7 C:\xampp\htdocs\relacao2.0\app\Controllers\Equipamentos.php(27): CodeIgniter\Model->insert(Array)
#8 C:\xampp\htdocs\relacao2.0\system\CodeIgniter.php(832): App\Controllers\Equipamentos->adicionar()
#9 C:\xampp\htdocs\relacao2.0\system\CodeIgniter.php(419): CodeIgniter\CodeIgniter->runController(Object(App\Controllers\Equipamentos))
#10 C:\xampp\htdocs\relacao2.0\system\CodeIgniter.php(326): CodeIgniter\CodeIgniter->handleRequest(NULL, Object(Config\Cache), false)
#11 C:\xampp\htdocs\relacao2.0\index.php(37): CodeIgniter\CodeIgniter->run()
#12 {main}
ERROR - 2022-04-12 09:37:58 --> Cannot add or update a child row: a foreign key constraint fails (`relacao`.`equipamento`, CONSTRAINT `ID_MODO` FOREIGN KEY (`MODOEQUIPAMENTO`) REFERENCES `modo` (`IDMODO`))
CRITICAL - 2022-04-12 09:37:58 --> Cannot add or update a child row: a foreign key constraint fails (`relacao`.`equipamento`, CONSTRAINT `ID_MODO` FOREIGN KEY (`MODOEQUIPAMENTO`) REFERENCES `modo` (`IDMODO`))
#0 C:\xampp\htdocs\relacao2.0\system\Database\MySQLi\Connection.php(292): mysqli->query('INSERT INTO `eq...', 0)
#1 C:\xampp\htdocs\relacao2.0\system\Database\BaseConnection.php(670): CodeIgniter\Database\MySQLi\Connection->execute('INSERT INTO `eq...')
#2 C:\xampp\htdocs\relacao2.0\system\Database\BaseConnection.php(598): CodeIgniter\Database\BaseConnection->simpleQuery('INSERT INTO `eq...')
#3 C:\xampp\htdocs\relacao2.0\system\Database\BaseBuilder.php(1771): CodeIgniter\Database\BaseConnection->query('INSERT INTO `eq...', Array, false)
#4 C:\xampp\htdocs\relacao2.0\system\Model.php(239): CodeIgniter\Database\BaseBuilder->insert()
#5 C:\xampp\htdocs\relacao2.0\system\BaseModel.php(738): CodeIgniter\Model->doInsert(Array)
#6 C:\xampp\htdocs\relacao2.0\system\Model.php(625): CodeIgniter\BaseModel->insert(Array, true)
#7 C:\xampp\htdocs\relacao2.0\app\Controllers\Equipamentos.php(27): CodeIgniter\Model->insert(Array)
#8 C:\xampp\htdocs\relacao2.0\system\CodeIgniter.php(832): App\Controllers\Equipamentos->adicionar()
#9 C:\xampp\htdocs\relacao2.0\system\CodeIgniter.php(419): CodeIgniter\CodeIgniter->runController(Object(App\Controllers\Equipamentos))
#10 C:\xampp\htdocs\relacao2.0\system\CodeIgniter.php(326): CodeIgniter\CodeIgniter->handleRequest(NULL, Object(Config\Cache), false)
#11 C:\xampp\htdocs\relacao2.0\index.php(37): CodeIgniter\CodeIgniter->run()
#12 {main}
ERROR - 2022-04-12 09:38:01 --> Cannot add or update a child row: a foreign key constraint fails (`relacao`.`equipamento`, CONSTRAINT `ID_MODO` FOREIGN KEY (`MODOEQUIPAMENTO`) REFERENCES `modo` (`IDMODO`))
CRITICAL - 2022-04-12 09:38:01 --> Cannot add or update a child row: a foreign key constraint fails (`relacao`.`equipamento`, CONSTRAINT `ID_MODO` FOREIGN KEY (`MODOEQUIPAMENTO`) REFERENCES `modo` (`IDMODO`))
#0 C:\xampp\htdocs\relacao2.0\system\Database\MySQLi\Connection.php(292): mysqli->query('INSERT INTO `eq...', 0)
#1 C:\xampp\htdocs\relacao2.0\system\Database\BaseConnection.php(670): CodeIgniter\Database\MySQLi\Connection->execute('INSERT INTO `eq...')
#2 C:\xampp\htdocs\relacao2.0\system\Database\BaseConnection.php(598): CodeIgniter\Database\BaseConnection->simpleQuery('INSERT INTO `eq...')
#3 C:\xampp\htdocs\relacao2.0\system\Database\BaseBuilder.php(1771): CodeIgniter\Database\BaseConnection->query('INSERT INTO `eq...', Array, false)
#4 C:\xampp\htdocs\relacao2.0\system\Model.php(239): CodeIgniter\Database\BaseBuilder->insert()
#5 C:\xampp\htdocs\relacao2.0\system\BaseModel.php(738): CodeIgniter\Model->doInsert(Array)
#6 C:\xampp\htdocs\relacao2.0\system\Model.php(625): CodeIgniter\BaseModel->insert(Array, true)
#7 C:\xampp\htdocs\relacao2.0\app\Controllers\Equipamentos.php(27): CodeIgniter\Model->insert(Array)
#8 C:\xampp\htdocs\relacao2.0\system\CodeIgniter.php(832): App\Controllers\Equipamentos->adicionar()
#9 C:\xampp\htdocs\relacao2.0\system\CodeIgniter.php(419): CodeIgniter\CodeIgniter->runController(Object(App\Controllers\Equipamentos))
#10 C:\xampp\htdocs\relacao2.0\system\CodeIgniter.php(326): CodeIgniter\CodeIgniter->handleRequest(NULL, Object(Config\Cache), false)
#11 C:\xampp\htdocs\relacao2.0\index.php(37): CodeIgniter\CodeIgniter->run()
#12 {main}
ERROR - 2022-04-12 09:38:17 --> Cannot add or update a child row: a foreign key constraint fails (`relacao`.`equipamento`, CONSTRAINT `ID_MODO` FOREIGN KEY (`MODOEQUIPAMENTO`) REFERENCES `modo` (`IDMODO`))
CRITICAL - 2022-04-12 09:38:17 --> Cannot add or update a child row: a foreign key constraint fails (`relacao`.`equipamento`, CONSTRAINT `ID_MODO` FOREIGN KEY (`MODOEQUIPAMENTO`) REFERENCES `modo` (`IDMODO`))
#0 C:\xampp\htdocs\relacao2.0\system\Database\MySQLi\Connection.php(292): mysqli->query('INSERT INTO `eq...', 0)
#1 C:\xampp\htdocs\relacao2.0\system\Database\BaseConnection.php(670): CodeIgniter\Database\MySQLi\Connection->execute('INSERT INTO `eq...')
#2 C:\xampp\htdocs\relacao2.0\system\Database\BaseConnection.php(598): CodeIgniter\Database\BaseConnection->simpleQuery('INSERT INTO `eq...')
#3 C:\xampp\htdocs\relacao2.0\system\Database\BaseBuilder.php(1771): CodeIgniter\Database\BaseConnection->query('INSERT INTO `eq...', Array, false)
#4 C:\xampp\htdocs\relacao2.0\system\Model.php(239): CodeIgniter\Database\BaseBuilder->insert()
#5 C:\xampp\htdocs\relacao2.0\system\BaseModel.php(738): CodeIgniter\Model->doInsert(Array)
#6 C:\xampp\htdocs\relacao2.0\system\Model.php(625): CodeIgniter\BaseModel->insert(Array, true)
#7 C:\xampp\htdocs\relacao2.0\app\Controllers\Equipamentos.php(27): CodeIgniter\Model->insert(Array)
#8 C:\xampp\htdocs\relacao2.0\system\CodeIgniter.php(832): App\Controllers\Equipamentos->adicionar()
#9 C:\xampp\htdocs\relacao2.0\system\CodeIgniter.php(419): CodeIgniter\CodeIgniter->runController(Object(App\Controllers\Equipamentos))
#10 C:\xampp\htdocs\relacao2.0\system\CodeIgniter.php(326): CodeIgniter\CodeIgniter->handleRequest(NULL, Object(Config\Cache), false)
#11 C:\xampp\htdocs\relacao2.0\index.php(37): CodeIgniter\CodeIgniter->run()
#12 {main}
ERROR - 2022-04-12 10:06:22 --> Cannot add or update a child row: a foreign key constraint fails (`relacao`.`equipamento`, CONSTRAINT `ID_MODO` FOREIGN KEY (`MODOEQUIPAMENTO`) REFERENCES `modo` (`IDMODO`))
CRITICAL - 2022-04-12 10:06:22 --> Cannot add or update a child row: a foreign key constraint fails (`relacao`.`equipamento`, CONSTRAINT `ID_MODO` FOREIGN KEY (`MODOEQUIPAMENTO`) REFERENCES `modo` (`IDMODO`))
#0 C:\xampp\htdocs\relacao2.0\system\Database\MySQLi\Connection.php(292): mysqli->query('INSERT INTO `eq...', 0)
#1 C:\xampp\htdocs\relacao2.0\system\Database\BaseConnection.php(670): CodeIgniter\Database\MySQLi\Connection->execute('INSERT INTO `eq...')
#2 C:\xampp\htdocs\relacao2.0\system\Database\BaseConnection.php(598): CodeIgniter\Database\BaseConnection->simpleQuery('INSERT INTO `eq...')
#3 C:\xampp\htdocs\relacao2.0\system\Database\BaseBuilder.php(1771): CodeIgniter\Database\BaseConnection->query('INSERT INTO `eq...', Array, false)
#4 C:\xampp\htdocs\relacao2.0\system\Model.php(239): CodeIgniter\Database\BaseBuilder->insert()
#5 C:\xampp\htdocs\relacao2.0\system\BaseModel.php(738): CodeIgniter\Model->doInsert(Array)
#6 C:\xampp\htdocs\relacao2.0\system\Model.php(625): CodeIgniter\BaseModel->insert(Array, true)
#7 C:\xampp\htdocs\relacao2.0\app\Controllers\Equipamentos.php(27): CodeIgniter\Model->insert(Array)
#8 C:\xampp\htdocs\relacao2.0\system\CodeIgniter.php(832): App\Controllers\Equipamentos->adicionar()
#9 C:\xampp\htdocs\relacao2.0\system\CodeIgniter.php(419): CodeIgniter\CodeIgniter->runController(Object(App\Controllers\Equipamentos))
#10 C:\xampp\htdocs\relacao2.0\system\CodeIgniter.php(326): CodeIgniter\CodeIgniter->handleRequest(NULL, Object(Config\Cache), false)
#11 C:\xampp\htdocs\relacao2.0\index.php(37): CodeIgniter\CodeIgniter->run()
#12 {main}
ERROR - 2022-04-12 10:08:34 --> Cannot add or update a child row: a foreign key constraint fails (`relacao`.`equipamento`, CONSTRAINT `ID_MODO` FOREIGN KEY (`MODOEQUIPAMENTO`) REFERENCES `modo` (`IDMODO`))
CRITICAL - 2022-04-12 10:08:34 --> Cannot add or update a child row: a foreign key constraint fails (`relacao`.`equipamento`, CONSTRAINT `ID_MODO` FOREIGN KEY (`MODOEQUIPAMENTO`) REFERENCES `modo` (`IDMODO`))
#0 C:\xampp\htdocs\relacao2.0\system\Database\MySQLi\Connection.php(292): mysqli->query('INSERT INTO `eq...', 0)
#1 C:\xampp\htdocs\relacao2.0\system\Database\BaseConnection.php(670): CodeIgniter\Database\MySQLi\Connection->execute('INSERT INTO `eq...')
#2 C:\xampp\htdocs\relacao2.0\system\Database\BaseConnection.php(598): CodeIgniter\Database\BaseConnection->simpleQuery('INSERT INTO `eq...')
#3 C:\xampp\htdocs\relacao2.0\system\Database\BaseBuilder.php(1771): CodeIgniter\Database\BaseConnection->query('INSERT INTO `eq...', Array, false)
#4 C:\xampp\htdocs\relacao2.0\system\Model.php(239): CodeIgniter\Database\BaseBuilder->insert()
#5 C:\xampp\htdocs\relacao2.0\system\BaseModel.php(738): CodeIgniter\Model->doInsert(Array)
#6 C:\xampp\htdocs\relacao2.0\system\Model.php(625): CodeIgniter\BaseModel->insert(Array, true)
#7 C:\xampp\htdocs\relacao2.0\app\Controllers\Equipamentos.php(27): CodeIgniter\Model->insert(Array)
#8 C:\xampp\htdocs\relacao2.0\system\CodeIgniter.php(832): App\Controllers\Equipamentos->adicionar()
#9 C:\xampp\htdocs\relacao2.0\system\CodeIgniter.php(419): CodeIgniter\CodeIgniter->runController(Object(App\Controllers\Equipamentos))
#10 C:\xampp\htdocs\relacao2.0\system\CodeIgniter.php(326): CodeIgniter\CodeIgniter->handleRequest(NULL, Object(Config\Cache), false)
#11 C:\xampp\htdocs\relacao2.0\index.php(37): CodeIgniter\CodeIgniter->run()
#12 {main}
ERROR - 2022-04-12 10:08:37 --> Cannot add or update a child row: a foreign key constraint fails (`relacao`.`equipamento`, CONSTRAINT `ID_MODO` FOREIGN KEY (`MODOEQUIPAMENTO`) REFERENCES `modo` (`IDMODO`))
CRITICAL - 2022-04-12 10:08:37 --> Cannot add or update a child row: a foreign key constraint fails (`relacao`.`equipamento`, CONSTRAINT `ID_MODO` FOREIGN KEY (`MODOEQUIPAMENTO`) REFERENCES `modo` (`IDMODO`))
#0 C:\xampp\htdocs\relacao2.0\system\Database\MySQLi\Connection.php(292): mysqli->query('INSERT INTO `eq...', 0)
#1 C:\xampp\htdocs\relacao2.0\system\Database\BaseConnection.php(670): CodeIgniter\Database\MySQLi\Connection->execute('INSERT INTO `eq...')
#2 C:\xampp\htdocs\relacao2.0\system\Database\BaseConnection.php(598): CodeIgniter\Database\BaseConnection->simpleQuery('INSERT INTO `eq...')
#3 C:\xampp\htdocs\relacao2.0\system\Database\BaseBuilder.php(1771): CodeIgniter\Database\BaseConnection->query('INSERT INTO `eq...', Array, false)
#4 C:\xampp\htdocs\relacao2.0\system\Model.php(239): CodeIgniter\Database\BaseBuilder->insert()
#5 C:\xampp\htdocs\relacao2.0\system\BaseModel.php(738): CodeIgniter\Model->doInsert(Array)
#6 C:\xampp\htdocs\relacao2.0\system\Model.php(625): CodeIgniter\BaseModel->insert(Array, true)
#7 C:\xampp\htdocs\relacao2.0\app\Controllers\Equipamentos.php(27): CodeIgniter\Model->insert(Array)
#8 C:\xampp\htdocs\relacao2.0\system\CodeIgniter.php(832): App\Controllers\Equipamentos->adicionar()
#9 C:\xampp\htdocs\relacao2.0\system\CodeIgniter.php(419): CodeIgniter\CodeIgniter->runController(Object(App\Controllers\Equipamentos))
#10 C:\xampp\htdocs\relacao2.0\system\CodeIgniter.php(326): CodeIgniter\CodeIgniter->handleRequest(NULL, Object(Config\Cache), false)
#11 C:\xampp\htdocs\relacao2.0\index.php(37): CodeIgniter\CodeIgniter->run()
#12 {main}
ERROR - 2022-04-12 10:09:22 --> Cannot add or update a child row: a foreign key constraint fails (`relacao`.`equipamento`, CONSTRAINT `ID_MODO` FOREIGN KEY (`MODOEQUIPAMENTO`) REFERENCES `modo` (`IDMODO`))
CRITICAL - 2022-04-12 10:09:22 --> Cannot add or update a child row: a foreign key constraint fails (`relacao`.`equipamento`, CONSTRAINT `ID_MODO` FOREIGN KEY (`MODOEQUIPAMENTO`) REFERENCES `modo` (`IDMODO`))
#0 C:\xampp\htdocs\relacao2.0\system\Database\MySQLi\Connection.php(292): mysqli->query('INSERT INTO `eq...', 0)
#1 C:\xampp\htdocs\relacao2.0\system\Database\BaseConnection.php(670): CodeIgniter\Database\MySQLi\Connection->execute('INSERT INTO `eq...')
#2 C:\xampp\htdocs\relacao2.0\system\Database\BaseConnection.php(598): CodeIgniter\Database\BaseConnection->simpleQuery('INSERT INTO `eq...')
#3 C:\xampp\htdocs\relacao2.0\system\Database\BaseBuilder.php(1771): CodeIgniter\Database\BaseConnection->query('INSERT INTO `eq...', Array, false)
#4 C:\xampp\htdocs\relacao2.0\system\Model.php(239): CodeIgniter\Database\BaseBuilder->insert()
#5 C:\xampp\htdocs\relacao2.0\system\BaseModel.php(738): CodeIgniter\Model->doInsert(Array)
#6 C:\xampp\htdocs\relacao2.0\system\Model.php(625): CodeIgniter\BaseModel->insert(Array, true)
#7 C:\xampp\htdocs\relacao2.0\app\Controllers\Equipamentos.php(27): CodeIgniter\Model->insert(Array)
#8 C:\xampp\htdocs\relacao2.0\system\CodeIgniter.php(832): App\Controllers\Equipamentos->adicionar()
#9 C:\xampp\htdocs\relacao2.0\system\CodeIgniter.php(419): CodeIgniter\CodeIgniter->runController(Object(App\Controllers\Equipamentos))
#10 C:\xampp\htdocs\relacao2.0\system\CodeIgniter.php(326): CodeIgniter\CodeIgniter->handleRequest(NULL, Object(Config\Cache), false)
#11 C:\xampp\htdocs\relacao2.0\index.php(37): CodeIgniter\CodeIgniter->run()
#12 {main}
ERROR - 2022-04-12 10:09:26 --> Cannot add or update a child row: a foreign key constraint fails (`relacao`.`equipamento`, CONSTRAINT `ID_MODO` FOREIGN KEY (`MODOEQUIPAMENTO`) REFERENCES `modo` (`IDMODO`))
CRITICAL - 2022-04-12 10:09:26 --> Cannot add or update a child row: a foreign key constraint fails (`relacao`.`equipamento`, CONSTRAINT `ID_MODO` FOREIGN KEY (`MODOEQUIPAMENTO`) REFERENCES `modo` (`IDMODO`))
#0 C:\xampp\htdocs\relacao2.0\system\Database\MySQLi\Connection.php(292): mysqli->query('INSERT INTO `eq...', 0)
#1 C:\xampp\htdocs\relacao2.0\system\Database\BaseConnection.php(670): CodeIgniter\Database\MySQLi\Connection->execute('INSERT INTO `eq...')
#2 C:\xampp\htdocs\relacao2.0\system\Database\BaseConnection.php(598): CodeIgniter\Database\BaseConnection->simpleQuery('INSERT INTO `eq...')
#3 C:\xampp\htdocs\relacao2.0\system\Database\BaseBuilder.php(1771): CodeIgniter\Database\BaseConnection->query('INSERT INTO `eq...', Array, false)
#4 C:\xampp\htdocs\relacao2.0\system\Model.php(239): CodeIgniter\Database\BaseBuilder->insert()
#5 C:\xampp\htdocs\relacao2.0\system\BaseModel.php(738): CodeIgniter\Model->doInsert(Array)
#6 C:\xampp\htdocs\relacao2.0\system\Model.php(625): CodeIgniter\BaseModel->insert(Array, true)
#7 C:\xampp\htdocs\relacao2.0\app\Controllers\Equipamentos.php(27): CodeIgniter\Model->insert(Array)
#8 C:\xampp\htdocs\relacao2.0\system\CodeIgniter.php(832): App\Controllers\Equipamentos->adicionar()
#9 C:\xampp\htdocs\relacao2.0\system\CodeIgniter.php(419): CodeIgniter\CodeIgniter->runController(Object(App\Controllers\Equipamentos))
#10 C:\xampp\htdocs\relacao2.0\system\CodeIgniter.php(326): CodeIgniter\CodeIgniter->handleRequest(NULL, Object(Config\Cache), false)
#11 C:\xampp\htdocs\relacao2.0\index.php(37): CodeIgniter\CodeIgniter->run()
#12 {main}
ERROR - 2022-04-12 11:07:01 --> Cannot add or update a child row: a foreign key constraint fails (`relacao`.`equipamento`, CONSTRAINT `ID_MODO` FOREIGN KEY (`MODOEQUIPAMENTO`) REFERENCES `modo` (`IDMODO`))
CRITICAL - 2022-04-12 11:07:01 --> Cannot add or update a child row: a foreign key constraint fails (`relacao`.`equipamento`, CONSTRAINT `ID_MODO` FOREIGN KEY (`MODOEQUIPAMENTO`) REFERENCES `modo` (`IDMODO`))
#0 C:\xampp\htdocs\relacao2.0\system\Database\MySQLi\Connection.php(292): mysqli->query('INSERT INTO `eq...', 0)
#1 C:\xampp\htdocs\relacao2.0\system\Database\BaseConnection.php(670): CodeIgniter\Database\MySQLi\Connection->execute('INSERT INTO `eq...')
#2 C:\xampp\htdocs\relacao2.0\system\Database\BaseConnection.php(598): CodeIgniter\Database\BaseConnection->simpleQuery('INSERT INTO `eq...')
#3 C:\xampp\htdocs\relacao2.0\system\Database\BaseBuilder.php(1771): CodeIgniter\Database\BaseConnection->query('INSERT INTO `eq...', Array, false)
#4 C:\xampp\htdocs\relacao2.0\system\Model.php(239): CodeIgniter\Database\BaseBuilder->insert()
#5 C:\xampp\htdocs\relacao2.0\system\BaseModel.php(738): CodeIgniter\Model->doInsert(Array)
#6 C:\xampp\htdocs\relacao2.0\system\Model.php(625): CodeIgniter\BaseModel->insert(Array, true)
#7 C:\xampp\htdocs\relacao2.0\app\Controllers\Equipamentos.php(27): CodeIgniter\Model->insert(Array)
#8 C:\xampp\htdocs\relacao2.0\system\CodeIgniter.php(832): App\Controllers\Equipamentos->adicionar()
#9 C:\xampp\htdocs\relacao2.0\system\CodeIgniter.php(419): CodeIgniter\CodeIgniter->runController(Object(App\Controllers\Equipamentos))
#10 C:\xampp\htdocs\relacao2.0\system\CodeIgniter.php(326): CodeIgniter\CodeIgniter->handleRequest(NULL, Object(Config\Cache), false)
#11 C:\xampp\htdocs\relacao2.0\index.php(37): CodeIgniter\CodeIgniter->run()
#12 {main}
ERROR - 2022-04-12 11:07:09 --> Cannot add or update a child row: a foreign key constraint fails (`relacao`.`equipamento`, CONSTRAINT `ID_MODO` FOREIGN KEY (`MODOEQUIPAMENTO`) REFERENCES `modo` (`IDMODO`))
CRITICAL - 2022-04-12 11:07:09 --> Cannot add or update a child row: a foreign key constraint fails (`relacao`.`equipamento`, CONSTRAINT `ID_MODO` FOREIGN KEY (`MODOEQUIPAMENTO`) REFERENCES `modo` (`IDMODO`))
#0 C:\xampp\htdocs\relacao2.0\system\Database\MySQLi\Connection.php(292): mysqli->query('INSERT INTO `eq...', 0)
#1 C:\xampp\htdocs\relacao2.0\system\Database\BaseConnection.php(670): CodeIgniter\Database\MySQLi\Connection->execute('INSERT INTO `eq...')
#2 C:\xampp\htdocs\relacao2.0\system\Database\BaseConnection.php(598): CodeIgniter\Database\BaseConnection->simpleQuery('INSERT INTO `eq...')
#3 C:\xampp\htdocs\relacao2.0\system\Database\BaseBuilder.php(1771): CodeIgniter\Database\BaseConnection->query('INSERT INTO `eq...', Array, false)
#4 C:\xampp\htdocs\relacao2.0\system\Model.php(239): CodeIgniter\Database\BaseBuilder->insert()
#5 C:\xampp\htdocs\relacao2.0\system\BaseModel.php(738): CodeIgniter\Model->doInsert(Array)
#6 C:\xampp\htdocs\relacao2.0\system\Model.php(625): CodeIgniter\BaseModel->insert(Array, true)
#7 C:\xampp\htdocs\relacao2.0\app\Controllers\Equipamentos.php(27): CodeIgniter\Model->insert(Array)
#8 C:\xampp\htdocs\relacao2.0\system\CodeIgniter.php(832): App\Controllers\Equipamentos->adicionar()
#9 C:\xampp\htdocs\relacao2.0\system\CodeIgniter.php(419): CodeIgniter\CodeIgniter->runController(Object(App\Controllers\Equipamentos))
#10 C:\xampp\htdocs\relacao2.0\system\CodeIgniter.php(326): CodeIgniter\CodeIgniter->handleRequest(NULL, Object(Config\Cache), false)
#11 C:\xampp\htdocs\relacao2.0\index.php(37): CodeIgniter\CodeIgniter->run()
#12 {main}
ERROR - 2022-04-12 11:07:13 --> Cannot add or update a child row: a foreign key constraint fails (`relacao`.`equipamento`, CONSTRAINT `ID_MODO` FOREIGN KEY (`MODOEQUIPAMENTO`) REFERENCES `modo` (`IDMODO`))
CRITICAL - 2022-04-12 11:07:13 --> Cannot add or update a child row: a foreign key constraint fails (`relacao`.`equipamento`, CONSTRAINT `ID_MODO` FOREIGN KEY (`MODOEQUIPAMENTO`) REFERENCES `modo` (`IDMODO`))
#0 C:\xampp\htdocs\relacao2.0\system\Database\MySQLi\Connection.php(292): mysqli->query('INSERT INTO `eq...', 0)
#1 C:\xampp\htdocs\relacao2.0\system\Database\BaseConnection.php(670): CodeIgniter\Database\MySQLi\Connection->execute('INSERT INTO `eq...')
#2 C:\xampp\htdocs\relacao2.0\system\Database\BaseConnection.php(598): CodeIgniter\Database\BaseConnection->simpleQuery('INSERT INTO `eq...')
#3 C:\xampp\htdocs\relacao2.0\system\Database\BaseBuilder.php(1771): CodeIgniter\Database\BaseConnection->query('INSERT INTO `eq...', Array, false)
#4 C:\xampp\htdocs\relacao2.0\system\Model.php(239): CodeIgniter\Database\BaseBuilder->insert()
#5 C:\xampp\htdocs\relacao2.0\system\BaseModel.php(738): CodeIgniter\Model->doInsert(Array)
#6 C:\xampp\htdocs\relacao2.0\system\Model.php(625): CodeIgniter\BaseModel->insert(Array, true)
#7 C:\xampp\htdocs\relacao2.0\app\Controllers\Equipamentos.php(27): CodeIgniter\Model->insert(Array)
#8 C:\xampp\htdocs\relacao2.0\system\CodeIgniter.php(832): App\Controllers\Equipamentos->adicionar()
#9 C:\xampp\htdocs\relacao2.0\system\CodeIgniter.php(419): CodeIgniter\CodeIgniter->runController(Object(App\Controllers\Equipamentos))
#10 C:\xampp\htdocs\relacao2.0\system\CodeIgniter.php(326): CodeIgniter\CodeIgniter->handleRequest(NULL, Object(Config\Cache), false)
#11 C:\xampp\htdocs\relacao2.0\index.php(37): CodeIgniter\CodeIgniter->run()
#12 {main}
ERROR - 2022-04-12 11:10:46 --> Cannot add or update a child row: a foreign key constraint fails (`relacao`.`equipamento`, CONSTRAINT `ID_MODO` FOREIGN KEY (`MODOEQUIPAMENTO`) REFERENCES `modo` (`IDMODO`))
CRITICAL - 2022-04-12 11:10:46 --> Cannot add or update a child row: a foreign key constraint fails (`relacao`.`equipamento`, CONSTRAINT `ID_MODO` FOREIGN KEY (`MODOEQUIPAMENTO`) REFERENCES `modo` (`IDMODO`))
#0 C:\xampp\htdocs\relacao2.0\system\Database\MySQLi\Connection.php(292): mysqli->query('INSERT INTO `eq...', 0)
#1 C:\xampp\htdocs\relacao2.0\system\Database\BaseConnection.php(670): CodeIgniter\Database\MySQLi\Connection->execute('INSERT INTO `eq...')
#2 C:\xampp\htdocs\relacao2.0\system\Database\BaseConnection.php(598): CodeIgniter\Database\BaseConnection->simpleQuery('INSERT INTO `eq...')
#3 C:\xampp\htdocs\relacao2.0\system\Database\BaseBuilder.php(1771): CodeIgniter\Database\BaseConnection->query('INSERT INTO `eq...', Array, false)
#4 C:\xampp\htdocs\relacao2.0\system\Model.php(239): CodeIgniter\Database\BaseBuilder->insert()
#5 C:\xampp\htdocs\relacao2.0\system\BaseModel.php(738): CodeIgniter\Model->doInsert(Array)
#6 C:\xampp\htdocs\relacao2.0\system\Model.php(625): CodeIgniter\BaseModel->insert(Array, true)
#7 C:\xampp\htdocs\relacao2.0\app\Controllers\Equipamentos.php(27): CodeIgniter\Model->insert(Array)
#8 C:\xampp\htdocs\relacao2.0\system\CodeIgniter.php(832): App\Controllers\Equipamentos->adicionar()
#9 C:\xampp\htdocs\relacao2.0\system\CodeIgniter.php(419): CodeIgniter\CodeIgniter->runController(Object(App\Controllers\Equipamentos))
#10 C:\xampp\htdocs\relacao2.0\system\CodeIgniter.php(326): CodeIgniter\CodeIgniter->handleRequest(NULL, Object(Config\Cache), false)
#11 C:\xampp\htdocs\relacao2.0\index.php(37): CodeIgniter\CodeIgniter->run()
#12 {main}
ERROR - 2022-04-12 11:10:53 --> Cannot add or update a child row: a foreign key constraint fails (`relacao`.`equipamento`, CONSTRAINT `ID_MODO` FOREIGN KEY (`MODOEQUIPAMENTO`) REFERENCES `modo` (`IDMODO`))
CRITICAL - 2022-04-12 11:10:53 --> Cannot add or update a child row: a foreign key constraint fails (`relacao`.`equipamento`, CONSTRAINT `ID_MODO` FOREIGN KEY (`MODOEQUIPAMENTO`) REFERENCES `modo` (`IDMODO`))
#0 C:\xampp\htdocs\relacao2.0\system\Database\MySQLi\Connection.php(292): mysqli->query('INSERT INTO `eq...', 0)
#1 C:\xampp\htdocs\relacao2.0\system\Database\BaseConnection.php(670): CodeIgniter\Database\MySQLi\Connection->execute('INSERT INTO `eq...')
#2 C:\xampp\htdocs\relacao2.0\system\Database\BaseConnection.php(598): CodeIgniter\Database\BaseConnection->simpleQuery('INSERT INTO `eq...')
#3 C:\xampp\htdocs\relacao2.0\system\Database\BaseBuilder.php(1771): CodeIgniter\Database\BaseConnection->query('INSERT INTO `eq...', Array, false)
#4 C:\xampp\htdocs\relacao2.0\system\Model.php(239): CodeIgniter\Database\BaseBuilder->insert()
#5 C:\xampp\htdocs\relacao2.0\system\BaseModel.php(738): CodeIgniter\Model->doInsert(Array)
#6 C:\xampp\htdocs\relacao2.0\system\Model.php(625): CodeIgniter\BaseModel->insert(Array, true)
#7 C:\xampp\htdocs\relacao2.0\app\Controllers\Equipamentos.php(27): CodeIgniter\Model->insert(Array)
#8 C:\xampp\htdocs\relacao2.0\system\CodeIgniter.php(832): App\Controllers\Equipamentos->adicionar()
#9 C:\xampp\htdocs\relacao2.0\system\CodeIgniter.php(419): CodeIgniter\CodeIgniter->runController(Object(App\Controllers\Equipamentos))
#10 C:\xampp\htdocs\relacao2.0\system\CodeIgniter.php(326): CodeIgniter\CodeIgniter->handleRequest(NULL, Object(Config\Cache), false)
#11 C:\xampp\htdocs\relacao2.0\index.php(37): CodeIgniter\CodeIgniter->run()
#12 {main}
ERROR - 2022-04-12 11:11:05 --> Cannot add or update a child row: a foreign key constraint fails (`relacao`.`equipamento`, CONSTRAINT `ID_MODO` FOREIGN KEY (`MODOEQUIPAMENTO`) REFERENCES `modo` (`IDMODO`))
CRITICAL - 2022-04-12 11:11:05 --> Cannot add or update a child row: a foreign key constraint fails (`relacao`.`equipamento`, CONSTRAINT `ID_MODO` FOREIGN KEY (`MODOEQUIPAMENTO`) REFERENCES `modo` (`IDMODO`))
#0 C:\xampp\htdocs\relacao2.0\system\Database\MySQLi\Connection.php(292): mysqli->query('INSERT INTO `eq...', 0)
#1 C:\xampp\htdocs\relacao2.0\system\Database\BaseConnection.php(670): CodeIgniter\Database\MySQLi\Connection->execute('INSERT INTO `eq...')
#2 C:\xampp\htdocs\relacao2.0\system\Database\BaseConnection.php(598): CodeIgniter\Database\BaseConnection->simpleQuery('INSERT INTO `eq...')
#3 C:\xampp\htdocs\relacao2.0\system\Database\BaseBuilder.php(1771): CodeIgniter\Database\BaseConnection->query('INSERT INTO `eq...', Array, false)
#4 C:\xampp\htdocs\relacao2.0\system\Model.php(239): CodeIgniter\Database\BaseBuilder->insert()
#5 C:\xampp\htdocs\relacao2.0\system\BaseModel.php(738): CodeIgniter\Model->doInsert(Array)
#6 C:\xampp\htdocs\relacao2.0\system\Model.php(625): CodeIgniter\BaseModel->insert(Array, true)
#7 C:\xampp\htdocs\relacao2.0\app\Controllers\Equipamentos.php(27): CodeIgniter\Model->insert(Array)
#8 C:\xampp\htdocs\relacao2.0\system\CodeIgniter.php(832): App\Controllers\Equipamentos->adicionar()
#9 C:\xampp\htdocs\relacao2.0\system\CodeIgniter.php(419): CodeIgniter\CodeIgniter->runController(Object(App\Controllers\Equipamentos))
#10 C:\xampp\htdocs\relacao2.0\system\CodeIgniter.php(326): CodeIgniter\CodeIgniter->handleRequest(NULL, Object(Config\Cache), false)
#11 C:\xampp\htdocs\relacao2.0\index.php(37): CodeIgniter\CodeIgniter->run()
#12 {main}
CRITICAL - 2022-04-12 15:18:35 --> Undefined variable $cidade
#0 C:\xampp\htdocs\relacao2.0\app\Views\relacao.php(39): CodeIgniter\Debug\Exceptions->errorHandler(2, 'Undefined varia...', 'C:\\xampp\\htdocs...', 39)
#1 C:\xampp\htdocs\relacao2.0\system\View\View.php(210): include('C:\\xampp\\htdocs...')
#2 C:\xampp\htdocs\relacao2.0\system\View\View.php(213): CodeIgniter\View\View->CodeIgniter\View\{closure}()
#3 C:\xampp\htdocs\relacao2.0\system\Common.php(1089): CodeIgniter\View\View->render('relacao', Array, true)
#4 C:\xampp\htdocs\relacao2.0\app\Controllers\Relacao.php(99): view('relacao', Array)
#5 C:\xampp\htdocs\relacao2.0\system\CodeIgniter.php(832): App\Controllers\Relacao->pesquisar()
#6 C:\xampp\htdocs\relacao2.0\system\CodeIgniter.php(419): CodeIgniter\CodeIgniter->runController(Object(App\Controllers\Relacao))
#7 C:\xampp\htdocs\relacao2.0\system\CodeIgniter.php(326): CodeIgniter\CodeIgniter->handleRequest(NULL, Object(Config\Cache), false)
#8 C:\xampp\htdocs\relacao2.0\index.php(37): CodeIgniter\CodeIgniter->run()
#9 {main}
CRITICAL - 2022-04-12 15:24:06 --> Undefined variable $cidade
#0 C:\xampp\htdocs\relacao2.0\app\Views\relacao.php(54): CodeIgniter\Debug\Exceptions->errorHandler(2, 'Undefined varia...', 'C:\\xampp\\htdocs...', 54)
#1 C:\xampp\htdocs\relacao2.0\system\View\View.php(210): include('C:\\xampp\\htdocs...')
#2 C:\xampp\htdocs\relacao2.0\system\View\View.php(213): CodeIgniter\View\View->CodeIgniter\View\{closure}()
#3 C:\xampp\htdocs\relacao2.0\system\Common.php(1089): CodeIgniter\View\View->render('relacao', Array, true)
#4 C:\xampp\htdocs\relacao2.0\app\Controllers\Relacao.php(99): view('relacao', Array)
#5 C:\xampp\htdocs\relacao2.0\system\CodeIgniter.php(832): App\Controllers\Relacao->pesquisar()
#6 C:\xampp\htdocs\relacao2.0\system\CodeIgniter.php(419): CodeIgniter\CodeIgniter->runController(Object(App\Controllers\Relacao))
#7 C:\xampp\htdocs\relacao2.0\system\CodeIgniter.php(326): CodeIgniter\CodeIgniter->handleRequest(NULL, Object(Config\Cache), false)
#8 C:\xampp\htdocs\relacao2.0\index.php(37): CodeIgniter\CodeIgniter->run()
#9 {main}
