CRITICAL - 2022-06-08 07:28:17 --> Unknown column 'Selec' in 'where clause'
#0 C:\xampp\htdocs\relacao2.0\app\Views\relacao.php(112): mysqli_query(Object(mysqli), 'SELECT NOMEPONT...')
#1 C:\xampp\htdocs\relacao2.0\system\View\View.php(210): include('C:\\xampp\\htdocs...')
#2 C:\xampp\htdocs\relacao2.0\system\View\View.php(213): CodeIgniter\View\View->CodeIgniter\View\{closure}()
#3 C:\xampp\htdocs\relacao2.0\system\Common.php(1089): CodeIgniter\View\View->render('relacao', Array, true)
#4 C:\xampp\htdocs\relacao2.0\app\Controllers\Relacao.php(330): view('relacao', Array)
#5 C:\xampp\htdocs\relacao2.0\system\CodeIgniter.php(832): App\Controllers\Relacao->pesquisar()
#6 C:\xampp\htdocs\relacao2.0\system\CodeIgniter.php(419): CodeIgniter\CodeIgniter->runController(Object(App\Controllers\Relacao))
#7 C:\xampp\htdocs\relacao2.0\system\CodeIgniter.php(326): CodeIgniter\CodeIgniter->handleRequest(NULL, Object(Config\Cache), false)
#8 C:\xampp\htdocs\relacao2.0\index.php(37): CodeIgniter\CodeIgniter->run()
#9 {main}
CRITICAL - 2022-06-08 07:29:16 --> Unknown column 'Selec' in 'where clause'
#0 C:\xampp\htdocs\relacao2.0\app\Views\relacao.php(112): mysqli_query(Object(mysqli), 'SELECT NOMEPONT...')
#1 C:\xampp\htdocs\relacao2.0\system\View\View.php(210): include('C:\\xampp\\htdocs...')
#2 C:\xampp\htdocs\relacao2.0\system\View\View.php(213): CodeIgniter\View\View->CodeIgniter\View\{closure}()
#3 C:\xampp\htdocs\relacao2.0\system\Common.php(1089): CodeIgniter\View\View->render('relacao', Array, true)
#4 C:\xampp\htdocs\relacao2.0\app\Controllers\Relacao.php(330): view('relacao', Array)
#5 C:\xampp\htdocs\relacao2.0\system\CodeIgniter.php(832): App\Controllers\Relacao->pesquisar()
#6 C:\xampp\htdocs\relacao2.0\system\CodeIgniter.php(419): CodeIgniter\CodeIgniter->runController(Object(App\Controllers\Relacao))
#7 C:\xampp\htdocs\relacao2.0\system\CodeIgniter.php(326): CodeIgniter\CodeIgniter->handleRequest(NULL, Object(Config\Cache), false)
#8 C:\xampp\htdocs\relacao2.0\index.php(37): CodeIgniter\CodeIgniter->run()
#9 {main}
CRITICAL - 2022-06-08 07:30:17 --> Unknown column 'Selec' in 'where clause'
#0 C:\xampp\htdocs\relacao2.0\app\Views\relacao.php(112): mysqli_query(Object(mysqli), 'SELECT NOMEPONT...')
#1 C:\xampp\htdocs\relacao2.0\system\View\View.php(210): include('C:\\xampp\\htdocs...')
#2 C:\xampp\htdocs\relacao2.0\system\View\View.php(213): CodeIgniter\View\View->CodeIgniter\View\{closure}()
#3 C:\xampp\htdocs\relacao2.0\system\Common.php(1089): CodeIgniter\View\View->render('relacao', Array, true)
#4 C:\xampp\htdocs\relacao2.0\app\Controllers\Relacao.php(330): view('relacao', Array)
#5 C:\xampp\htdocs\relacao2.0\system\CodeIgniter.php(832): App\Controllers\Relacao->pesquisar()
#6 C:\xampp\htdocs\relacao2.0\system\CodeIgniter.php(419): CodeIgniter\CodeIgniter->runController(Object(App\Controllers\Relacao))
#7 C:\xampp\htdocs\relacao2.0\system\CodeIgniter.php(326): CodeIgniter\CodeIgniter->handleRequest(NULL, Object(Config\Cache), false)
#8 C:\xampp\htdocs\relacao2.0\index.php(37): CodeIgniter\CodeIgniter->run()
#9 {main}
CRITICAL - 2022-06-08 07:30:46 --> Unknown column 'Selec' in 'where clause'
#0 C:\xampp\htdocs\relacao2.0\app\Views\relacao.php(112): mysqli_query(Object(mysqli), 'SELECT NOMEPONT...')
#1 C:\xampp\htdocs\relacao2.0\system\View\View.php(210): include('C:\\xampp\\htdocs...')
#2 C:\xampp\htdocs\relacao2.0\system\View\View.php(213): CodeIgniter\View\View->CodeIgniter\View\{closure}()
#3 C:\xampp\htdocs\relacao2.0\system\Common.php(1089): CodeIgniter\View\View->render('relacao', Array, true)
#4 C:\xampp\htdocs\relacao2.0\app\Controllers\Relacao.php(330): view('relacao', Array)
#5 C:\xampp\htdocs\relacao2.0\system\CodeIgniter.php(832): App\Controllers\Relacao->pesquisar()
#6 C:\xampp\htdocs\relacao2.0\system\CodeIgniter.php(419): CodeIgniter\CodeIgniter->runController(Object(App\Controllers\Relacao))
#7 C:\xampp\htdocs\relacao2.0\system\CodeIgniter.php(326): CodeIgniter\CodeIgniter->handleRequest(NULL, Object(Config\Cache), false)
#8 C:\xampp\htdocs\relacao2.0\index.php(37): CodeIgniter\CodeIgniter->run()
#9 {main}
CRITICAL - 2022-06-08 07:31:25 --> Unknown column 'Selec' in 'where clause'
#0 C:\xampp\htdocs\relacao2.0\app\Views\relacao.php(112): mysqli_query(Object(mysqli), 'SELECT NOMEPONT...')
#1 C:\xampp\htdocs\relacao2.0\system\View\View.php(210): include('C:\\xampp\\htdocs...')
#2 C:\xampp\htdocs\relacao2.0\system\View\View.php(213): CodeIgniter\View\View->CodeIgniter\View\{closure}()
#3 C:\xampp\htdocs\relacao2.0\system\Common.php(1089): CodeIgniter\View\View->render('relacao', Array, true)
#4 C:\xampp\htdocs\relacao2.0\app\Controllers\Relacao.php(330): view('relacao', Array)
#5 C:\xampp\htdocs\relacao2.0\system\CodeIgniter.php(832): App\Controllers\Relacao->pesquisar()
#6 C:\xampp\htdocs\relacao2.0\system\CodeIgniter.php(419): CodeIgniter\CodeIgniter->runController(Object(App\Controllers\Relacao))
#7 C:\xampp\htdocs\relacao2.0\system\CodeIgniter.php(326): CodeIgniter\CodeIgniter->handleRequest(NULL, Object(Config\Cache), false)
#8 C:\xampp\htdocs\relacao2.0\index.php(37): CodeIgniter\CodeIgniter->run()
#9 {main}
CRITICAL - 2022-06-08 07:31:59 --> Unknown column 'Selec' in 'where clause'
#0 C:\xampp\htdocs\relacao2.0\app\Views\relacao.php(112): mysqli_query(Object(mysqli), 'SELECT NOMEPONT...')
#1 C:\xampp\htdocs\relacao2.0\system\View\View.php(210): include('C:\\xampp\\htdocs...')
#2 C:\xampp\htdocs\relacao2.0\system\View\View.php(213): CodeIgniter\View\View->CodeIgniter\View\{closure}()
#3 C:\xampp\htdocs\relacao2.0\system\Common.php(1089): CodeIgniter\View\View->render('relacao', Array, true)
#4 C:\xampp\htdocs\relacao2.0\app\Controllers\Relacao.php(330): view('relacao', Array)
#5 C:\xampp\htdocs\relacao2.0\system\CodeIgniter.php(832): App\Controllers\Relacao->pesquisar()
#6 C:\xampp\htdocs\relacao2.0\system\CodeIgniter.php(419): CodeIgniter\CodeIgniter->runController(Object(App\Controllers\Relacao))
#7 C:\xampp\htdocs\relacao2.0\system\CodeIgniter.php(326): CodeIgniter\CodeIgniter->handleRequest(NULL, Object(Config\Cache), false)
#8 C:\xampp\htdocs\relacao2.0\index.php(37): CodeIgniter\CodeIgniter->run()
#9 {main}
CRITICAL - 2022-06-08 07:32:27 --> Unknown column 'Selec' in 'where clause'
#0 C:\xampp\htdocs\relacao2.0\app\Views\relacao.php(112): mysqli_query(Object(mysqli), 'SELECT NOMEPONT...')
#1 C:\xampp\htdocs\relacao2.0\system\View\View.php(210): include('C:\\xampp\\htdocs...')
#2 C:\xampp\htdocs\relacao2.0\system\View\View.php(213): CodeIgniter\View\View->CodeIgniter\View\{closure}()
#3 C:\xampp\htdocs\relacao2.0\system\Common.php(1089): CodeIgniter\View\View->render('relacao', Array, true)
#4 C:\xampp\htdocs\relacao2.0\app\Controllers\Relacao.php(330): view('relacao', Array)
#5 C:\xampp\htdocs\relacao2.0\system\CodeIgniter.php(832): App\Controllers\Relacao->pesquisar()
#6 C:\xampp\htdocs\relacao2.0\system\CodeIgniter.php(419): CodeIgniter\CodeIgniter->runController(Object(App\Controllers\Relacao))
#7 C:\xampp\htdocs\relacao2.0\system\CodeIgniter.php(326): CodeIgniter\CodeIgniter->handleRequest(NULL, Object(Config\Cache), false)
#8 C:\xampp\htdocs\relacao2.0\index.php(37): CodeIgniter\CodeIgniter->run()
#9 {main}
CRITICAL - 2022-06-08 07:32:59 --> Unknown column 'Selec' in 'where clause'
#0 C:\xampp\htdocs\relacao2.0\app\Views\relacao.php(112): mysqli_query(Object(mysqli), 'SELECT NOMEPONT...')
#1 C:\xampp\htdocs\relacao2.0\system\View\View.php(210): include('C:\\xampp\\htdocs...')
#2 C:\xampp\htdocs\relacao2.0\system\View\View.php(213): CodeIgniter\View\View->CodeIgniter\View\{closure}()
#3 C:\xampp\htdocs\relacao2.0\system\Common.php(1089): CodeIgniter\View\View->render('relacao', Array, true)
#4 C:\xampp\htdocs\relacao2.0\app\Controllers\Relacao.php(330): view('relacao', Array)
#5 C:\xampp\htdocs\relacao2.0\system\CodeIgniter.php(832): App\Controllers\Relacao->pesquisar()
#6 C:\xampp\htdocs\relacao2.0\system\CodeIgniter.php(419): CodeIgniter\CodeIgniter->runController(Object(App\Controllers\Relacao))
#7 C:\xampp\htdocs\relacao2.0\system\CodeIgniter.php(326): CodeIgniter\CodeIgniter->handleRequest(NULL, Object(Config\Cache), false)
#8 C:\xampp\htdocs\relacao2.0\index.php(37): CodeIgniter\CodeIgniter->run()
#9 {main}
CRITICAL - 2022-06-08 07:33:50 --> Unknown column 'Selec' in 'where clause'
#0 C:\xampp\htdocs\relacao2.0\app\Views\relacao.php(112): mysqli_query(Object(mysqli), 'SELECT NOMEPONT...')
#1 C:\xampp\htdocs\relacao2.0\system\View\View.php(210): include('C:\\xampp\\htdocs...')
#2 C:\xampp\htdocs\relacao2.0\system\View\View.php(213): CodeIgniter\View\View->CodeIgniter\View\{closure}()
#3 C:\xampp\htdocs\relacao2.0\system\Common.php(1089): CodeIgniter\View\View->render('relacao', Array, true)
#4 C:\xampp\htdocs\relacao2.0\app\Controllers\Relacao.php(330): view('relacao', Array)
#5 C:\xampp\htdocs\relacao2.0\system\CodeIgniter.php(832): App\Controllers\Relacao->pesquisar()
#6 C:\xampp\htdocs\relacao2.0\system\CodeIgniter.php(419): CodeIgniter\CodeIgniter->runController(Object(App\Controllers\Relacao))
#7 C:\xampp\htdocs\relacao2.0\system\CodeIgniter.php(326): CodeIgniter\CodeIgniter->handleRequest(NULL, Object(Config\Cache), false)
#8 C:\xampp\htdocs\relacao2.0\index.php(37): CodeIgniter\CodeIgniter->run()
#9 {main}
CRITICAL - 2022-06-08 07:34:00 --> Unknown column 'Selec' in 'where clause'
#0 C:\xampp\htdocs\relacao2.0\app\Views\relacao.php(112): mysqli_query(Object(mysqli), 'SELECT NOMEPONT...')
#1 C:\xampp\htdocs\relacao2.0\system\View\View.php(210): include('C:\\xampp\\htdocs...')
#2 C:\xampp\htdocs\relacao2.0\system\View\View.php(213): CodeIgniter\View\View->CodeIgniter\View\{closure}()
#3 C:\xampp\htdocs\relacao2.0\system\Common.php(1089): CodeIgniter\View\View->render('relacao', Array, true)
#4 C:\xampp\htdocs\relacao2.0\app\Controllers\Relacao.php(330): view('relacao', Array)
#5 C:\xampp\htdocs\relacao2.0\system\CodeIgniter.php(832): App\Controllers\Relacao->pesquisar()
#6 C:\xampp\htdocs\relacao2.0\system\CodeIgniter.php(419): CodeIgniter\CodeIgniter->runController(Object(App\Controllers\Relacao))
#7 C:\xampp\htdocs\relacao2.0\system\CodeIgniter.php(326): CodeIgniter\CodeIgniter->handleRequest(NULL, Object(Config\Cache), false)
#8 C:\xampp\htdocs\relacao2.0\index.php(37): CodeIgniter\CodeIgniter->run()
#9 {main}
CRITICAL - 2022-06-08 07:34:05 --> Unknown column 'Selec' in 'where clause'
#0 C:\xampp\htdocs\relacao2.0\app\Views\relacao.php(112): mysqli_query(Object(mysqli), 'SELECT NOMEPONT...')
#1 C:\xampp\htdocs\relacao2.0\system\View\View.php(210): include('C:\\xampp\\htdocs...')
#2 C:\xampp\htdocs\relacao2.0\system\View\View.php(213): CodeIgniter\View\View->CodeIgniter\View\{closure}()
#3 C:\xampp\htdocs\relacao2.0\system\Common.php(1089): CodeIgniter\View\View->render('relacao', Array, true)
#4 C:\xampp\htdocs\relacao2.0\app\Controllers\Relacao.php(330): view('relacao', Array)
#5 C:\xampp\htdocs\relacao2.0\system\CodeIgniter.php(832): App\Controllers\Relacao->pesquisar()
#6 C:\xampp\htdocs\relacao2.0\system\CodeIgniter.php(419): CodeIgniter\CodeIgniter->runController(Object(App\Controllers\Relacao))
#7 C:\xampp\htdocs\relacao2.0\system\CodeIgniter.php(326): CodeIgniter\CodeIgniter->handleRequest(NULL, Object(Config\Cache), false)
#8 C:\xampp\htdocs\relacao2.0\index.php(37): CodeIgniter\CodeIgniter->run()
#9 {main}
CRITICAL - 2022-06-08 07:34:49 --> Unknown column 'Selec' in 'where clause'
#0 C:\xampp\htdocs\relacao2.0\app\Views\relacao.php(111): mysqli_query(Object(mysqli), 'SELECT NOMEPONT...')
#1 C:\xampp\htdocs\relacao2.0\system\View\View.php(210): include('C:\\xampp\\htdocs...')
#2 C:\xampp\htdocs\relacao2.0\system\View\View.php(213): CodeIgniter\View\View->CodeIgniter\View\{closure}()
#3 C:\xampp\htdocs\relacao2.0\system\Common.php(1089): CodeIgniter\View\View->render('relacao', Array, true)
#4 C:\xampp\htdocs\relacao2.0\app\Controllers\Relacao.php(330): view('relacao', Array)
#5 C:\xampp\htdocs\relacao2.0\system\CodeIgniter.php(832): App\Controllers\Relacao->pesquisar()
#6 C:\xampp\htdocs\relacao2.0\system\CodeIgniter.php(419): CodeIgniter\CodeIgniter->runController(Object(App\Controllers\Relacao))
#7 C:\xampp\htdocs\relacao2.0\system\CodeIgniter.php(326): CodeIgniter\CodeIgniter->handleRequest(NULL, Object(Config\Cache), false)
#8 C:\xampp\htdocs\relacao2.0\index.php(37): CodeIgniter\CodeIgniter->run()
#9 {main}
CRITICAL - 2022-06-08 07:35:00 --> Unknown column 'Selec' in 'where clause'
#0 C:\xampp\htdocs\relacao2.0\app\Views\relacao.php(114): mysqli_query(Object(mysqli), 'SELECT MEIO FRO...')
#1 C:\xampp\htdocs\relacao2.0\system\View\View.php(210): include('C:\\xampp\\htdocs...')
#2 C:\xampp\htdocs\relacao2.0\system\View\View.php(213): CodeIgniter\View\View->CodeIgniter\View\{closure}()
#3 C:\xampp\htdocs\relacao2.0\system\Common.php(1089): CodeIgniter\View\View->render('relacao', Array, true)
#4 C:\xampp\htdocs\relacao2.0\app\Controllers\Relacao.php(330): view('relacao', Array)
#5 C:\xampp\htdocs\relacao2.0\system\CodeIgniter.php(832): App\Controllers\Relacao->pesquisar()
#6 C:\xampp\htdocs\relacao2.0\system\CodeIgniter.php(419): CodeIgniter\CodeIgniter->runController(Object(App\Controllers\Relacao))
#7 C:\xampp\htdocs\relacao2.0\system\CodeIgniter.php(326): CodeIgniter\CodeIgniter->handleRequest(NULL, Object(Config\Cache), false)
#8 C:\xampp\htdocs\relacao2.0\index.php(37): CodeIgniter\CodeIgniter->run()
#9 {main}
CRITICAL - 2022-06-08 07:35:15 --> Unknown column 'Selec' in 'where clause'
#0 C:\xampp\htdocs\relacao2.0\app\Views\relacao.php(112): mysqli_query(Object(mysqli), 'SELECT NOMEPONT...')
#1 C:\xampp\htdocs\relacao2.0\system\View\View.php(210): include('C:\\xampp\\htdocs...')
#2 C:\xampp\htdocs\relacao2.0\system\View\View.php(213): CodeIgniter\View\View->CodeIgniter\View\{closure}()
#3 C:\xampp\htdocs\relacao2.0\system\Common.php(1089): CodeIgniter\View\View->render('relacao', Array, true)
#4 C:\xampp\htdocs\relacao2.0\app\Controllers\Relacao.php(330): view('relacao', Array)
#5 C:\xampp\htdocs\relacao2.0\system\CodeIgniter.php(832): App\Controllers\Relacao->pesquisar()
#6 C:\xampp\htdocs\relacao2.0\system\CodeIgniter.php(419): CodeIgniter\CodeIgniter->runController(Object(App\Controllers\Relacao))
#7 C:\xampp\htdocs\relacao2.0\system\CodeIgniter.php(326): CodeIgniter\CodeIgniter->handleRequest(NULL, Object(Config\Cache), false)
#8 C:\xampp\htdocs\relacao2.0\index.php(37): CodeIgniter\CodeIgniter->run()
#9 {main}
CRITICAL - 2022-06-08 07:35:19 --> Unknown column 'Selec' in 'where clause'
#0 C:\xampp\htdocs\relacao2.0\app\Views\relacao.php(112): mysqli_query(Object(mysqli), 'SELECT NOMEPONT...')
#1 C:\xampp\htdocs\relacao2.0\system\View\View.php(210): include('C:\\xampp\\htdocs...')
#2 C:\xampp\htdocs\relacao2.0\system\View\View.php(213): CodeIgniter\View\View->CodeIgniter\View\{closure}()
#3 C:\xampp\htdocs\relacao2.0\system\Common.php(1089): CodeIgniter\View\View->render('relacao', Array, true)
#4 C:\xampp\htdocs\relacao2.0\app\Controllers\Relacao.php(330): view('relacao', Array)
#5 C:\xampp\htdocs\relacao2.0\system\CodeIgniter.php(832): App\Controllers\Relacao->pesquisar()
#6 C:\xampp\htdocs\relacao2.0\system\CodeIgniter.php(419): CodeIgniter\CodeIgniter->runController(Object(App\Controllers\Relacao))
#7 C:\xampp\htdocs\relacao2.0\system\CodeIgniter.php(326): CodeIgniter\CodeIgniter->handleRequest(NULL, Object(Config\Cache), false)
#8 C:\xampp\htdocs\relacao2.0\index.php(37): CodeIgniter\CodeIgniter->run()
#9 {main}
CRITICAL - 2022-06-08 07:36:49 --> Unknown column 'Selec' in 'where clause'
#0 C:\xampp\htdocs\relacao2.0\app\Views\relacao.php(114): mysqli_query(Object(mysqli), 'SELECT MEIO FRO...')
#1 C:\xampp\htdocs\relacao2.0\system\View\View.php(210): include('C:\\xampp\\htdocs...')
#2 C:\xampp\htdocs\relacao2.0\system\View\View.php(213): CodeIgniter\View\View->CodeIgniter\View\{closure}()
#3 C:\xampp\htdocs\relacao2.0\system\Common.php(1089): CodeIgniter\View\View->render('relacao', Array, true)
#4 C:\xampp\htdocs\relacao2.0\app\Controllers\Relacao.php(330): view('relacao', Array)
#5 C:\xampp\htdocs\relacao2.0\system\CodeIgniter.php(832): App\Controllers\Relacao->pesquisar()
#6 C:\xampp\htdocs\relacao2.0\system\CodeIgniter.php(419): CodeIgniter\CodeIgniter->runController(Object(App\Controllers\Relacao))
#7 C:\xampp\htdocs\relacao2.0\system\CodeIgniter.php(326): CodeIgniter\CodeIgniter->handleRequest(NULL, Object(Config\Cache), false)
#8 C:\xampp\htdocs\relacao2.0\index.php(37): CodeIgniter\CodeIgniter->run()
#9 {main}
CRITICAL - 2022-06-08 07:38:00 --> Unknown column 'Selec' in 'where clause'
#0 C:\xampp\htdocs\relacao2.0\app\Views\relacao.php(114): mysqli_query(Object(mysqli), 'SELECT MEIO FRO...')
#1 C:\xampp\htdocs\relacao2.0\system\View\View.php(210): include('C:\\xampp\\htdocs...')
#2 C:\xampp\htdocs\relacao2.0\system\View\View.php(213): CodeIgniter\View\View->CodeIgniter\View\{closure}()
#3 C:\xampp\htdocs\relacao2.0\system\Common.php(1089): CodeIgniter\View\View->render('relacao', Array, true)
#4 C:\xampp\htdocs\relacao2.0\app\Controllers\Relacao.php(330): view('relacao', Array)
#5 C:\xampp\htdocs\relacao2.0\system\CodeIgniter.php(832): App\Controllers\Relacao->pesquisar()
#6 C:\xampp\htdocs\relacao2.0\system\CodeIgniter.php(419): CodeIgniter\CodeIgniter->runController(Object(App\Controllers\Relacao))
#7 C:\xampp\htdocs\relacao2.0\system\CodeIgniter.php(326): CodeIgniter\CodeIgniter->handleRequest(NULL, Object(Config\Cache), false)
#8 C:\xampp\htdocs\relacao2.0\index.php(37): CodeIgniter\CodeIgniter->run()
#9 {main}
CRITICAL - 2022-06-08 07:38:36 --> Unknown column 'Selec' in 'where clause'
#0 C:\xampp\htdocs\relacao2.0\app\Views\relacao.php(114): mysqli_query(Object(mysqli), 'SELECT MEIO FRO...')
#1 C:\xampp\htdocs\relacao2.0\system\View\View.php(210): include('C:\\xampp\\htdocs...')
#2 C:\xampp\htdocs\relacao2.0\system\View\View.php(213): CodeIgniter\View\View->CodeIgniter\View\{closure}()
#3 C:\xampp\htdocs\relacao2.0\system\Common.php(1089): CodeIgniter\View\View->render('relacao', Array, true)
#4 C:\xampp\htdocs\relacao2.0\app\Controllers\Relacao.php(330): view('relacao', Array)
#5 C:\xampp\htdocs\relacao2.0\system\CodeIgniter.php(832): App\Controllers\Relacao->pesquisar()
#6 C:\xampp\htdocs\relacao2.0\system\CodeIgniter.php(419): CodeIgniter\CodeIgniter->runController(Object(App\Controllers\Relacao))
#7 C:\xampp\htdocs\relacao2.0\system\CodeIgniter.php(326): CodeIgniter\CodeIgniter->handleRequest(NULL, Object(Config\Cache), false)
#8 C:\xampp\htdocs\relacao2.0\index.php(37): CodeIgniter\CodeIgniter->run()
#9 {main}
CRITICAL - 2022-06-08 07:39:11 --> Undefined variable $meio
#0 C:\xampp\htdocs\relacao2.0\app\Views\relacao.php(114): CodeIgniter\Debug\Exceptions->errorHandler(2, 'Undefined varia...', 'C:\\xampp\\htdocs...', 114)
#1 C:\xampp\htdocs\relacao2.0\system\View\View.php(210): include('C:\\xampp\\htdocs...')
#2 C:\xampp\htdocs\relacao2.0\system\View\View.php(213): CodeIgniter\View\View->CodeIgniter\View\{closure}()
#3 C:\xampp\htdocs\relacao2.0\system\Common.php(1089): CodeIgniter\View\View->render('relacao', Array, true)
#4 C:\xampp\htdocs\relacao2.0\app\Controllers\Relacao.php(330): view('relacao', Array)
#5 C:\xampp\htdocs\relacao2.0\system\CodeIgniter.php(832): App\Controllers\Relacao->pesquisar()
#6 C:\xampp\htdocs\relacao2.0\system\CodeIgniter.php(419): CodeIgniter\CodeIgniter->runController(Object(App\Controllers\Relacao))
#7 C:\xampp\htdocs\relacao2.0\system\CodeIgniter.php(326): CodeIgniter\CodeIgniter->handleRequest(NULL, Object(Config\Cache), false)
#8 C:\xampp\htdocs\relacao2.0\index.php(37): CodeIgniter\CodeIgniter->run()
#9 {main}
CRITICAL - 2022-06-08 07:39:25 --> Unknown column 'Selec' in 'where clause'
#0 C:\xampp\htdocs\relacao2.0\app\Views\relacao.php(114): mysqli_query(Object(mysqli), 'SELECT MEIO FRO...')
#1 C:\xampp\htdocs\relacao2.0\system\View\View.php(210): include('C:\\xampp\\htdocs...')
#2 C:\xampp\htdocs\relacao2.0\system\View\View.php(213): CodeIgniter\View\View->CodeIgniter\View\{closure}()
#3 C:\xampp\htdocs\relacao2.0\system\Common.php(1089): CodeIgniter\View\View->render('relacao', Array, true)
#4 C:\xampp\htdocs\relacao2.0\app\Controllers\Relacao.php(330): view('relacao', Array)
#5 C:\xampp\htdocs\relacao2.0\system\CodeIgniter.php(832): App\Controllers\Relacao->pesquisar()
#6 C:\xampp\htdocs\relacao2.0\system\CodeIgniter.php(419): CodeIgniter\CodeIgniter->runController(Object(App\Controllers\Relacao))
#7 C:\xampp\htdocs\relacao2.0\system\CodeIgniter.php(326): CodeIgniter\CodeIgniter->handleRequest(NULL, Object(Config\Cache), false)
#8 C:\xampp\htdocs\relacao2.0\index.php(37): CodeIgniter\CodeIgniter->run()
#9 {main}
CRITICAL - 2022-06-08 07:39:41 --> Unknown column 'Selec' in 'where clause'
#0 C:\xampp\htdocs\relacao2.0\app\Views\relacao.php(237): mysqli_query(Object(mysqli), 'SELECT NOMEPONT...')
#1 C:\xampp\htdocs\relacao2.0\system\View\View.php(210): include('C:\\xampp\\htdocs...')
#2 C:\xampp\htdocs\relacao2.0\system\View\View.php(213): CodeIgniter\View\View->CodeIgniter\View\{closure}()
#3 C:\xampp\htdocs\relacao2.0\system\Common.php(1089): CodeIgniter\View\View->render('relacao', Array, true)
#4 C:\xampp\htdocs\relacao2.0\app\Controllers\Relacao.php(330): view('relacao', Array)
#5 C:\xampp\htdocs\relacao2.0\system\CodeIgniter.php(832): App\Controllers\Relacao->pesquisar()
#6 C:\xampp\htdocs\relacao2.0\system\CodeIgniter.php(419): CodeIgniter\CodeIgniter->runController(Object(App\Controllers\Relacao))
#7 C:\xampp\htdocs\relacao2.0\system\CodeIgniter.php(326): CodeIgniter\CodeIgniter->handleRequest(NULL, Object(Config\Cache), false)
#8 C:\xampp\htdocs\relacao2.0\index.php(37): CodeIgniter\CodeIgniter->run()
#9 {main}
CRITICAL - 2022-06-08 07:41:02 --> Unknown column 'Selec' in 'where clause'
#0 C:\xampp\htdocs\relacao2.0\app\Views\relacao.php(237): mysqli_query(Object(mysqli), 'SELECT NOMEPONT...')
#1 C:\xampp\htdocs\relacao2.0\system\View\View.php(210): include('C:\\xampp\\htdocs...')
#2 C:\xampp\htdocs\relacao2.0\system\View\View.php(213): CodeIgniter\View\View->CodeIgniter\View\{closure}()
#3 C:\xampp\htdocs\relacao2.0\system\Common.php(1089): CodeIgniter\View\View->render('relacao', Array, true)
#4 C:\xampp\htdocs\relacao2.0\app\Controllers\Relacao.php(330): view('relacao', Array)
#5 C:\xampp\htdocs\relacao2.0\system\CodeIgniter.php(832): App\Controllers\Relacao->pesquisar()
#6 C:\xampp\htdocs\relacao2.0\system\CodeIgniter.php(419): CodeIgniter\CodeIgniter->runController(Object(App\Controllers\Relacao))
#7 C:\xampp\htdocs\relacao2.0\system\CodeIgniter.php(326): CodeIgniter\CodeIgniter->handleRequest(NULL, Object(Config\Cache), false)
#8 C:\xampp\htdocs\relacao2.0\index.php(37): CodeIgniter\CodeIgniter->run()
#9 {main}
CRITICAL - 2022-06-08 07:44:11 --> Uma conexão estabelecida foi anulada pelo software no computador host
#0 C:\xampp\htdocs\relacao2.0\app\Views\relacao.php(284): mysqli_connect('189.1.145.102', 'root', '185101rf', 'relacao')
#1 C:\xampp\htdocs\relacao2.0\system\View\View.php(210): include('C:\\xampp\\htdocs...')
#2 C:\xampp\htdocs\relacao2.0\system\View\View.php(213): CodeIgniter\View\View->CodeIgniter\View\{closure}()
#3 C:\xampp\htdocs\relacao2.0\system\Common.php(1089): CodeIgniter\View\View->render('relacao', Array, true)
#4 C:\xampp\htdocs\relacao2.0\app\Controllers\Relacao.php(330): view('relacao', Array)
#5 C:\xampp\htdocs\relacao2.0\system\CodeIgniter.php(832): App\Controllers\Relacao->pesquisar()
#6 C:\xampp\htdocs\relacao2.0\system\CodeIgniter.php(419): CodeIgniter\CodeIgniter->runController(Object(App\Controllers\Relacao))
#7 C:\xampp\htdocs\relacao2.0\system\CodeIgniter.php(326): CodeIgniter\CodeIgniter->handleRequest(NULL, Object(Config\Cache), false)
#8 C:\xampp\htdocs\relacao2.0\index.php(37): CodeIgniter\CodeIgniter->run()
#9 {main}
CRITICAL - 2022-06-08 07:44:26 --> Unknown column 'Selec' in 'where clause'
#0 C:\xampp\htdocs\relacao2.0\app\Views\relacao.php(112): mysqli_query(Object(mysqli), 'SELECT NOMEPONT...')
#1 C:\xampp\htdocs\relacao2.0\system\View\View.php(210): include('C:\\xampp\\htdocs...')
#2 C:\xampp\htdocs\relacao2.0\system\View\View.php(213): CodeIgniter\View\View->CodeIgniter\View\{closure}()
#3 C:\xampp\htdocs\relacao2.0\system\Common.php(1089): CodeIgniter\View\View->render('relacao', Array, true)
#4 C:\xampp\htdocs\relacao2.0\app\Controllers\Relacao.php(330): view('relacao', Array)
#5 C:\xampp\htdocs\relacao2.0\system\CodeIgniter.php(832): App\Controllers\Relacao->pesquisar()
#6 C:\xampp\htdocs\relacao2.0\system\CodeIgniter.php(419): CodeIgniter\CodeIgniter->runController(Object(App\Controllers\Relacao))
#7 C:\xampp\htdocs\relacao2.0\system\CodeIgniter.php(326): CodeIgniter\CodeIgniter->handleRequest(NULL, Object(Config\Cache), false)
#8 C:\xampp\htdocs\relacao2.0\index.php(37): CodeIgniter\CodeIgniter->run()
#9 {main}
CRITICAL - 2022-06-08 07:46:39 --> Unknown column 'Selec' in 'where clause'
#0 C:\xampp\htdocs\relacao2.0\app\Views\relacao.php(112): mysqli_query(Object(mysqli), 'SELECT NOMEPONT...')
#1 C:\xampp\htdocs\relacao2.0\system\View\View.php(210): include('C:\\xampp\\htdocs...')
#2 C:\xampp\htdocs\relacao2.0\system\View\View.php(213): CodeIgniter\View\View->CodeIgniter\View\{closure}()
#3 C:\xampp\htdocs\relacao2.0\system\Common.php(1089): CodeIgniter\View\View->render('relacao', Array, true)
#4 C:\xampp\htdocs\relacao2.0\app\Controllers\Relacao.php(330): view('relacao', Array)
#5 C:\xampp\htdocs\relacao2.0\system\CodeIgniter.php(832): App\Controllers\Relacao->pesquisar()
#6 C:\xampp\htdocs\relacao2.0\system\CodeIgniter.php(419): CodeIgniter\CodeIgniter->runController(Object(App\Controllers\Relacao))
#7 C:\xampp\htdocs\relacao2.0\system\CodeIgniter.php(326): CodeIgniter\CodeIgniter->handleRequest(NULL, Object(Config\Cache), false)
#8 C:\xampp\htdocs\relacao2.0\index.php(37): CodeIgniter\CodeIgniter->run()
#9 {main}
CRITICAL - 2022-06-08 07:46:47 --> Unknown column 'Selec' in 'where clause'
#0 C:\xampp\htdocs\relacao2.0\app\Views\relacao.php(112): mysqli_query(Object(mysqli), 'SELECT NOMEPONT...')
#1 C:\xampp\htdocs\relacao2.0\system\View\View.php(210): include('C:\\xampp\\htdocs...')
#2 C:\xampp\htdocs\relacao2.0\system\View\View.php(213): CodeIgniter\View\View->CodeIgniter\View\{closure}()
#3 C:\xampp\htdocs\relacao2.0\system\Common.php(1089): CodeIgniter\View\View->render('relacao', Array, true)
#4 C:\xampp\htdocs\relacao2.0\app\Controllers\Relacao.php(330): view('relacao', Array)
#5 C:\xampp\htdocs\relacao2.0\system\CodeIgniter.php(832): App\Controllers\Relacao->pesquisar()
#6 C:\xampp\htdocs\relacao2.0\system\CodeIgniter.php(419): CodeIgniter\CodeIgniter->runController(Object(App\Controllers\Relacao))
#7 C:\xampp\htdocs\relacao2.0\system\CodeIgniter.php(326): CodeIgniter\CodeIgniter->handleRequest(NULL, Object(Config\Cache), false)
#8 C:\xampp\htdocs\relacao2.0\index.php(37): CodeIgniter\CodeIgniter->run()
#9 {main}
ERROR - 2022-06-08 07:49:13 --> Unknown column 'PONTO.SERVDDSIDORPONTO' in 'field list'
CRITICAL - 2022-06-08 07:49:13 --> Unknown column 'PONTO.SERVDDSIDORPONTO' in 'field list'
#0 C:\xampp\htdocs\relacao2.0\system\Database\MySQLi\Connection.php(292): mysqli->query('SELECT\r\n       ...', 0)
#1 C:\xampp\htdocs\relacao2.0\system\Database\BaseConnection.php(670): CodeIgniter\Database\MySQLi\Connection->execute('SELECT\r\n       ...')
#2 C:\xampp\htdocs\relacao2.0\system\Database\BaseConnection.php(598): CodeIgniter\Database\BaseConnection->simpleQuery('SELECT\r\n       ...')
#3 C:\xampp\htdocs\relacao2.0\app\Controllers\Relacao.php(240): CodeIgniter\Database\BaseConnection->query('SELECT\r\n       ...')
#4 C:\xampp\htdocs\relacao2.0\system\CodeIgniter.php(832): App\Controllers\Relacao->pesquisar()
#5 C:\xampp\htdocs\relacao2.0\system\CodeIgniter.php(419): CodeIgniter\CodeIgniter->runController(Object(App\Controllers\Relacao))
#6 C:\xampp\htdocs\relacao2.0\system\CodeIgniter.php(326): CodeIgniter\CodeIgniter->handleRequest(NULL, Object(Config\Cache), false)
#7 C:\xampp\htdocs\relacao2.0\index.php(37): CodeIgniter\CodeIgniter->run()
#8 {main}
CRITICAL - 2022-06-08 07:49:22 --> Unknown column 'Selec' in 'where clause'
#0 C:\xampp\htdocs\relacao2.0\app\Views\relacao.php(112): mysqli_query(Object(mysqli), 'SELECT NOMEPONT...')
#1 C:\xampp\htdocs\relacao2.0\system\View\View.php(210): include('C:\\xampp\\htdocs...')
#2 C:\xampp\htdocs\relacao2.0\system\View\View.php(213): CodeIgniter\View\View->CodeIgniter\View\{closure}()
#3 C:\xampp\htdocs\relacao2.0\system\Common.php(1089): CodeIgniter\View\View->render('relacao', Array, true)
#4 C:\xampp\htdocs\relacao2.0\app\Controllers\Relacao.php(330): view('relacao', Array)
#5 C:\xampp\htdocs\relacao2.0\system\CodeIgniter.php(832): App\Controllers\Relacao->pesquisar()
#6 C:\xampp\htdocs\relacao2.0\system\CodeIgniter.php(419): CodeIgniter\CodeIgniter->runController(Object(App\Controllers\Relacao))
#7 C:\xampp\htdocs\relacao2.0\system\CodeIgniter.php(326): CodeIgniter\CodeIgniter->handleRequest(NULL, Object(Config\Cache), false)
#8 C:\xampp\htdocs\relacao2.0\index.php(37): CodeIgniter\CodeIgniter->run()
#9 {main}
CRITICAL - 2022-06-08 07:50:23 --> Unknown column 'Selec' in 'where clause'
#0 C:\xampp\htdocs\relacao2.0\app\Views\relacao.php(131): mysqli_query(Object(mysqli), 'SELECT MEIO FRO...')
#1 C:\xampp\htdocs\relacao2.0\system\View\View.php(210): include('C:\\xampp\\htdocs...')
#2 C:\xampp\htdocs\relacao2.0\system\View\View.php(213): CodeIgniter\View\View->CodeIgniter\View\{closure}()
#3 C:\xampp\htdocs\relacao2.0\system\Common.php(1089): CodeIgniter\View\View->render('relacao', Array, true)
#4 C:\xampp\htdocs\relacao2.0\app\Controllers\Relacao.php(330): view('relacao', Array)
#5 C:\xampp\htdocs\relacao2.0\system\CodeIgniter.php(832): App\Controllers\Relacao->pesquisar()
#6 C:\xampp\htdocs\relacao2.0\system\CodeIgniter.php(419): CodeIgniter\CodeIgniter->runController(Object(App\Controllers\Relacao))
#7 C:\xampp\htdocs\relacao2.0\system\CodeIgniter.php(326): CodeIgniter\CodeIgniter->handleRequest(NULL, Object(Config\Cache), false)
#8 C:\xampp\htdocs\relacao2.0\index.php(37): CodeIgniter\CodeIgniter->run()
#9 {main}
CRITICAL - 2022-06-08 07:50:37 --> Unknown column 'Selec' in 'where clause'
#0 C:\xampp\htdocs\relacao2.0\app\Views\relacao.php(112): mysqli_query(Object(mysqli), 'SELECT NOMEPONT...')
#1 C:\xampp\htdocs\relacao2.0\system\View\View.php(210): include('C:\\xampp\\htdocs...')
#2 C:\xampp\htdocs\relacao2.0\system\View\View.php(213): CodeIgniter\View\View->CodeIgniter\View\{closure}()
#3 C:\xampp\htdocs\relacao2.0\system\Common.php(1089): CodeIgniter\View\View->render('relacao', Array, true)
#4 C:\xampp\htdocs\relacao2.0\app\Controllers\Relacao.php(330): view('relacao', Array)
#5 C:\xampp\htdocs\relacao2.0\system\CodeIgniter.php(832): App\Controllers\Relacao->pesquisar()
#6 C:\xampp\htdocs\relacao2.0\system\CodeIgniter.php(419): CodeIgniter\CodeIgniter->runController(Object(App\Controllers\Relacao))
#7 C:\xampp\htdocs\relacao2.0\system\CodeIgniter.php(326): CodeIgniter\CodeIgniter->handleRequest(NULL, Object(Config\Cache), false)
#8 C:\xampp\htdocs\relacao2.0\index.php(37): CodeIgniter\CodeIgniter->run()
#9 {main}
CRITICAL - 2022-06-08 07:53:16 --> Unknown column 'Selec' in 'where clause'
#0 C:\xampp\htdocs\relacao2.0\app\Views\relacao.php(112): mysqli_query(Object(mysqli), 'SELECT NOMEPONT...')
#1 C:\xampp\htdocs\relacao2.0\system\View\View.php(210): include('C:\\xampp\\htdocs...')
#2 C:\xampp\htdocs\relacao2.0\system\View\View.php(213): CodeIgniter\View\View->CodeIgniter\View\{closure}()
#3 C:\xampp\htdocs\relacao2.0\system\Common.php(1089): CodeIgniter\View\View->render('relacao', Array, true)
#4 C:\xampp\htdocs\relacao2.0\app\Controllers\Relacao.php(330): view('relacao', Array)
#5 C:\xampp\htdocs\relacao2.0\system\CodeIgniter.php(832): App\Controllers\Relacao->pesquisar()
#6 C:\xampp\htdocs\relacao2.0\system\CodeIgniter.php(419): CodeIgniter\CodeIgniter->runController(Object(App\Controllers\Relacao))
#7 C:\xampp\htdocs\relacao2.0\system\CodeIgniter.php(326): CodeIgniter\CodeIgniter->handleRequest(NULL, Object(Config\Cache), false)
#8 C:\xampp\htdocs\relacao2.0\index.php(37): CodeIgniter\CodeIgniter->run()
#9 {main}
CRITICAL - 2022-06-08 07:56:25 --> Unknown column 'Selec' in 'where clause'
#0 C:\xampp\htdocs\relacao2.0\app\Views\relacao.php(112): mysqli_query(Object(mysqli), 'SELECT NOMEPONT...')
#1 C:\xampp\htdocs\relacao2.0\system\View\View.php(210): include('C:\\xampp\\htdocs...')
#2 C:\xampp\htdocs\relacao2.0\system\View\View.php(213): CodeIgniter\View\View->CodeIgniter\View\{closure}()
#3 C:\xampp\htdocs\relacao2.0\system\Common.php(1089): CodeIgniter\View\View->render('relacao', Array, true)
#4 C:\xampp\htdocs\relacao2.0\app\Controllers\Relacao.php(330): view('relacao', Array)
#5 C:\xampp\htdocs\relacao2.0\system\CodeIgniter.php(832): App\Controllers\Relacao->pesquisar()
#6 C:\xampp\htdocs\relacao2.0\system\CodeIgniter.php(419): CodeIgniter\CodeIgniter->runController(Object(App\Controllers\Relacao))
#7 C:\xampp\htdocs\relacao2.0\system\CodeIgniter.php(326): CodeIgniter\CodeIgniter->handleRequest(NULL, Object(Config\Cache), false)
#8 C:\xampp\htdocs\relacao2.0\index.php(37): CodeIgniter\CodeIgniter->run()
#9 {main}
CRITICAL - 2022-06-08 07:59:13 --> Unknown column 'Selec' in 'where clause'
#0 C:\xampp\htdocs\relacao2.0\app\Views\relacao.php(112): mysqli_query(Object(mysqli), 'SELECT NOMEPONT...')
#1 C:\xampp\htdocs\relacao2.0\system\View\View.php(210): include('C:\\xampp\\htdocs...')
#2 C:\xampp\htdocs\relacao2.0\system\View\View.php(213): CodeIgniter\View\View->CodeIgniter\View\{closure}()
#3 C:\xampp\htdocs\relacao2.0\system\Common.php(1089): CodeIgniter\View\View->render('relacao', Array, true)
#4 C:\xampp\htdocs\relacao2.0\app\Controllers\Relacao.php(330): view('relacao', Array)
#5 C:\xampp\htdocs\relacao2.0\system\CodeIgniter.php(832): App\Controllers\Relacao->pesquisar()
#6 C:\xampp\htdocs\relacao2.0\system\CodeIgniter.php(419): CodeIgniter\CodeIgniter->runController(Object(App\Controllers\Relacao))
#7 C:\xampp\htdocs\relacao2.0\system\CodeIgniter.php(326): CodeIgniter\CodeIgniter->handleRequest(NULL, Object(Config\Cache), false)
#8 C:\xampp\htdocs\relacao2.0\index.php(37): CodeIgniter\CodeIgniter->run()
#9 {main}
CRITICAL - 2022-06-08 08:01:09 --> Unknown column 'Selec' in 'where clause'
#0 C:\xampp\htdocs\relacao2.0\app\Views\relacao.php(112): mysqli_query(Object(mysqli), 'SELECT NOMEPONT...')
#1 C:\xampp\htdocs\relacao2.0\system\View\View.php(210): include('C:\\xampp\\htdocs...')
#2 C:\xampp\htdocs\relacao2.0\system\View\View.php(213): CodeIgniter\View\View->CodeIgniter\View\{closure}()
#3 C:\xampp\htdocs\relacao2.0\system\Common.php(1089): CodeIgniter\View\View->render('relacao', Array, true)
#4 C:\xampp\htdocs\relacao2.0\app\Controllers\Relacao.php(330): view('relacao', Array)
#5 C:\xampp\htdocs\relacao2.0\system\CodeIgniter.php(832): App\Controllers\Relacao->pesquisar()
#6 C:\xampp\htdocs\relacao2.0\system\CodeIgniter.php(419): CodeIgniter\CodeIgniter->runController(Object(App\Controllers\Relacao))
#7 C:\xampp\htdocs\relacao2.0\system\CodeIgniter.php(326): CodeIgniter\CodeIgniter->handleRequest(NULL, Object(Config\Cache), false)
#8 C:\xampp\htdocs\relacao2.0\index.php(37): CodeIgniter\CodeIgniter->run()
#9 {main}
CRITICAL - 2022-06-08 08:01:22 --> Unknown column 'oi' in 'where clause'
#0 C:\xampp\htdocs\relacao2.0\app\Views\relacao.php(112): mysqli_query(Object(mysqli), 'SELECT NOMEPONT...')
#1 C:\xampp\htdocs\relacao2.0\system\View\View.php(210): include('C:\\xampp\\htdocs...')
#2 C:\xampp\htdocs\relacao2.0\system\View\View.php(213): CodeIgniter\View\View->CodeIgniter\View\{closure}()
#3 C:\xampp\htdocs\relacao2.0\system\Common.php(1089): CodeIgniter\View\View->render('relacao', Array, true)
#4 C:\xampp\htdocs\relacao2.0\app\Controllers\Relacao.php(330): view('relacao', Array)
#5 C:\xampp\htdocs\relacao2.0\system\CodeIgniter.php(832): App\Controllers\Relacao->pesquisar()
#6 C:\xampp\htdocs\relacao2.0\system\CodeIgniter.php(419): CodeIgniter\CodeIgniter->runController(Object(App\Controllers\Relacao))
#7 C:\xampp\htdocs\relacao2.0\system\CodeIgniter.php(326): CodeIgniter\CodeIgniter->handleRequest(NULL, Object(Config\Cache), false)
#8 C:\xampp\htdocs\relacao2.0\index.php(37): CodeIgniter\CodeIgniter->run()
#9 {main}
CRITICAL - 2022-06-08 08:01:50 --> Unknown column 'Selec' in 'where clause'
#0 C:\xampp\htdocs\relacao2.0\app\Views\relacao.php(112): mysqli_query(Object(mysqli), 'SELECT NOMEPONT...')
#1 C:\xampp\htdocs\relacao2.0\system\View\View.php(210): include('C:\\xampp\\htdocs...')
#2 C:\xampp\htdocs\relacao2.0\system\View\View.php(213): CodeIgniter\View\View->CodeIgniter\View\{closure}()
#3 C:\xampp\htdocs\relacao2.0\system\Common.php(1089): CodeIgniter\View\View->render('relacao', Array, true)
#4 C:\xampp\htdocs\relacao2.0\app\Controllers\Relacao.php(330): view('relacao', Array)
#5 C:\xampp\htdocs\relacao2.0\system\CodeIgniter.php(832): App\Controllers\Relacao->pesquisar()
#6 C:\xampp\htdocs\relacao2.0\system\CodeIgniter.php(419): CodeIgniter\CodeIgniter->runController(Object(App\Controllers\Relacao))
#7 C:\xampp\htdocs\relacao2.0\system\CodeIgniter.php(326): CodeIgniter\CodeIgniter->handleRequest(NULL, Object(Config\Cache), false)
#8 C:\xampp\htdocs\relacao2.0\index.php(37): CodeIgniter\CodeIgniter->run()
#9 {main}
CRITICAL - 2022-06-08 08:01:59 --> Unknown column 'Selec' in 'where clause'
#0 C:\xampp\htdocs\relacao2.0\app\Views\relacao.php(112): mysqli_query(Object(mysqli), 'SELECT NOMEPONT...')
#1 C:\xampp\htdocs\relacao2.0\system\View\View.php(210): include('C:\\xampp\\htdocs...')
#2 C:\xampp\htdocs\relacao2.0\system\View\View.php(213): CodeIgniter\View\View->CodeIgniter\View\{closure}()
#3 C:\xampp\htdocs\relacao2.0\system\Common.php(1089): CodeIgniter\View\View->render('relacao', Array, true)
#4 C:\xampp\htdocs\relacao2.0\app\Controllers\Relacao.php(330): view('relacao', Array)
#5 C:\xampp\htdocs\relacao2.0\system\CodeIgniter.php(832): App\Controllers\Relacao->pesquisar()
#6 C:\xampp\htdocs\relacao2.0\system\CodeIgniter.php(419): CodeIgniter\CodeIgniter->runController(Object(App\Controllers\Relacao))
#7 C:\xampp\htdocs\relacao2.0\system\CodeIgniter.php(326): CodeIgniter\CodeIgniter->handleRequest(NULL, Object(Config\Cache), false)
#8 C:\xampp\htdocs\relacao2.0\index.php(37): CodeIgniter\CodeIgniter->run()
#9 {main}
CRITICAL - 2022-06-08 08:04:32 --> Unknown column 'Selec' in 'where clause'
#0 C:\xampp\htdocs\relacao2.0\app\Views\relacao.php(112): mysqli_query(Object(mysqli), 'SELECT NOMEPONT...')
#1 C:\xampp\htdocs\relacao2.0\system\View\View.php(210): include('C:\\xampp\\htdocs...')
#2 C:\xampp\htdocs\relacao2.0\system\View\View.php(213): CodeIgniter\View\View->CodeIgniter\View\{closure}()
#3 C:\xampp\htdocs\relacao2.0\system\Common.php(1089): CodeIgniter\View\View->render('relacao', Array, true)
#4 C:\xampp\htdocs\relacao2.0\app\Controllers\Relacao.php(330): view('relacao', Array)
#5 C:\xampp\htdocs\relacao2.0\system\CodeIgniter.php(832): App\Controllers\Relacao->pesquisar()
#6 C:\xampp\htdocs\relacao2.0\system\CodeIgniter.php(419): CodeIgniter\CodeIgniter->runController(Object(App\Controllers\Relacao))
#7 C:\xampp\htdocs\relacao2.0\system\CodeIgniter.php(326): CodeIgniter\CodeIgniter->handleRequest(NULL, Object(Config\Cache), false)
#8 C:\xampp\htdocs\relacao2.0\index.php(37): CodeIgniter\CodeIgniter->run()
#9 {main}
CRITICAL - 2022-06-08 08:04:54 --> Unknown column 'Selec' in 'where clause'
#0 C:\xampp\htdocs\relacao2.0\app\Views\relacao.php(112): mysqli_query(Object(mysqli), 'SELECT NOMEPONT...')
#1 C:\xampp\htdocs\relacao2.0\system\View\View.php(210): include('C:\\xampp\\htdocs...')
#2 C:\xampp\htdocs\relacao2.0\system\View\View.php(213): CodeIgniter\View\View->CodeIgniter\View\{closure}()
#3 C:\xampp\htdocs\relacao2.0\system\Common.php(1089): CodeIgniter\View\View->render('relacao', Array, true)
#4 C:\xampp\htdocs\relacao2.0\app\Controllers\Relacao.php(330): view('relacao', Array)
#5 C:\xampp\htdocs\relacao2.0\system\CodeIgniter.php(832): App\Controllers\Relacao->pesquisar()
#6 C:\xampp\htdocs\relacao2.0\system\CodeIgniter.php(419): CodeIgniter\CodeIgniter->runController(Object(App\Controllers\Relacao))
#7 C:\xampp\htdocs\relacao2.0\system\CodeIgniter.php(326): CodeIgniter\CodeIgniter->handleRequest(NULL, Object(Config\Cache), false)
#8 C:\xampp\htdocs\relacao2.0\index.php(37): CodeIgniter\CodeIgniter->run()
#9 {main}
CRITICAL - 2022-06-08 08:05:27 --> Cannot use object of type stdClass as array
#0 C:\xampp\htdocs\relacao2.0\system\View\View.php(210): include()
#1 C:\xampp\htdocs\relacao2.0\system\View\View.php(213): CodeIgniter\View\View->CodeIgniter\View\{closure}()
#2 C:\xampp\htdocs\relacao2.0\system\Common.php(1089): CodeIgniter\View\View->render('relacao', Array, true)
#3 C:\xampp\htdocs\relacao2.0\app\Controllers\Relacao.php(330): view('relacao', Array)
#4 C:\xampp\htdocs\relacao2.0\system\CodeIgniter.php(832): App\Controllers\Relacao->pesquisar()
#5 C:\xampp\htdocs\relacao2.0\system\CodeIgniter.php(419): CodeIgniter\CodeIgniter->runController(Object(App\Controllers\Relacao))
#6 C:\xampp\htdocs\relacao2.0\system\CodeIgniter.php(326): CodeIgniter\CodeIgniter->handleRequest(NULL, Object(Config\Cache), false)
#7 C:\xampp\htdocs\relacao2.0\index.php(37): CodeIgniter\CodeIgniter->run()
#8 {main}
CRITICAL - 2022-06-08 08:06:06 --> Class "App\Models\PontosModel" not found
#0 C:\xampp\htdocs\relacao2.0\system\CodeIgniter.php(832): App\Controllers\Relacao->pesquisar()
#1 C:\xampp\htdocs\relacao2.0\system\CodeIgniter.php(419): CodeIgniter\CodeIgniter->runController(Object(App\Controllers\Relacao))
#2 C:\xampp\htdocs\relacao2.0\system\CodeIgniter.php(326): CodeIgniter\CodeIgniter->handleRequest(NULL, Object(Config\Cache), false)
#3 C:\xampp\htdocs\relacao2.0\index.php(37): CodeIgniter\CodeIgniter->run()
#4 {main}
CRITICAL - 2022-06-08 08:06:33 --> Undefined variable $selectServidores
#0 C:\xampp\htdocs\relacao2.0\app\Views\relacao.php(98): CodeIgniter\Debug\Exceptions->errorHandler(2, 'Undefined varia...', 'C:\\xampp\\htdocs...', 98)
#1 C:\xampp\htdocs\relacao2.0\system\View\View.php(210): include('C:\\xampp\\htdocs...')
#2 C:\xampp\htdocs\relacao2.0\system\View\View.php(213): CodeIgniter\View\View->CodeIgniter\View\{closure}()
#3 C:\xampp\htdocs\relacao2.0\system\Common.php(1089): CodeIgniter\View\View->render('relacao', Array, true)
#4 C:\xampp\htdocs\relacao2.0\app\Controllers\Relacao.php(310): view('relacao', Array)
#5 C:\xampp\htdocs\relacao2.0\system\CodeIgniter.php(832): App\Controllers\Relacao->pesquisar()
#6 C:\xampp\htdocs\relacao2.0\system\CodeIgniter.php(419): CodeIgniter\CodeIgniter->runController(Object(App\Controllers\Relacao))
#7 C:\xampp\htdocs\relacao2.0\system\CodeIgniter.php(326): CodeIgniter\CodeIgniter->handleRequest(NULL, Object(Config\Cache), false)
#8 C:\xampp\htdocs\relacao2.0\index.php(37): CodeIgniter\CodeIgniter->run()
#9 {main}
CRITICAL - 2022-06-08 08:06:38 --> Unknown column 'Selec' in 'where clause'
#0 C:\xampp\htdocs\relacao2.0\app\Views\relacao.php(112): mysqli_query(Object(mysqli), 'SELECT NOMEPONT...')
#1 C:\xampp\htdocs\relacao2.0\system\View\View.php(210): include('C:\\xampp\\htdocs...')
#2 C:\xampp\htdocs\relacao2.0\system\View\View.php(213): CodeIgniter\View\View->CodeIgniter\View\{closure}()
#3 C:\xampp\htdocs\relacao2.0\system\Common.php(1089): CodeIgniter\View\View->render('relacao', Array, true)
#4 C:\xampp\htdocs\relacao2.0\app\Controllers\Relacao.php(330): view('relacao', Array)
#5 C:\xampp\htdocs\relacao2.0\system\CodeIgniter.php(832): App\Controllers\Relacao->pesquisar()
#6 C:\xampp\htdocs\relacao2.0\system\CodeIgniter.php(419): CodeIgniter\CodeIgniter->runController(Object(App\Controllers\Relacao))
#7 C:\xampp\htdocs\relacao2.0\system\CodeIgniter.php(326): CodeIgniter\CodeIgniter->handleRequest(NULL, Object(Config\Cache), false)
#8 C:\xampp\htdocs\relacao2.0\index.php(37): CodeIgniter\CodeIgniter->run()
#9 {main}
CRITICAL - 2022-06-08 08:06:55 --> Unknown column 'Selec' in 'where clause'
#0 C:\xampp\htdocs\relacao2.0\app\Views\relacao.php(131): mysqli_query(Object(mysqli), 'SELECT MEIO FRO...')
#1 C:\xampp\htdocs\relacao2.0\system\View\View.php(210): include('C:\\xampp\\htdocs...')
#2 C:\xampp\htdocs\relacao2.0\system\View\View.php(213): CodeIgniter\View\View->CodeIgniter\View\{closure}()
#3 C:\xampp\htdocs\relacao2.0\system\Common.php(1089): CodeIgniter\View\View->render('relacao', Array, true)
#4 C:\xampp\htdocs\relacao2.0\app\Controllers\Relacao.php(330): view('relacao', Array)
#5 C:\xampp\htdocs\relacao2.0\system\CodeIgniter.php(832): App\Controllers\Relacao->pesquisar()
#6 C:\xampp\htdocs\relacao2.0\system\CodeIgniter.php(419): CodeIgniter\CodeIgniter->runController(Object(App\Controllers\Relacao))
#7 C:\xampp\htdocs\relacao2.0\system\CodeIgniter.php(326): CodeIgniter\CodeIgniter->handleRequest(NULL, Object(Config\Cache), false)
#8 C:\xampp\htdocs\relacao2.0\index.php(37): CodeIgniter\CodeIgniter->run()
#9 {main}
CRITICAL - 2022-06-08 08:07:03 --> Unknown column 'Selec' in 'where clause'
#0 C:\xampp\htdocs\relacao2.0\app\Views\relacao.php(131): mysqli_query(Object(mysqli), 'SELECT MEIO FRO...')
#1 C:\xampp\htdocs\relacao2.0\system\View\View.php(210): include('C:\\xampp\\htdocs...')
#2 C:\xampp\htdocs\relacao2.0\system\View\View.php(213): CodeIgniter\View\View->CodeIgniter\View\{closure}()
#3 C:\xampp\htdocs\relacao2.0\system\Common.php(1089): CodeIgniter\View\View->render('relacao', Array, true)
#4 C:\xampp\htdocs\relacao2.0\app\Controllers\Relacao.php(330): view('relacao', Array)
#5 C:\xampp\htdocs\relacao2.0\system\CodeIgniter.php(832): App\Controllers\Relacao->pesquisar()
#6 C:\xampp\htdocs\relacao2.0\system\CodeIgniter.php(419): CodeIgniter\CodeIgniter->runController(Object(App\Controllers\Relacao))
#7 C:\xampp\htdocs\relacao2.0\system\CodeIgniter.php(326): CodeIgniter\CodeIgniter->handleRequest(NULL, Object(Config\Cache), false)
#8 C:\xampp\htdocs\relacao2.0\index.php(37): CodeIgniter\CodeIgniter->run()
#9 {main}
CRITICAL - 2022-06-08 08:07:16 --> Trying to access array offset on value of type null
#0 C:\xampp\htdocs\relacao2.0\app\Views\relacao.php(137): CodeIgniter\Debug\Exceptions->errorHandler(2, 'Trying to acces...', 'C:\\xampp\\htdocs...', 137)
#1 C:\xampp\htdocs\relacao2.0\system\View\View.php(210): include('C:\\xampp\\htdocs...')
#2 C:\xampp\htdocs\relacao2.0\system\View\View.php(213): CodeIgniter\View\View->CodeIgniter\View\{closure}()
#3 C:\xampp\htdocs\relacao2.0\system\Common.php(1089): CodeIgniter\View\View->render('relacao', Array, true)
#4 C:\xampp\htdocs\relacao2.0\app\Controllers\Relacao.php(330): view('relacao', Array)
#5 C:\xampp\htdocs\relacao2.0\system\CodeIgniter.php(832): App\Controllers\Relacao->pesquisar()
#6 C:\xampp\htdocs\relacao2.0\system\CodeIgniter.php(419): CodeIgniter\CodeIgniter->runController(Object(App\Controllers\Relacao))
#7 C:\xampp\htdocs\relacao2.0\system\CodeIgniter.php(326): CodeIgniter\CodeIgniter->handleRequest(NULL, Object(Config\Cache), false)
#8 C:\xampp\htdocs\relacao2.0\index.php(37): CodeIgniter\CodeIgniter->run()
#9 {main}
CRITICAL - 2022-06-08 08:07:26 --> Unknown column 'Selec' in 'where clause'
#0 C:\xampp\htdocs\relacao2.0\app\Views\relacao.php(289): mysqli_query(Object(mysqli), 'SELECT NOMEPONT...')
#1 C:\xampp\htdocs\relacao2.0\system\View\View.php(210): include('C:\\xampp\\htdocs...')
#2 C:\xampp\htdocs\relacao2.0\system\View\View.php(213): CodeIgniter\View\View->CodeIgniter\View\{closure}()
#3 C:\xampp\htdocs\relacao2.0\system\Common.php(1089): CodeIgniter\View\View->render('relacao', Array, true)
#4 C:\xampp\htdocs\relacao2.0\app\Controllers\Relacao.php(330): view('relacao', Array)
#5 C:\xampp\htdocs\relacao2.0\system\CodeIgniter.php(832): App\Controllers\Relacao->pesquisar()
#6 C:\xampp\htdocs\relacao2.0\system\CodeIgniter.php(419): CodeIgniter\CodeIgniter->runController(Object(App\Controllers\Relacao))
#7 C:\xampp\htdocs\relacao2.0\system\CodeIgniter.php(326): CodeIgniter\CodeIgniter->handleRequest(NULL, Object(Config\Cache), false)
#8 C:\xampp\htdocs\relacao2.0\index.php(37): CodeIgniter\CodeIgniter->run()
#9 {main}
CRITICAL - 2022-06-08 08:16:11 --> Unknown column 'Selec' in 'where clause'
#0 C:\xampp\htdocs\relacao2.0\app\Views\relacao.php(112): mysqli_query(Object(mysqli), 'SELECT NOMEPONT...')
#1 C:\xampp\htdocs\relacao2.0\system\View\View.php(210): include('C:\\xampp\\htdocs...')
#2 C:\xampp\htdocs\relacao2.0\system\View\View.php(213): CodeIgniter\View\View->CodeIgniter\View\{closure}()
#3 C:\xampp\htdocs\relacao2.0\system\Common.php(1089): CodeIgniter\View\View->render('relacao', Array, true)
#4 C:\xampp\htdocs\relacao2.0\app\Controllers\Relacao.php(330): view('relacao', Array)
#5 C:\xampp\htdocs\relacao2.0\system\CodeIgniter.php(832): App\Controllers\Relacao->pesquisar()
#6 C:\xampp\htdocs\relacao2.0\system\CodeIgniter.php(419): CodeIgniter\CodeIgniter->runController(Object(App\Controllers\Relacao))
#7 C:\xampp\htdocs\relacao2.0\system\CodeIgniter.php(326): CodeIgniter\CodeIgniter->handleRequest(NULL, Object(Config\Cache), false)
#8 C:\xampp\htdocs\relacao2.0\index.php(37): CodeIgniter\CodeIgniter->run()
#9 {main}
CRITICAL - 2022-06-08 08:17:03 --> Unknown column 'Selec' in 'where clause'
#0 C:\xampp\htdocs\relacao2.0\app\Views\relacao.php(112): mysqli_query(Object(mysqli), 'SELECT NOMEPONT...')
#1 C:\xampp\htdocs\relacao2.0\system\View\View.php(210): include('C:\\xampp\\htdocs...')
#2 C:\xampp\htdocs\relacao2.0\system\View\View.php(213): CodeIgniter\View\View->CodeIgniter\View\{closure}()
#3 C:\xampp\htdocs\relacao2.0\system\Common.php(1089): CodeIgniter\View\View->render('relacao', Array, true)
#4 C:\xampp\htdocs\relacao2.0\app\Controllers\Relacao.php(330): view('relacao', Array)
#5 C:\xampp\htdocs\relacao2.0\system\CodeIgniter.php(832): App\Controllers\Relacao->pesquisar()
#6 C:\xampp\htdocs\relacao2.0\system\CodeIgniter.php(419): CodeIgniter\CodeIgniter->runController(Object(App\Controllers\Relacao))
#7 C:\xampp\htdocs\relacao2.0\system\CodeIgniter.php(326): CodeIgniter\CodeIgniter->handleRequest(NULL, Object(Config\Cache), false)
#8 C:\xampp\htdocs\relacao2.0\index.php(37): CodeIgniter\CodeIgniter->run()
#9 {main}
CRITICAL - 2022-06-08 08:18:51 --> Unknown column 'Selec' in 'where clause'
#0 C:\xampp\htdocs\relacao2.0\app\Views\relacao.php(112): mysqli_query(Object(mysqli), 'SELECT NOMEPONT...')
#1 C:\xampp\htdocs\relacao2.0\system\View\View.php(210): include('C:\\xampp\\htdocs...')
#2 C:\xampp\htdocs\relacao2.0\system\View\View.php(213): CodeIgniter\View\View->CodeIgniter\View\{closure}()
#3 C:\xampp\htdocs\relacao2.0\system\Common.php(1089): CodeIgniter\View\View->render('relacao', Array, true)
#4 C:\xampp\htdocs\relacao2.0\app\Controllers\Relacao.php(330): view('relacao', Array)
#5 C:\xampp\htdocs\relacao2.0\system\CodeIgniter.php(832): App\Controllers\Relacao->pesquisar()
#6 C:\xampp\htdocs\relacao2.0\system\CodeIgniter.php(419): CodeIgniter\CodeIgniter->runController(Object(App\Controllers\Relacao))
#7 C:\xampp\htdocs\relacao2.0\system\CodeIgniter.php(326): CodeIgniter\CodeIgniter->handleRequest(NULL, Object(Config\Cache), false)
#8 C:\xampp\htdocs\relacao2.0\index.php(37): CodeIgniter\CodeIgniter->run()
#9 {main}
CRITICAL - 2022-06-08 08:20:29 --> Unknown column 'Selec' in 'where clause'
#0 C:\xampp\htdocs\relacao2.0\app\Views\relacao.php(112): mysqli_query(Object(mysqli), 'SELECT NOMEPONT...')
#1 C:\xampp\htdocs\relacao2.0\system\View\View.php(210): include('C:\\xampp\\htdocs...')
#2 C:\xampp\htdocs\relacao2.0\system\View\View.php(213): CodeIgniter\View\View->CodeIgniter\View\{closure}()
#3 C:\xampp\htdocs\relacao2.0\system\Common.php(1089): CodeIgniter\View\View->render('relacao', Array, true)
#4 C:\xampp\htdocs\relacao2.0\app\Controllers\Relacao.php(330): view('relacao', Array)
#5 C:\xampp\htdocs\relacao2.0\system\CodeIgniter.php(832): App\Controllers\Relacao->pesquisar()
#6 C:\xampp\htdocs\relacao2.0\system\CodeIgniter.php(419): CodeIgniter\CodeIgniter->runController(Object(App\Controllers\Relacao))
#7 C:\xampp\htdocs\relacao2.0\system\CodeIgniter.php(326): CodeIgniter\CodeIgniter->handleRequest(NULL, Object(Config\Cache), false)
#8 C:\xampp\htdocs\relacao2.0\index.php(37): CodeIgniter\CodeIgniter->run()
#9 {main}
CRITICAL - 2022-06-08 08:20:34 --> Unknown column 'Selec' in 'where clause'
#0 C:\xampp\htdocs\relacao2.0\app\Views\relacao.php(112): mysqli_query(Object(mysqli), 'SELECT NOMEPONT...')
#1 C:\xampp\htdocs\relacao2.0\system\View\View.php(210): include('C:\\xampp\\htdocs...')
#2 C:\xampp\htdocs\relacao2.0\system\View\View.php(213): CodeIgniter\View\View->CodeIgniter\View\{closure}()
#3 C:\xampp\htdocs\relacao2.0\system\Common.php(1089): CodeIgniter\View\View->render('relacao', Array, true)
#4 C:\xampp\htdocs\relacao2.0\app\Controllers\Relacao.php(330): view('relacao', Array)
#5 C:\xampp\htdocs\relacao2.0\system\CodeIgniter.php(832): App\Controllers\Relacao->pesquisar()
#6 C:\xampp\htdocs\relacao2.0\system\CodeIgniter.php(419): CodeIgniter\CodeIgniter->runController(Object(App\Controllers\Relacao))
#7 C:\xampp\htdocs\relacao2.0\system\CodeIgniter.php(326): CodeIgniter\CodeIgniter->handleRequest(NULL, Object(Config\Cache), false)
#8 C:\xampp\htdocs\relacao2.0\index.php(37): CodeIgniter\CodeIgniter->run()
#9 {main}
CRITICAL - 2022-06-08 08:26:38 --> Unknown column 'Selec' in 'where clause'
#0 C:\xampp\htdocs\relacao2.0\app\Views\relacao.php(112): mysqli_query(Object(mysqli), 'SELECT NOMEPONT...')
#1 C:\xampp\htdocs\relacao2.0\system\View\View.php(210): include('C:\\xampp\\htdocs...')
#2 C:\xampp\htdocs\relacao2.0\system\View\View.php(213): CodeIgniter\View\View->CodeIgniter\View\{closure}()
#3 C:\xampp\htdocs\relacao2.0\system\Common.php(1089): CodeIgniter\View\View->render('relacao', Array, true)
#4 C:\xampp\htdocs\relacao2.0\app\Controllers\Relacao.php(330): view('relacao', Array)
#5 C:\xampp\htdocs\relacao2.0\system\CodeIgniter.php(832): App\Controllers\Relacao->pesquisar()
#6 C:\xampp\htdocs\relacao2.0\system\CodeIgniter.php(419): CodeIgniter\CodeIgniter->runController(Object(App\Controllers\Relacao))
#7 C:\xampp\htdocs\relacao2.0\system\CodeIgniter.php(326): CodeIgniter\CodeIgniter->handleRequest(NULL, Object(Config\Cache), false)
#8 C:\xampp\htdocs\relacao2.0\index.php(37): CodeIgniter\CodeIgniter->run()
#9 {main}
CRITICAL - 2022-06-08 08:26:54 --> Unknown column 'Selec' in 'where clause'
#0 C:\xampp\htdocs\relacao2.0\app\Views\relacao.php(112): mysqli_query(Object(mysqli), 'SELECT NOMEPONT...')
#1 C:\xampp\htdocs\relacao2.0\system\View\View.php(210): include('C:\\xampp\\htdocs...')
#2 C:\xampp\htdocs\relacao2.0\system\View\View.php(213): CodeIgniter\View\View->CodeIgniter\View\{closure}()
#3 C:\xampp\htdocs\relacao2.0\system\Common.php(1089): CodeIgniter\View\View->render('relacao', Array, true)
#4 C:\xampp\htdocs\relacao2.0\app\Controllers\Relacao.php(330): view('relacao', Array)
#5 C:\xampp\htdocs\relacao2.0\system\CodeIgniter.php(832): App\Controllers\Relacao->pesquisar()
#6 C:\xampp\htdocs\relacao2.0\system\CodeIgniter.php(419): CodeIgniter\CodeIgniter->runController(Object(App\Controllers\Relacao))
#7 C:\xampp\htdocs\relacao2.0\system\CodeIgniter.php(326): CodeIgniter\CodeIgniter->handleRequest(NULL, Object(Config\Cache), false)
#8 C:\xampp\htdocs\relacao2.0\index.php(37): CodeIgniter\CodeIgniter->run()
#9 {main}
CRITICAL - 2022-06-08 08:27:54 --> Allowed memory size of 536870912 bytes exhausted (tried to allocate 255868928 bytes)
#0 [internal function]: CodeIgniter\Debug\Exceptions->shutdownHandler()
#1 {main}
CRITICAL - 2022-06-08 09:26:08 --> Unknown column 'Selec' in 'where clause'
#0 C:\xampp\htdocs\relacao2.0\app\Views\relacao.php(112): mysqli_query(Object(mysqli), 'SELECT NOMEPONT...')
#1 C:\xampp\htdocs\relacao2.0\system\View\View.php(210): include('C:\\xampp\\htdocs...')
#2 C:\xampp\htdocs\relacao2.0\system\View\View.php(213): CodeIgniter\View\View->CodeIgniter\View\{closure}()
#3 C:\xampp\htdocs\relacao2.0\system\Common.php(1089): CodeIgniter\View\View->render('relacao', Array, true)
#4 C:\xampp\htdocs\relacao2.0\app\Controllers\Relacao.php(331): view('relacao', Array)
#5 C:\xampp\htdocs\relacao2.0\system\CodeIgniter.php(832): App\Controllers\Relacao->pesquisar()
#6 C:\xampp\htdocs\relacao2.0\system\CodeIgniter.php(419): CodeIgniter\CodeIgniter->runController(Object(App\Controllers\Relacao))
#7 C:\xampp\htdocs\relacao2.0\system\CodeIgniter.php(326): CodeIgniter\CodeIgniter->handleRequest(NULL, Object(Config\Cache), false)
#8 C:\xampp\htdocs\relacao2.0\index.php(37): CodeIgniter\CodeIgniter->run()
#9 {main}
CRITICAL - 2022-06-08 09:26:41 --> Unknown column 'Selec' in 'where clause'
#0 C:\xampp\htdocs\relacao2.0\app\Views\relacao.php(112): mysqli_query(Object(mysqli), 'SELECT NOMEPONT...')
#1 C:\xampp\htdocs\relacao2.0\system\View\View.php(210): include('C:\\xampp\\htdocs...')
#2 C:\xampp\htdocs\relacao2.0\system\View\View.php(213): CodeIgniter\View\View->CodeIgniter\View\{closure}()
#3 C:\xampp\htdocs\relacao2.0\system\Common.php(1089): CodeIgniter\View\View->render('relacao', Array, true)
#4 C:\xampp\htdocs\relacao2.0\app\Controllers\Relacao.php(330): view('relacao', Array)
#5 C:\xampp\htdocs\relacao2.0\system\CodeIgniter.php(832): App\Controllers\Relacao->pesquisar()
#6 C:\xampp\htdocs\relacao2.0\system\CodeIgniter.php(419): CodeIgniter\CodeIgniter->runController(Object(App\Controllers\Relacao))
#7 C:\xampp\htdocs\relacao2.0\system\CodeIgniter.php(326): CodeIgniter\CodeIgniter->handleRequest(NULL, Object(Config\Cache), false)
#8 C:\xampp\htdocs\relacao2.0\index.php(37): CodeIgniter\CodeIgniter->run()
#9 {main}
CRITICAL - 2022-06-08 09:27:13 --> Unknown column 'Selec' in 'where clause'
#0 C:\xampp\htdocs\relacao2.0\app\Views\relacao.php(112): mysqli_query(Object(mysqli), 'SELECT NOMEPONT...')
#1 C:\xampp\htdocs\relacao2.0\system\View\View.php(210): include('C:\\xampp\\htdocs...')
#2 C:\xampp\htdocs\relacao2.0\system\View\View.php(213): CodeIgniter\View\View->CodeIgniter\View\{closure}()
#3 C:\xampp\htdocs\relacao2.0\system\Common.php(1089): CodeIgniter\View\View->render('relacao', Array, true)
#4 C:\xampp\htdocs\relacao2.0\app\Controllers\Relacao.php(330): view('relacao', Array)
#5 C:\xampp\htdocs\relacao2.0\system\CodeIgniter.php(832): App\Controllers\Relacao->pesquisar()
#6 C:\xampp\htdocs\relacao2.0\system\CodeIgniter.php(419): CodeIgniter\CodeIgniter->runController(Object(App\Controllers\Relacao))
#7 C:\xampp\htdocs\relacao2.0\system\CodeIgniter.php(326): CodeIgniter\CodeIgniter->handleRequest(NULL, Object(Config\Cache), false)
#8 C:\xampp\htdocs\relacao2.0\index.php(37): CodeIgniter\CodeIgniter->run()
#9 {main}
CRITICAL - 2022-06-08 09:33:22 --> Unknown column 'Selec' in 'where clause'
#0 C:\xampp\htdocs\relacao2.0\app\Views\relacao.php(112): mysqli_query(Object(mysqli), 'SELECT NOMEPONT...')
#1 C:\xampp\htdocs\relacao2.0\system\View\View.php(210): include('C:\\xampp\\htdocs...')
#2 C:\xampp\htdocs\relacao2.0\system\View\View.php(213): CodeIgniter\View\View->CodeIgniter\View\{closure}()
#3 C:\xampp\htdocs\relacao2.0\system\Common.php(1089): CodeIgniter\View\View->render('relacao', Array, true)
#4 C:\xampp\htdocs\relacao2.0\app\Controllers\Relacao.php(333): view('relacao', Array)
#5 C:\xampp\htdocs\relacao2.0\system\CodeIgniter.php(832): App\Controllers\Relacao->pesquisar()
#6 C:\xampp\htdocs\relacao2.0\system\CodeIgniter.php(419): CodeIgniter\CodeIgniter->runController(Object(App\Controllers\Relacao))
#7 C:\xampp\htdocs\relacao2.0\system\CodeIgniter.php(326): CodeIgniter\CodeIgniter->handleRequest(NULL, Object(Config\Cache), false)
#8 C:\xampp\htdocs\relacao2.0\index.php(37): CodeIgniter\CodeIgniter->run()
#9 {main}
CRITICAL - 2022-06-08 09:43:33 --> Unknown column 'Selec' in 'where clause'
#0 C:\xampp\htdocs\relacao2.0\app\Views\relacao.php(112): mysqli_query(Object(mysqli), 'SELECT NOMEPONT...')
#1 C:\xampp\htdocs\relacao2.0\system\View\View.php(210): include('C:\\xampp\\htdocs...')
#2 C:\xampp\htdocs\relacao2.0\system\View\View.php(213): CodeIgniter\View\View->CodeIgniter\View\{closure}()
#3 C:\xampp\htdocs\relacao2.0\system\Common.php(1089): CodeIgniter\View\View->render('relacao', Array, true)
#4 C:\xampp\htdocs\relacao2.0\app\Controllers\Relacao.php(333): view('relacao', Array)
#5 C:\xampp\htdocs\relacao2.0\system\CodeIgniter.php(832): App\Controllers\Relacao->pesquisar()
#6 C:\xampp\htdocs\relacao2.0\system\CodeIgniter.php(419): CodeIgniter\CodeIgniter->runController(Object(App\Controllers\Relacao))
#7 C:\xampp\htdocs\relacao2.0\system\CodeIgniter.php(326): CodeIgniter\CodeIgniter->handleRequest(NULL, Object(Config\Cache), false)
#8 C:\xampp\htdocs\relacao2.0\index.php(37): CodeIgniter\CodeIgniter->run()
#9 {main}
CRITICAL - 2022-06-08 09:43:45 --> Unknown column 'Selec' in 'where clause'
#0 C:\xampp\htdocs\relacao2.0\app\Views\relacao.php(112): mysqli_query(Object(mysqli), 'SELECT NOMEPONT...')
#1 C:\xampp\htdocs\relacao2.0\system\View\View.php(210): include('C:\\xampp\\htdocs...')
#2 C:\xampp\htdocs\relacao2.0\system\View\View.php(213): CodeIgniter\View\View->CodeIgniter\View\{closure}()
#3 C:\xampp\htdocs\relacao2.0\system\Common.php(1089): CodeIgniter\View\View->render('relacao', Array, true)
#4 C:\xampp\htdocs\relacao2.0\app\Controllers\Relacao.php(333): view('relacao', Array)
#5 C:\xampp\htdocs\relacao2.0\system\CodeIgniter.php(832): App\Controllers\Relacao->pesquisar()
#6 C:\xampp\htdocs\relacao2.0\system\CodeIgniter.php(419): CodeIgniter\CodeIgniter->runController(Object(App\Controllers\Relacao))
#7 C:\xampp\htdocs\relacao2.0\system\CodeIgniter.php(326): CodeIgniter\CodeIgniter->handleRequest(NULL, Object(Config\Cache), false)
#8 C:\xampp\htdocs\relacao2.0\index.php(37): CodeIgniter\CodeIgniter->run()
#9 {main}
CRITICAL - 2022-06-08 09:43:54 --> Unknown column 'Selec' in 'where clause'
#0 C:\xampp\htdocs\relacao2.0\app\Views\relacao.php(112): mysqli_query(Object(mysqli), 'SELECT NOMEPONT...')
#1 C:\xampp\htdocs\relacao2.0\system\View\View.php(210): include('C:\\xampp\\htdocs...')
#2 C:\xampp\htdocs\relacao2.0\system\View\View.php(213): CodeIgniter\View\View->CodeIgniter\View\{closure}()
#3 C:\xampp\htdocs\relacao2.0\system\Common.php(1089): CodeIgniter\View\View->render('relacao', Array, true)
#4 C:\xampp\htdocs\relacao2.0\app\Controllers\Relacao.php(333): view('relacao', Array)
#5 C:\xampp\htdocs\relacao2.0\system\CodeIgniter.php(832): App\Controllers\Relacao->pesquisar()
#6 C:\xampp\htdocs\relacao2.0\system\CodeIgniter.php(419): CodeIgniter\CodeIgniter->runController(Object(App\Controllers\Relacao))
#7 C:\xampp\htdocs\relacao2.0\system\CodeIgniter.php(326): CodeIgniter\CodeIgniter->handleRequest(NULL, Object(Config\Cache), false)
#8 C:\xampp\htdocs\relacao2.0\index.php(37): CodeIgniter\CodeIgniter->run()
#9 {main}
CRITICAL - 2022-06-08 09:45:15 --> Unknown column 'Selec' in 'where clause'
#0 C:\xampp\htdocs\relacao2.0\app\Views\relacao.php(112): mysqli_query(Object(mysqli), 'SELECT NOMEPONT...')
#1 C:\xampp\htdocs\relacao2.0\system\View\View.php(210): include('C:\\xampp\\htdocs...')
#2 C:\xampp\htdocs\relacao2.0\system\View\View.php(213): CodeIgniter\View\View->CodeIgniter\View\{closure}()
#3 C:\xampp\htdocs\relacao2.0\system\Common.php(1089): CodeIgniter\View\View->render('relacao', Array, true)
#4 C:\xampp\htdocs\relacao2.0\app\Controllers\Relacao.php(331): view('relacao', Array)
#5 C:\xampp\htdocs\relacao2.0\system\CodeIgniter.php(832): App\Controllers\Relacao->pesquisar()
#6 C:\xampp\htdocs\relacao2.0\system\CodeIgniter.php(419): CodeIgniter\CodeIgniter->runController(Object(App\Controllers\Relacao))
#7 C:\xampp\htdocs\relacao2.0\system\CodeIgniter.php(326): CodeIgniter\CodeIgniter->handleRequest(NULL, Object(Config\Cache), false)
#8 C:\xampp\htdocs\relacao2.0\index.php(37): CodeIgniter\CodeIgniter->run()
#9 {main}
CRITICAL - 2022-06-08 09:45:18 --> Unknown column 'Selec' in 'where clause'
#0 C:\xampp\htdocs\relacao2.0\app\Views\relacao.php(112): mysqli_query(Object(mysqli), 'SELECT NOMEPONT...')
#1 C:\xampp\htdocs\relacao2.0\system\View\View.php(210): include('C:\\xampp\\htdocs...')
#2 C:\xampp\htdocs\relacao2.0\system\View\View.php(213): CodeIgniter\View\View->CodeIgniter\View\{closure}()
#3 C:\xampp\htdocs\relacao2.0\system\Common.php(1089): CodeIgniter\View\View->render('relacao', Array, true)
#4 C:\xampp\htdocs\relacao2.0\app\Controllers\Relacao.php(331): view('relacao', Array)
#5 C:\xampp\htdocs\relacao2.0\system\CodeIgniter.php(832): App\Controllers\Relacao->pesquisar()
#6 C:\xampp\htdocs\relacao2.0\system\CodeIgniter.php(419): CodeIgniter\CodeIgniter->runController(Object(App\Controllers\Relacao))
#7 C:\xampp\htdocs\relacao2.0\system\CodeIgniter.php(326): CodeIgniter\CodeIgniter->handleRequest(NULL, Object(Config\Cache), false)
#8 C:\xampp\htdocs\relacao2.0\index.php(37): CodeIgniter\CodeIgniter->run()
#9 {main}
CRITICAL - 2022-06-08 09:45:32 --> Unknown column 'Selec' in 'where clause'
#0 C:\xampp\htdocs\relacao2.0\app\Views\relacao.php(112): mysqli_query(Object(mysqli), 'SELECT NOMEPONT...')
#1 C:\xampp\htdocs\relacao2.0\system\View\View.php(210): include('C:\\xampp\\htdocs...')
#2 C:\xampp\htdocs\relacao2.0\system\View\View.php(213): CodeIgniter\View\View->CodeIgniter\View\{closure}()
#3 C:\xampp\htdocs\relacao2.0\system\Common.php(1089): CodeIgniter\View\View->render('relacao', Array, true)
#4 C:\xampp\htdocs\relacao2.0\app\Controllers\Relacao.php(330): view('relacao', Array)
#5 C:\xampp\htdocs\relacao2.0\system\CodeIgniter.php(832): App\Controllers\Relacao->pesquisar()
#6 C:\xampp\htdocs\relacao2.0\system\CodeIgniter.php(419): CodeIgniter\CodeIgniter->runController(Object(App\Controllers\Relacao))
#7 C:\xampp\htdocs\relacao2.0\system\CodeIgniter.php(326): CodeIgniter\CodeIgniter->handleRequest(NULL, Object(Config\Cache), false)
#8 C:\xampp\htdocs\relacao2.0\index.php(37): CodeIgniter\CodeIgniter->run()
#9 {main}
CRITICAL - 2022-06-08 09:47:38 --> Unknown column 'Selec' in 'where clause'
#0 C:\xampp\htdocs\relacao2.0\app\Views\relacao.php(112): mysqli_query(Object(mysqli), 'SELECT NOMEPONT...')
#1 C:\xampp\htdocs\relacao2.0\system\View\View.php(210): include('C:\\xampp\\htdocs...')
#2 C:\xampp\htdocs\relacao2.0\system\View\View.php(213): CodeIgniter\View\View->CodeIgniter\View\{closure}()
#3 C:\xampp\htdocs\relacao2.0\system\Common.php(1089): CodeIgniter\View\View->render('relacao', Array, true)
#4 C:\xampp\htdocs\relacao2.0\app\Controllers\Relacao.php(330): view('relacao', Array)
#5 C:\xampp\htdocs\relacao2.0\system\CodeIgniter.php(832): App\Controllers\Relacao->pesquisar()
#6 C:\xampp\htdocs\relacao2.0\system\CodeIgniter.php(419): CodeIgniter\CodeIgniter->runController(Object(App\Controllers\Relacao))
#7 C:\xampp\htdocs\relacao2.0\system\CodeIgniter.php(326): CodeIgniter\CodeIgniter->handleRequest(NULL, Object(Config\Cache), false)
#8 C:\xampp\htdocs\relacao2.0\index.php(37): CodeIgniter\CodeIgniter->run()
#9 {main}
CRITICAL - 2022-06-08 09:48:08 --> Allowed memory size of 536870912 bytes exhausted (tried to allocate 255868928 bytes)
#0 [internal function]: CodeIgniter\Debug\Exceptions->shutdownHandler()
#1 {main}
CRITICAL - 2022-06-08 09:49:25 --> Unknown column 'Selec' in 'where clause'
#0 C:\xampp\htdocs\relacao2.0\app\Views\relacao.php(112): mysqli_query(Object(mysqli), 'SELECT NOMEPONT...')
#1 C:\xampp\htdocs\relacao2.0\system\View\View.php(210): include('C:\\xampp\\htdocs...')
#2 C:\xampp\htdocs\relacao2.0\system\View\View.php(213): CodeIgniter\View\View->CodeIgniter\View\{closure}()
#3 C:\xampp\htdocs\relacao2.0\system\Common.php(1089): CodeIgniter\View\View->render('relacao', Array, true)
#4 C:\xampp\htdocs\relacao2.0\app\Controllers\Relacao.php(330): view('relacao', Array)
#5 C:\xampp\htdocs\relacao2.0\system\CodeIgniter.php(832): App\Controllers\Relacao->pesquisar()
#6 C:\xampp\htdocs\relacao2.0\system\CodeIgniter.php(419): CodeIgniter\CodeIgniter->runController(Object(App\Controllers\Relacao))
#7 C:\xampp\htdocs\relacao2.0\system\CodeIgniter.php(326): CodeIgniter\CodeIgniter->handleRequest(NULL, Object(Config\Cache), false)
#8 C:\xampp\htdocs\relacao2.0\index.php(37): CodeIgniter\CodeIgniter->run()
#9 {main}
CRITICAL - 2022-06-08 09:49:57 --> Allowed memory size of 536870912 bytes exhausted (tried to allocate 255868928 bytes)
#0 [internal function]: CodeIgniter\Debug\Exceptions->shutdownHandler()
#1 {main}
CRITICAL - 2022-06-08 09:54:45 --> Unknown column 'Selec' in 'where clause'
#0 C:\xampp\htdocs\relacao2.0\app\Views\relacao.php(112): mysqli_query(Object(mysqli), 'SELECT NOMEPONT...')
#1 C:\xampp\htdocs\relacao2.0\system\View\View.php(210): include('C:\\xampp\\htdocs...')
#2 C:\xampp\htdocs\relacao2.0\system\View\View.php(213): CodeIgniter\View\View->CodeIgniter\View\{closure}()
#3 C:\xampp\htdocs\relacao2.0\system\Common.php(1089): CodeIgniter\View\View->render('relacao', Array, true)
#4 C:\xampp\htdocs\relacao2.0\app\Controllers\Relacao.php(330): view('relacao', Array)
#5 C:\xampp\htdocs\relacao2.0\system\CodeIgniter.php(832): App\Controllers\Relacao->pesquisar()
#6 C:\xampp\htdocs\relacao2.0\system\CodeIgniter.php(419): CodeIgniter\CodeIgniter->runController(Object(App\Controllers\Relacao))
#7 C:\xampp\htdocs\relacao2.0\system\CodeIgniter.php(326): CodeIgniter\CodeIgniter->handleRequest(NULL, Object(Config\Cache), false)
#8 C:\xampp\htdocs\relacao2.0\index.php(37): CodeIgniter\CodeIgniter->run()
#9 {main}
CRITICAL - 2022-06-08 10:01:30 --> Undefined variable $conecta
#0 C:\xampp\htdocs\relacao2.0\app\Views\relacao.php(279): CodeIgniter\Debug\Exceptions->errorHandler(2, 'Undefined varia...', 'C:\\xampp\\htdocs...', 279)
#1 C:\xampp\htdocs\relacao2.0\system\View\View.php(210): include('C:\\xampp\\htdocs...')
#2 C:\xampp\htdocs\relacao2.0\system\View\View.php(213): CodeIgniter\View\View->CodeIgniter\View\{closure}()
#3 C:\xampp\htdocs\relacao2.0\system\Common.php(1089): CodeIgniter\View\View->render('relacao', Array, true)
#4 C:\xampp\htdocs\relacao2.0\app\Controllers\Relacao.php(330): view('relacao', Array)
#5 C:\xampp\htdocs\relacao2.0\system\CodeIgniter.php(832): App\Controllers\Relacao->pesquisar()
#6 C:\xampp\htdocs\relacao2.0\system\CodeIgniter.php(419): CodeIgniter\CodeIgniter->runController(Object(App\Controllers\Relacao))
#7 C:\xampp\htdocs\relacao2.0\system\CodeIgniter.php(326): CodeIgniter\CodeIgniter->handleRequest(NULL, Object(Config\Cache), false)
#8 C:\xampp\htdocs\relacao2.0\index.php(37): CodeIgniter\CodeIgniter->run()
#9 {main}
CRITICAL - 2022-06-08 10:02:29 --> Undefined variable $envia
#0 C:\xampp\htdocs\relacao2.0\app\Views\relacao.php(277): CodeIgniter\Debug\Exceptions->errorHandler(2, 'Undefined varia...', 'C:\\xampp\\htdocs...', 277)
#1 C:\xampp\htdocs\relacao2.0\system\View\View.php(210): include('C:\\xampp\\htdocs...')
#2 C:\xampp\htdocs\relacao2.0\system\View\View.php(213): CodeIgniter\View\View->CodeIgniter\View\{closure}()
#3 C:\xampp\htdocs\relacao2.0\system\Common.php(1089): CodeIgniter\View\View->render('relacao', Array, true)
#4 C:\xampp\htdocs\relacao2.0\app\Controllers\Relacao.php(330): view('relacao', Array)
#5 C:\xampp\htdocs\relacao2.0\system\CodeIgniter.php(832): App\Controllers\Relacao->pesquisar()
#6 C:\xampp\htdocs\relacao2.0\system\CodeIgniter.php(419): CodeIgniter\CodeIgniter->runController(Object(App\Controllers\Relacao))
#7 C:\xampp\htdocs\relacao2.0\system\CodeIgniter.php(326): CodeIgniter\CodeIgniter->handleRequest(NULL, Object(Config\Cache), false)
#8 C:\xampp\htdocs\relacao2.0\index.php(37): CodeIgniter\CodeIgniter->run()
#9 {main}
CRITICAL - 2022-06-08 10:03:06 --> Unmatched '}'
#0 C:\xampp\htdocs\relacao2.0\system\View\View.php(213): CodeIgniter\View\View->CodeIgniter\View\{closure}()
#1 C:\xampp\htdocs\relacao2.0\system\Common.php(1089): CodeIgniter\View\View->render('relacao', Array, true)
#2 C:\xampp\htdocs\relacao2.0\app\Controllers\Relacao.php(330): view('relacao', Array)
#3 C:\xampp\htdocs\relacao2.0\system\CodeIgniter.php(832): App\Controllers\Relacao->pesquisar()
#4 C:\xampp\htdocs\relacao2.0\system\CodeIgniter.php(419): CodeIgniter\CodeIgniter->runController(Object(App\Controllers\Relacao))
#5 C:\xampp\htdocs\relacao2.0\system\CodeIgniter.php(326): CodeIgniter\CodeIgniter->handleRequest(NULL, Object(Config\Cache), false)
#6 C:\xampp\htdocs\relacao2.0\index.php(37): CodeIgniter\CodeIgniter->run()
#7 {main}
CRITICAL - 2022-06-08 10:03:20 --> Unknown column 'Selec' in 'where clause'
#0 C:\xampp\htdocs\relacao2.0\app\Views\relacao.php(123): mysqli_query(Object(mysqli), 'SELECT MEIO FRO...')
#1 C:\xampp\htdocs\relacao2.0\system\View\View.php(210): include('C:\\xampp\\htdocs...')
#2 C:\xampp\htdocs\relacao2.0\system\View\View.php(213): CodeIgniter\View\View->CodeIgniter\View\{closure}()
#3 C:\xampp\htdocs\relacao2.0\system\Common.php(1089): CodeIgniter\View\View->render('relacao', Array, true)
#4 C:\xampp\htdocs\relacao2.0\app\Controllers\Relacao.php(330): view('relacao', Array)
#5 C:\xampp\htdocs\relacao2.0\system\CodeIgniter.php(832): App\Controllers\Relacao->pesquisar()
#6 C:\xampp\htdocs\relacao2.0\system\CodeIgniter.php(419): CodeIgniter\CodeIgniter->runController(Object(App\Controllers\Relacao))
#7 C:\xampp\htdocs\relacao2.0\system\CodeIgniter.php(326): CodeIgniter\CodeIgniter->handleRequest(NULL, Object(Config\Cache), false)
#8 C:\xampp\htdocs\relacao2.0\index.php(37): CodeIgniter\CodeIgniter->run()
#9 {main}
CRITICAL - 2022-06-08 10:11:39 --> Unmatched '}'
#0 C:\xampp\htdocs\relacao2.0\system\View\View.php(213): CodeIgniter\View\View->CodeIgniter\View\{closure}()
#1 C:\xampp\htdocs\relacao2.0\system\Common.php(1089): CodeIgniter\View\View->render('relacao', Array, true)
#2 C:\xampp\htdocs\relacao2.0\app\Controllers\Relacao.php(330): view('relacao', Array)
#3 C:\xampp\htdocs\relacao2.0\system\CodeIgniter.php(832): App\Controllers\Relacao->pesquisar()
#4 C:\xampp\htdocs\relacao2.0\system\CodeIgniter.php(419): CodeIgniter\CodeIgniter->runController(Object(App\Controllers\Relacao))
#5 C:\xampp\htdocs\relacao2.0\system\CodeIgniter.php(326): CodeIgniter\CodeIgniter->handleRequest(NULL, Object(Config\Cache), false)
#6 C:\xampp\htdocs\relacao2.0\index.php(37): CodeIgniter\CodeIgniter->run()
#7 {main}
CRITICAL - 2022-06-08 10:17:48 --> Unknown column 'Selec' in 'where clause'
#0 C:\xampp\htdocs\relacao2.0\app\Views\relacao.php(112): mysqli_query(Object(mysqli), 'SELECT NOMEPONT...')
#1 C:\xampp\htdocs\relacao2.0\system\View\View.php(210): include('C:\\xampp\\htdocs...')
#2 C:\xampp\htdocs\relacao2.0\system\View\View.php(213): CodeIgniter\View\View->CodeIgniter\View\{closure}()
#3 C:\xampp\htdocs\relacao2.0\system\Common.php(1089): CodeIgniter\View\View->render('relacao', Array, true)
#4 C:\xampp\htdocs\relacao2.0\app\Controllers\Relacao.php(330): view('relacao', Array)
#5 C:\xampp\htdocs\relacao2.0\system\CodeIgniter.php(832): App\Controllers\Relacao->pesquisar()
#6 C:\xampp\htdocs\relacao2.0\system\CodeIgniter.php(419): CodeIgniter\CodeIgniter->runController(Object(App\Controllers\Relacao))
#7 C:\xampp\htdocs\relacao2.0\system\CodeIgniter.php(326): CodeIgniter\CodeIgniter->handleRequest(NULL, Object(Config\Cache), false)
#8 C:\xampp\htdocs\relacao2.0\index.php(37): CodeIgniter\CodeIgniter->run()
#9 {main}
CRITICAL - 2022-06-08 10:19:40 --> Unknown column 'Selec' in 'where clause'
#0 C:\xampp\htdocs\relacao2.0\app\Views\relacao.php(112): mysqli_query(Object(mysqli), 'SELECT NOMEPONT...')
#1 C:\xampp\htdocs\relacao2.0\system\View\View.php(210): include('C:\\xampp\\htdocs...')
#2 C:\xampp\htdocs\relacao2.0\system\View\View.php(213): CodeIgniter\View\View->CodeIgniter\View\{closure}()
#3 C:\xampp\htdocs\relacao2.0\system\Common.php(1089): CodeIgniter\View\View->render('relacao', Array, true)
#4 C:\xampp\htdocs\relacao2.0\app\Controllers\Relacao.php(330): view('relacao', Array)
#5 C:\xampp\htdocs\relacao2.0\system\CodeIgniter.php(832): App\Controllers\Relacao->pesquisar()
#6 C:\xampp\htdocs\relacao2.0\system\CodeIgniter.php(419): CodeIgniter\CodeIgniter->runController(Object(App\Controllers\Relacao))
#7 C:\xampp\htdocs\relacao2.0\system\CodeIgniter.php(326): CodeIgniter\CodeIgniter->handleRequest(NULL, Object(Config\Cache), false)
#8 C:\xampp\htdocs\relacao2.0\index.php(37): CodeIgniter\CodeIgniter->run()
#9 {main}
CRITICAL - 2022-06-08 10:25:52 --> Unknown column 'Selec' in 'where clause'
#0 C:\xampp\htdocs\relacao2.0\app\Views\relacao.php(112): mysqli_query(Object(mysqli), 'SELECT NOMEPONT...')
#1 C:\xampp\htdocs\relacao2.0\system\View\View.php(210): include('C:\\xampp\\htdocs...')
#2 C:\xampp\htdocs\relacao2.0\system\View\View.php(213): CodeIgniter\View\View->CodeIgniter\View\{closure}()
#3 C:\xampp\htdocs\relacao2.0\system\Common.php(1089): CodeIgniter\View\View->render('relacao', Array, true)
#4 C:\xampp\htdocs\relacao2.0\app\Controllers\Relacao.php(330): view('relacao', Array)
#5 C:\xampp\htdocs\relacao2.0\system\CodeIgniter.php(832): App\Controllers\Relacao->pesquisar()
#6 C:\xampp\htdocs\relacao2.0\system\CodeIgniter.php(419): CodeIgniter\CodeIgniter->runController(Object(App\Controllers\Relacao))
#7 C:\xampp\htdocs\relacao2.0\system\CodeIgniter.php(326): CodeIgniter\CodeIgniter->handleRequest(NULL, Object(Config\Cache), false)
#8 C:\xampp\htdocs\relacao2.0\index.php(37): CodeIgniter\CodeIgniter->run()
#9 {main}
CRITICAL - 2022-06-08 10:26:35 --> Unknown column 'Selec' in 'where clause'
#0 C:\xampp\htdocs\relacao2.0\app\Views\relacao.php(112): mysqli_query(Object(mysqli), 'SELECT NOMEPONT...')
#1 C:\xampp\htdocs\relacao2.0\system\View\View.php(210): include('C:\\xampp\\htdocs...')
#2 C:\xampp\htdocs\relacao2.0\system\View\View.php(213): CodeIgniter\View\View->CodeIgniter\View\{closure}()
#3 C:\xampp\htdocs\relacao2.0\system\Common.php(1089): CodeIgniter\View\View->render('relacao', Array, true)
#4 C:\xampp\htdocs\relacao2.0\app\Controllers\Relacao.php(330): view('relacao', Array)
#5 C:\xampp\htdocs\relacao2.0\system\CodeIgniter.php(832): App\Controllers\Relacao->pesquisar()
#6 C:\xampp\htdocs\relacao2.0\system\CodeIgniter.php(419): CodeIgniter\CodeIgniter->runController(Object(App\Controllers\Relacao))
#7 C:\xampp\htdocs\relacao2.0\system\CodeIgniter.php(326): CodeIgniter\CodeIgniter->handleRequest(NULL, Object(Config\Cache), false)
#8 C:\xampp\htdocs\relacao2.0\index.php(37): CodeIgniter\CodeIgniter->run()
#9 {main}
CRITICAL - 2022-06-08 13:19:35 --> Unknown column 'Selec' in 'where clause'
#0 C:\xampp\htdocs\relacao2.0\app\Views\relacao.php(131): mysqli_query(Object(mysqli), 'SELECT MEIO FRO...')
#1 C:\xampp\htdocs\relacao2.0\system\View\View.php(210): include('C:\\xampp\\htdocs...')
#2 C:\xampp\htdocs\relacao2.0\system\View\View.php(213): CodeIgniter\View\View->CodeIgniter\View\{closure}()
#3 C:\xampp\htdocs\relacao2.0\system\Common.php(1089): CodeIgniter\View\View->render('relacao', Array, true)
#4 C:\xampp\htdocs\relacao2.0\app\Controllers\Relacao.php(330): view('relacao', Array)
#5 C:\xampp\htdocs\relacao2.0\system\CodeIgniter.php(832): App\Controllers\Relacao->pesquisar()
#6 C:\xampp\htdocs\relacao2.0\system\CodeIgniter.php(419): CodeIgniter\CodeIgniter->runController(Object(App\Controllers\Relacao))
#7 C:\xampp\htdocs\relacao2.0\system\CodeIgniter.php(326): CodeIgniter\CodeIgniter->handleRequest(NULL, Object(Config\Cache), false)
#8 C:\xampp\htdocs\relacao2.0\index.php(37): CodeIgniter\CodeIgniter->run()
#9 {main}
CRITICAL - 2022-06-08 13:20:02 --> Unknown column 'Selec' in 'where clause'
#0 C:\xampp\htdocs\relacao2.0\app\Views\relacao.php(287): mysqli_query(Object(mysqli), 'SELECT NOMEPONT...')
#1 C:\xampp\htdocs\relacao2.0\system\View\View.php(210): include('C:\\xampp\\htdocs...')
#2 C:\xampp\htdocs\relacao2.0\system\View\View.php(213): CodeIgniter\View\View->CodeIgniter\View\{closure}()
#3 C:\xampp\htdocs\relacao2.0\system\Common.php(1089): CodeIgniter\View\View->render('relacao', Array, true)
#4 C:\xampp\htdocs\relacao2.0\app\Controllers\Relacao.php(330): view('relacao', Array)
#5 C:\xampp\htdocs\relacao2.0\system\CodeIgniter.php(832): App\Controllers\Relacao->pesquisar()
#6 C:\xampp\htdocs\relacao2.0\system\CodeIgniter.php(419): CodeIgniter\CodeIgniter->runController(Object(App\Controllers\Relacao))
#7 C:\xampp\htdocs\relacao2.0\system\CodeIgniter.php(326): CodeIgniter\CodeIgniter->handleRequest(NULL, Object(Config\Cache), false)
#8 C:\xampp\htdocs\relacao2.0\index.php(37): CodeIgniter\CodeIgniter->run()
#9 {main}
