CRITICAL - 2022-03-11 05:03:15 --> Undefined variable $searched
#0 C:\xampp\htdocs\relacao2.0\app\Views\relacao.php(39): CodeIgniter\Debug\Exceptions->errorHandler(2, 'Undefined varia...', 'C:\\xampp\\htdocs...', 39)
#1 C:\xampp\htdocs\relacao2.0\system\View\View.php(210): include('C:\\xampp\\htdocs...')
#2 C:\xampp\htdocs\relacao2.0\system\View\View.php(213): CodeIgniter\View\View->CodeIgniter\View\{closure}()
#3 C:\xampp\htdocs\relacao2.0\system\Common.php(1089): CodeIgniter\View\View->render('relacao', Array, true)
#4 C:\xampp\htdocs\relacao2.0\app\Controllers\Relacao.php(22): view('relacao', Array)
#5 C:\xampp\htdocs\relacao2.0\system\CodeIgniter.php(832): App\Controllers\Relacao->index()
#6 C:\xampp\htdocs\relacao2.0\system\CodeIgniter.php(419): CodeIgniter\CodeIgniter->runController(Object(App\Controllers\Relacao))
#7 C:\xampp\htdocs\relacao2.0\system\CodeIgniter.php(326): CodeIgniter\CodeIgniter->handleRequest(NULL, Object(Config\Cache), false)
#8 C:\xampp\htdocs\relacao2.0\index.php(37): CodeIgniter\CodeIgniter->run()
#9 {main}
CRITICAL - 2022-03-11 05:06:48 --> Undefined variable $searched
#0 C:\xampp\htdocs\relacao2.0\app\Views\relacao.php(39): CodeIgniter\Debug\Exceptions->errorHandler(2, 'Undefined varia...', 'C:\\xampp\\htdocs...', 39)
#1 C:\xampp\htdocs\relacao2.0\system\View\View.php(210): include('C:\\xampp\\htdocs...')
#2 C:\xampp\htdocs\relacao2.0\system\View\View.php(213): CodeIgniter\View\View->CodeIgniter\View\{closure}()
#3 C:\xampp\htdocs\relacao2.0\system\Common.php(1089): CodeIgniter\View\View->render('relacao', Array, true)
#4 C:\xampp\htdocs\relacao2.0\app\Controllers\Relacao.php(24): view('relacao', Array)
#5 C:\xampp\htdocs\relacao2.0\system\CodeIgniter.php(832): App\Controllers\Relacao->index()
#6 C:\xampp\htdocs\relacao2.0\system\CodeIgniter.php(419): CodeIgniter\CodeIgniter->runController(Object(App\Controllers\Relacao))
#7 C:\xampp\htdocs\relacao2.0\system\CodeIgniter.php(326): CodeIgniter\CodeIgniter->handleRequest(NULL, Object(Config\Cache), false)
#8 C:\xampp\htdocs\relacao2.0\index.php(37): CodeIgniter\CodeIgniter->run()
#9 {main}
CRITICAL - 2022-03-11 05:06:50 --> Undefined variable $searched
#0 C:\xampp\htdocs\relacao2.0\app\Views\relacao.php(39): CodeIgniter\Debug\Exceptions->errorHandler(2, 'Undefined varia...', 'C:\\xampp\\htdocs...', 39)
#1 C:\xampp\htdocs\relacao2.0\system\View\View.php(210): include('C:\\xampp\\htdocs...')
#2 C:\xampp\htdocs\relacao2.0\system\View\View.php(213): CodeIgniter\View\View->CodeIgniter\View\{closure}()
#3 C:\xampp\htdocs\relacao2.0\system\Common.php(1089): CodeIgniter\View\View->render('relacao', Array, true)
#4 C:\xampp\htdocs\relacao2.0\app\Controllers\Relacao.php(24): view('relacao', Array)
#5 C:\xampp\htdocs\relacao2.0\system\CodeIgniter.php(832): App\Controllers\Relacao->index()
#6 C:\xampp\htdocs\relacao2.0\system\CodeIgniter.php(419): CodeIgniter\CodeIgniter->runController(Object(App\Controllers\Relacao))
#7 C:\xampp\htdocs\relacao2.0\system\CodeIgniter.php(326): CodeIgniter\CodeIgniter->handleRequest(NULL, Object(Config\Cache), false)
#8 C:\xampp\htdocs\relacao2.0\index.php(37): CodeIgniter\CodeIgniter->run()
#9 {main}
CRITICAL - 2022-03-11 05:06:52 --> Undefined variable $searched
#0 C:\xampp\htdocs\relacao2.0\app\Views\relacao.php(39): CodeIgniter\Debug\Exceptions->errorHandler(2, 'Undefined varia...', 'C:\\xampp\\htdocs...', 39)
#1 C:\xampp\htdocs\relacao2.0\system\View\View.php(210): include('C:\\xampp\\htdocs...')
#2 C:\xampp\htdocs\relacao2.0\system\View\View.php(213): CodeIgniter\View\View->CodeIgniter\View\{closure}()
#3 C:\xampp\htdocs\relacao2.0\system\Common.php(1089): CodeIgniter\View\View->render('relacao', Array, true)
#4 C:\xampp\htdocs\relacao2.0\app\Controllers\Relacao.php(24): view('relacao', Array)
#5 C:\xampp\htdocs\relacao2.0\system\CodeIgniter.php(832): App\Controllers\Relacao->index()
#6 C:\xampp\htdocs\relacao2.0\system\CodeIgniter.php(419): CodeIgniter\CodeIgniter->runController(Object(App\Controllers\Relacao))
#7 C:\xampp\htdocs\relacao2.0\system\CodeIgniter.php(326): CodeIgniter\CodeIgniter->handleRequest(NULL, Object(Config\Cache), false)
#8 C:\xampp\htdocs\relacao2.0\index.php(37): CodeIgniter\CodeIgniter->run()
#9 {main}
CRITICAL - 2022-03-11 05:06:52 --> Undefined variable $searched
#0 C:\xampp\htdocs\relacao2.0\app\Views\relacao.php(39): CodeIgniter\Debug\Exceptions->errorHandler(2, 'Undefined varia...', 'C:\\xampp\\htdocs...', 39)
#1 C:\xampp\htdocs\relacao2.0\system\View\View.php(210): include('C:\\xampp\\htdocs...')
#2 C:\xampp\htdocs\relacao2.0\system\View\View.php(213): CodeIgniter\View\View->CodeIgniter\View\{closure}()
#3 C:\xampp\htdocs\relacao2.0\system\Common.php(1089): CodeIgniter\View\View->render('relacao', Array, true)
#4 C:\xampp\htdocs\relacao2.0\app\Controllers\Relacao.php(24): view('relacao', Array)
#5 C:\xampp\htdocs\relacao2.0\system\CodeIgniter.php(832): App\Controllers\Relacao->index()
#6 C:\xampp\htdocs\relacao2.0\system\CodeIgniter.php(419): CodeIgniter\CodeIgniter->runController(Object(App\Controllers\Relacao))
#7 C:\xampp\htdocs\relacao2.0\system\CodeIgniter.php(326): CodeIgniter\CodeIgniter->handleRequest(NULL, Object(Config\Cache), false)
#8 C:\xampp\htdocs\relacao2.0\index.php(37): CodeIgniter\CodeIgniter->run()
#9 {main}
CRITICAL - 2022-03-11 05:06:53 --> Undefined variable $searched
#0 C:\xampp\htdocs\relacao2.0\app\Views\relacao.php(39): CodeIgniter\Debug\Exceptions->errorHandler(2, 'Undefined varia...', 'C:\\xampp\\htdocs...', 39)
#1 C:\xampp\htdocs\relacao2.0\system\View\View.php(210): include('C:\\xampp\\htdocs...')
#2 C:\xampp\htdocs\relacao2.0\system\View\View.php(213): CodeIgniter\View\View->CodeIgniter\View\{closure}()
#3 C:\xampp\htdocs\relacao2.0\system\Common.php(1089): CodeIgniter\View\View->render('relacao', Array, true)
#4 C:\xampp\htdocs\relacao2.0\app\Controllers\Relacao.php(24): view('relacao', Array)
#5 C:\xampp\htdocs\relacao2.0\system\CodeIgniter.php(832): App\Controllers\Relacao->index()
#6 C:\xampp\htdocs\relacao2.0\system\CodeIgniter.php(419): CodeIgniter\CodeIgniter->runController(Object(App\Controllers\Relacao))
#7 C:\xampp\htdocs\relacao2.0\system\CodeIgniter.php(326): CodeIgniter\CodeIgniter->handleRequest(NULL, Object(Config\Cache), false)
#8 C:\xampp\htdocs\relacao2.0\index.php(37): CodeIgniter\CodeIgniter->run()
#9 {main}
CRITICAL - 2022-03-11 05:06:53 --> Undefined variable $searched
#0 C:\xampp\htdocs\relacao2.0\app\Views\relacao.php(39): CodeIgniter\Debug\Exceptions->errorHandler(2, 'Undefined varia...', 'C:\\xampp\\htdocs...', 39)
#1 C:\xampp\htdocs\relacao2.0\system\View\View.php(210): include('C:\\xampp\\htdocs...')
#2 C:\xampp\htdocs\relacao2.0\system\View\View.php(213): CodeIgniter\View\View->CodeIgniter\View\{closure}()
#3 C:\xampp\htdocs\relacao2.0\system\Common.php(1089): CodeIgniter\View\View->render('relacao', Array, true)
#4 C:\xampp\htdocs\relacao2.0\app\Controllers\Relacao.php(24): view('relacao', Array)
#5 C:\xampp\htdocs\relacao2.0\system\CodeIgniter.php(832): App\Controllers\Relacao->index()
#6 C:\xampp\htdocs\relacao2.0\system\CodeIgniter.php(419): CodeIgniter\CodeIgniter->runController(Object(App\Controllers\Relacao))
#7 C:\xampp\htdocs\relacao2.0\system\CodeIgniter.php(326): CodeIgniter\CodeIgniter->handleRequest(NULL, Object(Config\Cache), false)
#8 C:\xampp\htdocs\relacao2.0\index.php(37): CodeIgniter\CodeIgniter->run()
#9 {main}
CRITICAL - 2022-03-11 05:06:53 --> Undefined variable $searched
#0 C:\xampp\htdocs\relacao2.0\app\Views\relacao.php(39): CodeIgniter\Debug\Exceptions->errorHandler(2, 'Undefined varia...', 'C:\\xampp\\htdocs...', 39)
#1 C:\xampp\htdocs\relacao2.0\system\View\View.php(210): include('C:\\xampp\\htdocs...')
#2 C:\xampp\htdocs\relacao2.0\system\View\View.php(213): CodeIgniter\View\View->CodeIgniter\View\{closure}()
#3 C:\xampp\htdocs\relacao2.0\system\Common.php(1089): CodeIgniter\View\View->render('relacao', Array, true)
#4 C:\xampp\htdocs\relacao2.0\app\Controllers\Relacao.php(24): view('relacao', Array)
#5 C:\xampp\htdocs\relacao2.0\system\CodeIgniter.php(832): App\Controllers\Relacao->index()
#6 C:\xampp\htdocs\relacao2.0\system\CodeIgniter.php(419): CodeIgniter\CodeIgniter->runController(Object(App\Controllers\Relacao))
#7 C:\xampp\htdocs\relacao2.0\system\CodeIgniter.php(326): CodeIgniter\CodeIgniter->handleRequest(NULL, Object(Config\Cache), false)
#8 C:\xampp\htdocs\relacao2.0\index.php(37): CodeIgniter\CodeIgniter->run()
#9 {main}
CRITICAL - 2022-03-11 05:07:10 --> Undefined variable $searched
#0 C:\xampp\htdocs\relacao2.0\app\Views\relacao.php(39): CodeIgniter\Debug\Exceptions->errorHandler(2, 'Undefined varia...', 'C:\\xampp\\htdocs...', 39)
#1 C:\xampp\htdocs\relacao2.0\system\View\View.php(210): include('C:\\xampp\\htdocs...')
#2 C:\xampp\htdocs\relacao2.0\system\View\View.php(213): CodeIgniter\View\View->CodeIgniter\View\{closure}()
#3 C:\xampp\htdocs\relacao2.0\system\Common.php(1089): CodeIgniter\View\View->render('relacao', Array, true)
#4 C:\xampp\htdocs\relacao2.0\app\Controllers\Relacao.php(24): view('relacao', Array)
#5 C:\xampp\htdocs\relacao2.0\system\CodeIgniter.php(832): App\Controllers\Relacao->index()
#6 C:\xampp\htdocs\relacao2.0\system\CodeIgniter.php(419): CodeIgniter\CodeIgniter->runController(Object(App\Controllers\Relacao))
#7 C:\xampp\htdocs\relacao2.0\system\CodeIgniter.php(326): CodeIgniter\CodeIgniter->handleRequest(NULL, Object(Config\Cache), false)
#8 C:\xampp\htdocs\relacao2.0\index.php(37): CodeIgniter\CodeIgniter->run()
#9 {main}
CRITICAL - 2022-03-11 05:07:35 --> Allowed memory size of 536870912 bytes exhausted (tried to allocate 264257536 bytes)
#0 [internal function]: CodeIgniter\Debug\Exceptions->shutdownHandler()
#1 {main}
CRITICAL - 2022-03-11 05:07:39 --> Allowed memory size of 536870912 bytes exhausted (tried to allocate 264257536 bytes)
#0 [internal function]: CodeIgniter\Debug\Exceptions->shutdownHandler()
#1 {main}
CRITICAL - 2022-03-11 05:09:56 --> Allowed memory size of 536870912 bytes exhausted (tried to allocate 264257536 bytes)
#0 [internal function]: CodeIgniter\Debug\Exceptions->shutdownHandler()
#1 {main}
CRITICAL - 2022-03-11 05:45:03 --> Undefined variable $relacao
#0 C:\xampp\htdocs\relacao2.0\app\Views\relacao.php(40): CodeIgniter\Debug\Exceptions->errorHandler(2, 'Undefined varia...', 'C:\\xampp\\htdocs...', 40)
#1 C:\xampp\htdocs\relacao2.0\system\View\View.php(210): include('C:\\xampp\\htdocs...')
#2 C:\xampp\htdocs\relacao2.0\system\View\View.php(213): CodeIgniter\View\View->CodeIgniter\View\{closure}()
#3 C:\xampp\htdocs\relacao2.0\system\Common.php(1089): CodeIgniter\View\View->render('relacao', Array, true)
#4 C:\xampp\htdocs\relacao2.0\app\Controllers\Relacao.php(63): view('relacao', Array)
#5 C:\xampp\htdocs\relacao2.0\system\CodeIgniter.php(832): App\Controllers\Relacao->pesquisar()
#6 C:\xampp\htdocs\relacao2.0\system\CodeIgniter.php(419): CodeIgniter\CodeIgniter->runController(Object(App\Controllers\Relacao))
#7 C:\xampp\htdocs\relacao2.0\system\CodeIgniter.php(326): CodeIgniter\CodeIgniter->handleRequest(NULL, Object(Config\Cache), false)
#8 C:\xampp\htdocs\relacao2.0\index.php(37): CodeIgniter\CodeIgniter->run()
#9 {main}
ERROR - 2022-03-11 12:35:54 --> You have an error in your SQL syntax; check the manual that corresponds to your MariaDB server version for the right syntax to use near 'LIKE '%sas%'
        GROUP BY PONTO.NOMEPONTO' at line 26
CRITICAL - 2022-03-11 12:35:54 --> You have an error in your SQL syntax; check the manual that corresponds to your MariaDB server version for the right syntax to use near 'LIKE '%sas%'
        GROUP BY PONTO.NOMEPONTO' at line 26
#0 C:\xampp\htdocs\relacao2.0\system\Database\MySQLi\Connection.php(292): mysqli->query('SELECT \r\n      ...', 0)
#1 C:\xampp\htdocs\relacao2.0\system\Database\BaseConnection.php(670): CodeIgniter\Database\MySQLi\Connection->execute('SELECT \r\n      ...')
#2 C:\xampp\htdocs\relacao2.0\system\Database\BaseConnection.php(598): CodeIgniter\Database\BaseConnection->simpleQuery('SELECT \r\n      ...')
#3 C:\xampp\htdocs\relacao2.0\app\Controllers\Relacao.php(58): CodeIgniter\Database\BaseConnection->query('SELECT \r\n      ...')
#4 C:\xampp\htdocs\relacao2.0\system\CodeIgniter.php(832): App\Controllers\Relacao->pesquisar()
#5 C:\xampp\htdocs\relacao2.0\system\CodeIgniter.php(419): CodeIgniter\CodeIgniter->runController(Object(App\Controllers\Relacao))
#6 C:\xampp\htdocs\relacao2.0\system\CodeIgniter.php(326): CodeIgniter\CodeIgniter->handleRequest(NULL, Object(Config\Cache), false)
#7 C:\xampp\htdocs\relacao2.0\index.php(37): CodeIgniter\CodeIgniter->run()
#8 {main}
ERROR - 2022-03-11 12:36:38 --> You have an error in your SQL syntax; check the manual that corresponds to your MariaDB server version for the right syntax to use near 'LIKE '%sasa%'
        GROUP BY PONTO.NOMEPONTO' at line 26
CRITICAL - 2022-03-11 12:36:38 --> You have an error in your SQL syntax; check the manual that corresponds to your MariaDB server version for the right syntax to use near 'LIKE '%sasa%'
        GROUP BY PONTO.NOMEPONTO' at line 26
#0 C:\xampp\htdocs\relacao2.0\system\Database\MySQLi\Connection.php(292): mysqli->query('SELECT \r\n      ...', 0)
#1 C:\xampp\htdocs\relacao2.0\system\Database\BaseConnection.php(670): CodeIgniter\Database\MySQLi\Connection->execute('SELECT \r\n      ...')
#2 C:\xampp\htdocs\relacao2.0\system\Database\BaseConnection.php(598): CodeIgniter\Database\BaseConnection->simpleQuery('SELECT \r\n      ...')
#3 C:\xampp\htdocs\relacao2.0\app\Controllers\Relacao.php(58): CodeIgniter\Database\BaseConnection->query('SELECT \r\n      ...')
#4 C:\xampp\htdocs\relacao2.0\system\CodeIgniter.php(832): App\Controllers\Relacao->pesquisar()
#5 C:\xampp\htdocs\relacao2.0\system\CodeIgniter.php(419): CodeIgniter\CodeIgniter->runController(Object(App\Controllers\Relacao))
#6 C:\xampp\htdocs\relacao2.0\system\CodeIgniter.php(326): CodeIgniter\CodeIgniter->handleRequest(NULL, Object(Config\Cache), false)
#7 C:\xampp\htdocs\relacao2.0\index.php(37): CodeIgniter\CodeIgniter->run()
#8 {main}
ERROR - 2022-03-11 12:36:43 --> You have an error in your SQL syntax; check the manual that corresponds to your MariaDB server version for the right syntax to use near 'LIKE '%sasasasa%'
        GROUP BY PONTO.NOMEPONTO' at line 26
CRITICAL - 2022-03-11 12:36:43 --> You have an error in your SQL syntax; check the manual that corresponds to your MariaDB server version for the right syntax to use near 'LIKE '%sasasasa%'
        GROUP BY PONTO.NOMEPONTO' at line 26
#0 C:\xampp\htdocs\relacao2.0\system\Database\MySQLi\Connection.php(292): mysqli->query('SELECT \r\n      ...', 0)
#1 C:\xampp\htdocs\relacao2.0\system\Database\BaseConnection.php(670): CodeIgniter\Database\MySQLi\Connection->execute('SELECT \r\n      ...')
#2 C:\xampp\htdocs\relacao2.0\system\Database\BaseConnection.php(598): CodeIgniter\Database\BaseConnection->simpleQuery('SELECT \r\n      ...')
#3 C:\xampp\htdocs\relacao2.0\app\Controllers\Relacao.php(58): CodeIgniter\Database\BaseConnection->query('SELECT \r\n      ...')
#4 C:\xampp\htdocs\relacao2.0\system\CodeIgniter.php(832): App\Controllers\Relacao->pesquisar()
#5 C:\xampp\htdocs\relacao2.0\system\CodeIgniter.php(419): CodeIgniter\CodeIgniter->runController(Object(App\Controllers\Relacao))
#6 C:\xampp\htdocs\relacao2.0\system\CodeIgniter.php(326): CodeIgniter\CodeIgniter->handleRequest(NULL, Object(Config\Cache), false)
#7 C:\xampp\htdocs\relacao2.0\index.php(37): CodeIgniter\CodeIgniter->run()
#8 {main}
ERROR - 2022-03-11 12:37:04 --> You have an error in your SQL syntax; check the manual that corresponds to your MariaDB server version for the right syntax to use near 'LIKE '%sasasasa%'
        GROUP BY PONTO.NOMEPONTO' at line 26
CRITICAL - 2022-03-11 12:37:04 --> You have an error in your SQL syntax; check the manual that corresponds to your MariaDB server version for the right syntax to use near 'LIKE '%sasasasa%'
        GROUP BY PONTO.NOMEPONTO' at line 26
#0 C:\xampp\htdocs\relacao2.0\system\Database\MySQLi\Connection.php(292): mysqli->query('SELECT \r\n      ...', 0)
#1 C:\xampp\htdocs\relacao2.0\system\Database\BaseConnection.php(670): CodeIgniter\Database\MySQLi\Connection->execute('SELECT \r\n      ...')
#2 C:\xampp\htdocs\relacao2.0\system\Database\BaseConnection.php(598): CodeIgniter\Database\BaseConnection->simpleQuery('SELECT \r\n      ...')
#3 C:\xampp\htdocs\relacao2.0\app\Controllers\Relacao.php(58): CodeIgniter\Database\BaseConnection->query('SELECT \r\n      ...')
#4 C:\xampp\htdocs\relacao2.0\system\CodeIgniter.php(832): App\Controllers\Relacao->pesquisar()
#5 C:\xampp\htdocs\relacao2.0\system\CodeIgniter.php(419): CodeIgniter\CodeIgniter->runController(Object(App\Controllers\Relacao))
#6 C:\xampp\htdocs\relacao2.0\system\CodeIgniter.php(326): CodeIgniter\CodeIgniter->handleRequest(NULL, Object(Config\Cache), false)
#7 C:\xampp\htdocs\relacao2.0\index.php(37): CodeIgniter\CodeIgniter->run()
#8 {main}
ERROR - 2022-03-11 12:37:50 --> You have an error in your SQL syntax; check the manual that corresponds to your MariaDB server version for the right syntax to use near 'LIKE '%sasasasa%'
        GROUP BY PONTO.NOMEPONTO' at line 26
CRITICAL - 2022-03-11 12:37:50 --> You have an error in your SQL syntax; check the manual that corresponds to your MariaDB server version for the right syntax to use near 'LIKE '%sasasasa%'
        GROUP BY PONTO.NOMEPONTO' at line 26
#0 C:\xampp\htdocs\relacao2.0\system\Database\MySQLi\Connection.php(292): mysqli->query('SELECT \r\n      ...', 0)
#1 C:\xampp\htdocs\relacao2.0\system\Database\BaseConnection.php(670): CodeIgniter\Database\MySQLi\Connection->execute('SELECT \r\n      ...')
#2 C:\xampp\htdocs\relacao2.0\system\Database\BaseConnection.php(598): CodeIgniter\Database\BaseConnection->simpleQuery('SELECT \r\n      ...')
#3 C:\xampp\htdocs\relacao2.0\app\Controllers\Relacao.php(58): CodeIgniter\Database\BaseConnection->query('SELECT \r\n      ...')
#4 C:\xampp\htdocs\relacao2.0\system\CodeIgniter.php(832): App\Controllers\Relacao->pesquisar()
#5 C:\xampp\htdocs\relacao2.0\system\CodeIgniter.php(419): CodeIgniter\CodeIgniter->runController(Object(App\Controllers\Relacao))
#6 C:\xampp\htdocs\relacao2.0\system\CodeIgniter.php(326): CodeIgniter\CodeIgniter->handleRequest(NULL, Object(Config\Cache), false)
#7 C:\xampp\htdocs\relacao2.0\index.php(37): CodeIgniter\CodeIgniter->run()
#8 {main}
ERROR - 2022-03-11 12:40:56 --> You have an error in your SQL syntax; check the manual that corresponds to your MariaDB server version for the right syntax to use near 'LIKE '%a%'
        GROUP BY PONTO.NOMEPONTO' at line 26
CRITICAL - 2022-03-11 12:40:56 --> You have an error in your SQL syntax; check the manual that corresponds to your MariaDB server version for the right syntax to use near 'LIKE '%a%'
        GROUP BY PONTO.NOMEPONTO' at line 26
#0 C:\xampp\htdocs\relacao2.0\system\Database\MySQLi\Connection.php(292): mysqli->query('SELECT \r\n      ...', 0)
#1 C:\xampp\htdocs\relacao2.0\system\Database\BaseConnection.php(670): CodeIgniter\Database\MySQLi\Connection->execute('SELECT \r\n      ...')
#2 C:\xampp\htdocs\relacao2.0\system\Database\BaseConnection.php(598): CodeIgniter\Database\BaseConnection->simpleQuery('SELECT \r\n      ...')
#3 C:\xampp\htdocs\relacao2.0\app\Controllers\Relacao.php(58): CodeIgniter\Database\BaseConnection->query('SELECT \r\n      ...')
#4 C:\xampp\htdocs\relacao2.0\system\CodeIgniter.php(832): App\Controllers\Relacao->pesquisar()
#5 C:\xampp\htdocs\relacao2.0\system\CodeIgniter.php(419): CodeIgniter\CodeIgniter->runController(Object(App\Controllers\Relacao))
#6 C:\xampp\htdocs\relacao2.0\system\CodeIgniter.php(326): CodeIgniter\CodeIgniter->handleRequest(NULL, Object(Config\Cache), false)
#7 C:\xampp\htdocs\relacao2.0\index.php(37): CodeIgniter\CodeIgniter->run()
#8 {main}
ERROR - 2022-03-11 12:41:04 --> You have an error in your SQL syntax; check the manual that corresponds to your MariaDB server version for the right syntax to use near 'LIKE '%a%'
        GROUP BY PONTO.NOMEPONTO' at line 26
CRITICAL - 2022-03-11 12:41:04 --> You have an error in your SQL syntax; check the manual that corresponds to your MariaDB server version for the right syntax to use near 'LIKE '%a%'
        GROUP BY PONTO.NOMEPONTO' at line 26
#0 C:\xampp\htdocs\relacao2.0\system\Database\MySQLi\Connection.php(292): mysqli->query('SELECT \r\n      ...', 0)
#1 C:\xampp\htdocs\relacao2.0\system\Database\BaseConnection.php(670): CodeIgniter\Database\MySQLi\Connection->execute('SELECT \r\n      ...')
#2 C:\xampp\htdocs\relacao2.0\system\Database\BaseConnection.php(598): CodeIgniter\Database\BaseConnection->simpleQuery('SELECT \r\n      ...')
#3 C:\xampp\htdocs\relacao2.0\app\Controllers\Relacao.php(58): CodeIgniter\Database\BaseConnection->query('SELECT \r\n      ...')
#4 C:\xampp\htdocs\relacao2.0\system\CodeIgniter.php(832): App\Controllers\Relacao->pesquisar()
#5 C:\xampp\htdocs\relacao2.0\system\CodeIgniter.php(419): CodeIgniter\CodeIgniter->runController(Object(App\Controllers\Relacao))
#6 C:\xampp\htdocs\relacao2.0\system\CodeIgniter.php(326): CodeIgniter\CodeIgniter->handleRequest(NULL, Object(Config\Cache), false)
#7 C:\xampp\htdocs\relacao2.0\index.php(37): CodeIgniter\CodeIgniter->run()
#8 {main}
CRITICAL - 2022-03-11 12:48:11 --> Allowed memory size of 536870912 bytes exhausted (tried to allocate 264257536 bytes)
#0 [internal function]: CodeIgniter\Debug\Exceptions->shutdownHandler()
#1 {main}
CRITICAL - 2022-03-11 12:48:15 --> Allowed memory size of 536870912 bytes exhausted (tried to allocate 264257536 bytes)
#0 [internal function]: CodeIgniter\Debug\Exceptions->shutdownHandler()
#1 {main}
