ERROR - 2022-04-13 07:23:59 --> Error connecting to the database: Unknown database 'relacao'
CRITICAL - 2022-04-13 07:23:59 --> Unable to connect to the database.
Main connection [MySQLi]: Unknown database 'relacao'
#0 C:\wamp64\www\relacao2.0\system\Database\BaseConnection.php(577): CodeIgniter\Database\BaseConnection->initialize()
#1 C:\wamp64\www\relacao2.0\system\Database\BaseBuilder.php(1455): CodeIgniter\Database\BaseConnection->query('SELECT *\nFROM `...', Array, false)
#2 C:\wamp64\www\relacao2.0\system\Model.php(210): CodeIgniter\Database\BaseBuilder->get()
#3 C:\wamp64\www\relacao2.0\system\BaseModel.php(622): CodeIgniter\Model->doFirst()
#4 C:\wamp64\www\relacao2.0\app\Models\UsuariosModel.php(14): CodeIgniter\BaseModel->first()
#5 C:\wamp64\www\relacao2.0\app\Controllers\Usuarios.php(31): App\Models\UsuariosModel->getByNome('isadmin')
#6 C:\wamp64\www\relacao2.0\system\CodeIgniter.php(832): App\Controllers\Usuarios->signIn()
#7 C:\wamp64\www\relacao2.0\system\CodeIgniter.php(419): CodeIgniter\CodeIgniter->runController(Object(App\Controllers\Usuarios))
#8 C:\wamp64\www\relacao2.0\system\CodeIgniter.php(326): CodeIgniter\CodeIgniter->handleRequest(NULL, Object(Config\Cache), false)
#9 C:\wamp64\www\relacao2.0\index.php(37): CodeIgniter\CodeIgniter->run()
#10 {main}
CRITICAL - 2022-04-13 09:06:30 --> Undefined property: stdClass::$idponto
#0 C:\wamp64\www\relacao2.0\app\Views\relacao.php(52): CodeIgniter\Debug\Exceptions->errorHandler(8, 'Undefined prope...', 'C:\\wamp64\\www\\r...', 52, Array)
#1 C:\wamp64\www\relacao2.0\system\View\View.php(210): include('C:\\wamp64\\www\\r...')
#2 C:\wamp64\www\relacao2.0\system\View\View.php(213): CodeIgniter\View\View->CodeIgniter\View\{closure}()
#3 C:\wamp64\www\relacao2.0\system\Common.php(1089): CodeIgniter\View\View->render('relacao', Array, true)
#4 C:\wamp64\www\relacao2.0\app\Controllers\Relacao.php(153): view('relacao', Array)
#5 C:\wamp64\www\relacao2.0\system\CodeIgniter.php(832): App\Controllers\Relacao->pesquisar()
#6 C:\wamp64\www\relacao2.0\system\CodeIgniter.php(419): CodeIgniter\CodeIgniter->runController(Object(App\Controllers\Relacao))
#7 C:\wamp64\www\relacao2.0\system\CodeIgniter.php(326): CodeIgniter\CodeIgniter->handleRequest(NULL, Object(Config\Cache), false)
#8 C:\wamp64\www\relacao2.0\index.php(37): CodeIgniter\CodeIgniter->run()
#9 {main}
CRITICAL - 2022-04-13 09:08:22 --> Undefined property: stdClass::$idponto
#0 C:\wamp64\www\relacao2.0\app\Views\relacao.php(52): CodeIgniter\Debug\Exceptions->errorHandler(8, 'Undefined prope...', 'C:\\wamp64\\www\\r...', 52, Array)
#1 C:\wamp64\www\relacao2.0\system\View\View.php(210): include('C:\\wamp64\\www\\r...')
#2 C:\wamp64\www\relacao2.0\system\View\View.php(213): CodeIgniter\View\View->CodeIgniter\View\{closure}()
#3 C:\wamp64\www\relacao2.0\system\Common.php(1089): CodeIgniter\View\View->render('relacao', Array, true)
#4 C:\wamp64\www\relacao2.0\app\Controllers\Relacao.php(153): view('relacao', Array)
#5 C:\wamp64\www\relacao2.0\system\CodeIgniter.php(832): App\Controllers\Relacao->pesquisar()
#6 C:\wamp64\www\relacao2.0\system\CodeIgniter.php(419): CodeIgniter\CodeIgniter->runController(Object(App\Controllers\Relacao))
#7 C:\wamp64\www\relacao2.0\system\CodeIgniter.php(326): CodeIgniter\CodeIgniter->handleRequest(NULL, Object(Config\Cache), false)
#8 C:\wamp64\www\relacao2.0\index.php(37): CodeIgniter\CodeIgniter->run()
#9 {main}
CRITICAL - 2022-04-13 09:08:26 --> Undefined property: stdClass::$idponto
#0 C:\wamp64\www\relacao2.0\app\Views\relacao.php(52): CodeIgniter\Debug\Exceptions->errorHandler(8, 'Undefined prope...', 'C:\\wamp64\\www\\r...', 52, Array)
#1 C:\wamp64\www\relacao2.0\system\View\View.php(210): include('C:\\wamp64\\www\\r...')
#2 C:\wamp64\www\relacao2.0\system\View\View.php(213): CodeIgniter\View\View->CodeIgniter\View\{closure}()
#3 C:\wamp64\www\relacao2.0\system\Common.php(1089): CodeIgniter\View\View->render('relacao', Array, true)
#4 C:\wamp64\www\relacao2.0\app\Controllers\Relacao.php(153): view('relacao', Array)
#5 C:\wamp64\www\relacao2.0\system\CodeIgniter.php(832): App\Controllers\Relacao->pesquisar()
#6 C:\wamp64\www\relacao2.0\system\CodeIgniter.php(419): CodeIgniter\CodeIgniter->runController(Object(App\Controllers\Relacao))
#7 C:\wamp64\www\relacao2.0\system\CodeIgniter.php(326): CodeIgniter\CodeIgniter->handleRequest(NULL, Object(Config\Cache), false)
#8 C:\wamp64\www\relacao2.0\index.php(37): CodeIgniter\CodeIgniter->run()
#9 {main}
CRITICAL - 2022-04-13 09:08:32 --> Undefined property: stdClass::$idponto
#0 C:\wamp64\www\relacao2.0\app\Views\relacao.php(52): CodeIgniter\Debug\Exceptions->errorHandler(8, 'Undefined prope...', 'C:\\wamp64\\www\\r...', 52, Array)
#1 C:\wamp64\www\relacao2.0\system\View\View.php(210): include('C:\\wamp64\\www\\r...')
#2 C:\wamp64\www\relacao2.0\system\View\View.php(213): CodeIgniter\View\View->CodeIgniter\View\{closure}()
#3 C:\wamp64\www\relacao2.0\system\Common.php(1089): CodeIgniter\View\View->render('relacao', Array, true)
#4 C:\wamp64\www\relacao2.0\app\Controllers\Relacao.php(153): view('relacao', Array)
#5 C:\wamp64\www\relacao2.0\system\CodeIgniter.php(832): App\Controllers\Relacao->pesquisar()
#6 C:\wamp64\www\relacao2.0\system\CodeIgniter.php(419): CodeIgniter\CodeIgniter->runController(Object(App\Controllers\Relacao))
#7 C:\wamp64\www\relacao2.0\system\CodeIgniter.php(326): CodeIgniter\CodeIgniter->handleRequest(NULL, Object(Config\Cache), false)
#8 C:\wamp64\www\relacao2.0\index.php(37): CodeIgniter\CodeIgniter->run()
#9 {main}
CRITICAL - 2022-04-13 09:08:35 --> Undefined property: stdClass::$idponto
#0 C:\wamp64\www\relacao2.0\app\Views\relacao.php(52): CodeIgniter\Debug\Exceptions->errorHandler(8, 'Undefined prope...', 'C:\\wamp64\\www\\r...', 52, Array)
#1 C:\wamp64\www\relacao2.0\system\View\View.php(210): include('C:\\wamp64\\www\\r...')
#2 C:\wamp64\www\relacao2.0\system\View\View.php(213): CodeIgniter\View\View->CodeIgniter\View\{closure}()
#3 C:\wamp64\www\relacao2.0\system\Common.php(1089): CodeIgniter\View\View->render('relacao', Array, true)
#4 C:\wamp64\www\relacao2.0\app\Controllers\Relacao.php(153): view('relacao', Array)
#5 C:\wamp64\www\relacao2.0\system\CodeIgniter.php(832): App\Controllers\Relacao->pesquisar()
#6 C:\wamp64\www\relacao2.0\system\CodeIgniter.php(419): CodeIgniter\CodeIgniter->runController(Object(App\Controllers\Relacao))
#7 C:\wamp64\www\relacao2.0\system\CodeIgniter.php(326): CodeIgniter\CodeIgniter->handleRequest(NULL, Object(Config\Cache), false)
#8 C:\wamp64\www\relacao2.0\index.php(37): CodeIgniter\CodeIgniter->run()
#9 {main}
CRITICAL - 2022-04-13 09:08:55 --> Undefined property: stdClass::$idponto
#0 C:\wamp64\www\relacao2.0\app\Views\relacao.php(52): CodeIgniter\Debug\Exceptions->errorHandler(8, 'Undefined prope...', 'C:\\wamp64\\www\\r...', 52, Array)
#1 C:\wamp64\www\relacao2.0\system\View\View.php(210): include('C:\\wamp64\\www\\r...')
#2 C:\wamp64\www\relacao2.0\system\View\View.php(213): CodeIgniter\View\View->CodeIgniter\View\{closure}()
#3 C:\wamp64\www\relacao2.0\system\Common.php(1089): CodeIgniter\View\View->render('relacao', Array, true)
#4 C:\wamp64\www\relacao2.0\app\Controllers\Relacao.php(153): view('relacao', Array)
#5 C:\wamp64\www\relacao2.0\system\CodeIgniter.php(832): App\Controllers\Relacao->pesquisar()
#6 C:\wamp64\www\relacao2.0\system\CodeIgniter.php(419): CodeIgniter\CodeIgniter->runController(Object(App\Controllers\Relacao))
#7 C:\wamp64\www\relacao2.0\system\CodeIgniter.php(326): CodeIgniter\CodeIgniter->handleRequest(NULL, Object(Config\Cache), false)
#8 C:\wamp64\www\relacao2.0\index.php(37): CodeIgniter\CodeIgniter->run()
#9 {main}
CRITICAL - 2022-04-13 09:09:04 --> Undefined property: stdClass::$idponto
#0 C:\wamp64\www\relacao2.0\app\Views\relacao.php(52): CodeIgniter\Debug\Exceptions->errorHandler(8, 'Undefined prope...', 'C:\\wamp64\\www\\r...', 52, Array)
#1 C:\wamp64\www\relacao2.0\system\View\View.php(210): include('C:\\wamp64\\www\\r...')
#2 C:\wamp64\www\relacao2.0\system\View\View.php(213): CodeIgniter\View\View->CodeIgniter\View\{closure}()
#3 C:\wamp64\www\relacao2.0\system\Common.php(1089): CodeIgniter\View\View->render('relacao', Array, true)
#4 C:\wamp64\www\relacao2.0\app\Controllers\Relacao.php(153): view('relacao', Array)
#5 C:\wamp64\www\relacao2.0\system\CodeIgniter.php(832): App\Controllers\Relacao->pesquisar()
#6 C:\wamp64\www\relacao2.0\system\CodeIgniter.php(419): CodeIgniter\CodeIgniter->runController(Object(App\Controllers\Relacao))
#7 C:\wamp64\www\relacao2.0\system\CodeIgniter.php(326): CodeIgniter\CodeIgniter->handleRequest(NULL, Object(Config\Cache), false)
#8 C:\wamp64\www\relacao2.0\index.php(37): CodeIgniter\CodeIgniter->run()
#9 {main}
CRITICAL - 2022-04-13 09:09:31 --> Undefined property: stdClass::$idponto
#0 C:\wamp64\www\relacao2.0\app\Views\relacao.php(52): CodeIgniter\Debug\Exceptions->errorHandler(8, 'Undefined prope...', 'C:\\wamp64\\www\\r...', 52, Array)
#1 C:\wamp64\www\relacao2.0\system\View\View.php(210): include('C:\\wamp64\\www\\r...')
#2 C:\wamp64\www\relacao2.0\system\View\View.php(213): CodeIgniter\View\View->CodeIgniter\View\{closure}()
#3 C:\wamp64\www\relacao2.0\system\Common.php(1089): CodeIgniter\View\View->render('relacao', Array, true)
#4 C:\wamp64\www\relacao2.0\app\Controllers\Relacao.php(153): view('relacao', Array)
#5 C:\wamp64\www\relacao2.0\system\CodeIgniter.php(832): App\Controllers\Relacao->pesquisar()
#6 C:\wamp64\www\relacao2.0\system\CodeIgniter.php(419): CodeIgniter\CodeIgniter->runController(Object(App\Controllers\Relacao))
#7 C:\wamp64\www\relacao2.0\system\CodeIgniter.php(326): CodeIgniter\CodeIgniter->handleRequest(NULL, Object(Config\Cache), false)
#8 C:\wamp64\www\relacao2.0\index.php(37): CodeIgniter\CodeIgniter->run()
#9 {main}
CRITICAL - 2022-04-13 09:16:01 --> Undefined variable: cidade
#0 C:\wamp64\www\relacao2.0\app\Views\relacao.php(39): CodeIgniter\Debug\Exceptions->errorHandler(8, 'Undefined varia...', 'C:\\wamp64\\www\\r...', 39, Array)
#1 C:\wamp64\www\relacao2.0\system\View\View.php(210): include('C:\\wamp64\\www\\r...')
#2 C:\wamp64\www\relacao2.0\system\View\View.php(213): CodeIgniter\View\View->CodeIgniter\View\{closure}()
#3 C:\wamp64\www\relacao2.0\system\Common.php(1089): CodeIgniter\View\View->render('relacao', Array, true)
#4 C:\wamp64\www\relacao2.0\app\Controllers\Relacao.php(153): view('relacao', Array)
#5 C:\wamp64\www\relacao2.0\system\CodeIgniter.php(832): App\Controllers\Relacao->pesquisar()
#6 C:\wamp64\www\relacao2.0\system\CodeIgniter.php(419): CodeIgniter\CodeIgniter->runController(Object(App\Controllers\Relacao))
#7 C:\wamp64\www\relacao2.0\system\CodeIgniter.php(326): CodeIgniter\CodeIgniter->handleRequest(NULL, Object(Config\Cache), false)
#8 C:\wamp64\www\relacao2.0\index.php(37): CodeIgniter\CodeIgniter->run()
#9 {main}
CRITICAL - 2022-04-13 09:16:43 --> Undefined variable: pontos
#0 C:\wamp64\www\relacao2.0\app\Views\relacao.php(39): CodeIgniter\Debug\Exceptions->errorHandler(8, 'Undefined varia...', 'C:\\wamp64\\www\\r...', 39, Array)
#1 C:\wamp64\www\relacao2.0\system\View\View.php(210): include('C:\\wamp64\\www\\r...')
#2 C:\wamp64\www\relacao2.0\system\View\View.php(213): CodeIgniter\View\View->CodeIgniter\View\{closure}()
#3 C:\wamp64\www\relacao2.0\system\Common.php(1089): CodeIgniter\View\View->render('relacao', Array, true)
#4 C:\wamp64\www\relacao2.0\app\Controllers\Relacao.php(153): view('relacao', Array)
#5 C:\wamp64\www\relacao2.0\system\CodeIgniter.php(832): App\Controllers\Relacao->pesquisar()
#6 C:\wamp64\www\relacao2.0\system\CodeIgniter.php(419): CodeIgniter\CodeIgniter->runController(Object(App\Controllers\Relacao))
#7 C:\wamp64\www\relacao2.0\system\CodeIgniter.php(326): CodeIgniter\CodeIgniter->handleRequest(NULL, Object(Config\Cache), false)
#8 C:\wamp64\www\relacao2.0\index.php(37): CodeIgniter\CodeIgniter->run()
#9 {main}
CRITICAL - 2022-04-13 09:17:01 --> Undefined property: stdClass::$idponto
#0 C:\wamp64\www\relacao2.0\app\Views\relacao.php(39): CodeIgniter\Debug\Exceptions->errorHandler(8, 'Undefined prope...', 'C:\\wamp64\\www\\r...', 39, Array)
#1 C:\wamp64\www\relacao2.0\system\View\View.php(210): include('C:\\wamp64\\www\\r...')
#2 C:\wamp64\www\relacao2.0\system\View\View.php(213): CodeIgniter\View\View->CodeIgniter\View\{closure}()
#3 C:\wamp64\www\relacao2.0\system\Common.php(1089): CodeIgniter\View\View->render('relacao', Array, true)
#4 C:\wamp64\www\relacao2.0\app\Controllers\Relacao.php(153): view('relacao', Array)
#5 C:\wamp64\www\relacao2.0\system\CodeIgniter.php(832): App\Controllers\Relacao->pesquisar()
#6 C:\wamp64\www\relacao2.0\system\CodeIgniter.php(419): CodeIgniter\CodeIgniter->runController(Object(App\Controllers\Relacao))
#7 C:\wamp64\www\relacao2.0\system\CodeIgniter.php(326): CodeIgniter\CodeIgniter->handleRequest(NULL, Object(Config\Cache), false)
#8 C:\wamp64\www\relacao2.0\index.php(37): CodeIgniter\CodeIgniter->run()
#9 {main}
CRITICAL - 2022-04-13 09:17:29 --> Undefined property: stdClass::$idponto
#0 C:\wamp64\www\relacao2.0\app\Views\relacao.php(39): CodeIgniter\Debug\Exceptions->errorHandler(8, 'Undefined prope...', 'C:\\wamp64\\www\\r...', 39, Array)
#1 C:\wamp64\www\relacao2.0\system\View\View.php(210): include('C:\\wamp64\\www\\r...')
#2 C:\wamp64\www\relacao2.0\system\View\View.php(213): CodeIgniter\View\View->CodeIgniter\View\{closure}()
#3 C:\wamp64\www\relacao2.0\system\Common.php(1089): CodeIgniter\View\View->render('relacao', Array, true)
#4 C:\wamp64\www\relacao2.0\app\Controllers\Relacao.php(153): view('relacao', Array)
#5 C:\wamp64\www\relacao2.0\system\CodeIgniter.php(832): App\Controllers\Relacao->pesquisar()
#6 C:\wamp64\www\relacao2.0\system\CodeIgniter.php(419): CodeIgniter\CodeIgniter->runController(Object(App\Controllers\Relacao))
#7 C:\wamp64\www\relacao2.0\system\CodeIgniter.php(326): CodeIgniter\CodeIgniter->handleRequest(NULL, Object(Config\Cache), false)
#8 C:\wamp64\www\relacao2.0\index.php(37): CodeIgniter\CodeIgniter->run()
#9 {main}
CRITICAL - 2022-04-13 09:17:32 --> Undefined property: stdClass::$idponto
#0 C:\wamp64\www\relacao2.0\app\Views\relacao.php(39): CodeIgniter\Debug\Exceptions->errorHandler(8, 'Undefined prope...', 'C:\\wamp64\\www\\r...', 39, Array)
#1 C:\wamp64\www\relacao2.0\system\View\View.php(210): include('C:\\wamp64\\www\\r...')
#2 C:\wamp64\www\relacao2.0\system\View\View.php(213): CodeIgniter\View\View->CodeIgniter\View\{closure}()
#3 C:\wamp64\www\relacao2.0\system\Common.php(1089): CodeIgniter\View\View->render('relacao', Array, true)
#4 C:\wamp64\www\relacao2.0\app\Controllers\Relacao.php(153): view('relacao', Array)
#5 C:\wamp64\www\relacao2.0\system\CodeIgniter.php(832): App\Controllers\Relacao->pesquisar()
#6 C:\wamp64\www\relacao2.0\system\CodeIgniter.php(419): CodeIgniter\CodeIgniter->runController(Object(App\Controllers\Relacao))
#7 C:\wamp64\www\relacao2.0\system\CodeIgniter.php(326): CodeIgniter\CodeIgniter->handleRequest(NULL, Object(Config\Cache), false)
#8 C:\wamp64\www\relacao2.0\index.php(37): CodeIgniter\CodeIgniter->run()
#9 {main}
CRITICAL - 2022-04-13 09:17:36 --> Undefined property: stdClass::$idponto
#0 C:\wamp64\www\relacao2.0\app\Views\relacao.php(39): CodeIgniter\Debug\Exceptions->errorHandler(8, 'Undefined prope...', 'C:\\wamp64\\www\\r...', 39, Array)
#1 C:\wamp64\www\relacao2.0\system\View\View.php(210): include('C:\\wamp64\\www\\r...')
#2 C:\wamp64\www\relacao2.0\system\View\View.php(213): CodeIgniter\View\View->CodeIgniter\View\{closure}()
#3 C:\wamp64\www\relacao2.0\system\Common.php(1089): CodeIgniter\View\View->render('relacao', Array, true)
#4 C:\wamp64\www\relacao2.0\app\Controllers\Relacao.php(153): view('relacao', Array)
#5 C:\wamp64\www\relacao2.0\system\CodeIgniter.php(832): App\Controllers\Relacao->pesquisar()
#6 C:\wamp64\www\relacao2.0\system\CodeIgniter.php(419): CodeIgniter\CodeIgniter->runController(Object(App\Controllers\Relacao))
#7 C:\wamp64\www\relacao2.0\system\CodeIgniter.php(326): CodeIgniter\CodeIgniter->handleRequest(NULL, Object(Config\Cache), false)
#8 C:\wamp64\www\relacao2.0\index.php(37): CodeIgniter\CodeIgniter->run()
#9 {main}
CRITICAL - 2022-04-13 09:18:13 --> Undefined property: stdClass::$idponto
#0 C:\wamp64\www\relacao2.0\app\Views\relacao.php(39): CodeIgniter\Debug\Exceptions->errorHandler(8, 'Undefined prope...', 'C:\\wamp64\\www\\r...', 39, Array)
#1 C:\wamp64\www\relacao2.0\system\View\View.php(210): include('C:\\wamp64\\www\\r...')
#2 C:\wamp64\www\relacao2.0\system\View\View.php(213): CodeIgniter\View\View->CodeIgniter\View\{closure}()
#3 C:\wamp64\www\relacao2.0\system\Common.php(1089): CodeIgniter\View\View->render('relacao', Array, true)
#4 C:\wamp64\www\relacao2.0\app\Controllers\Relacao.php(153): view('relacao', Array)
#5 C:\wamp64\www\relacao2.0\system\CodeIgniter.php(832): App\Controllers\Relacao->pesquisar()
#6 C:\wamp64\www\relacao2.0\system\CodeIgniter.php(419): CodeIgniter\CodeIgniter->runController(Object(App\Controllers\Relacao))
#7 C:\wamp64\www\relacao2.0\system\CodeIgniter.php(326): CodeIgniter\CodeIgniter->handleRequest(NULL, Object(Config\Cache), false)
#8 C:\wamp64\www\relacao2.0\index.php(37): CodeIgniter\CodeIgniter->run()
#9 {main}
CRITICAL - 2022-04-13 09:18:48 --> Undefined property: stdClass::$idponto
#0 C:\wamp64\www\relacao2.0\app\Views\relacao.php(39): CodeIgniter\Debug\Exceptions->errorHandler(8, 'Undefined prope...', 'C:\\wamp64\\www\\r...', 39, Array)
#1 C:\wamp64\www\relacao2.0\system\View\View.php(210): include('C:\\wamp64\\www\\r...')
#2 C:\wamp64\www\relacao2.0\system\View\View.php(213): CodeIgniter\View\View->CodeIgniter\View\{closure}()
#3 C:\wamp64\www\relacao2.0\system\Common.php(1089): CodeIgniter\View\View->render('relacao', Array, true)
#4 C:\wamp64\www\relacao2.0\app\Controllers\Relacao.php(153): view('relacao', Array)
#5 C:\wamp64\www\relacao2.0\system\CodeIgniter.php(832): App\Controllers\Relacao->pesquisar()
#6 C:\wamp64\www\relacao2.0\system\CodeIgniter.php(419): CodeIgniter\CodeIgniter->runController(Object(App\Controllers\Relacao))
#7 C:\wamp64\www\relacao2.0\system\CodeIgniter.php(326): CodeIgniter\CodeIgniter->handleRequest(NULL, Object(Config\Cache), false)
#8 C:\wamp64\www\relacao2.0\index.php(37): CodeIgniter\CodeIgniter->run()
#9 {main}
CRITICAL - 2022-04-13 09:24:54 --> Undefined property: stdClass::$idponto
#0 C:\wamp64\www\relacao2.0\app\Views\relacao.php(40): CodeIgniter\Debug\Exceptions->errorHandler(8, 'Undefined prope...', 'C:\\wamp64\\www\\r...', 40, Array)
#1 C:\wamp64\www\relacao2.0\system\View\View.php(210): include('C:\\wamp64\\www\\r...')
#2 C:\wamp64\www\relacao2.0\system\View\View.php(213): CodeIgniter\View\View->CodeIgniter\View\{closure}()
#3 C:\wamp64\www\relacao2.0\system\Common.php(1089): CodeIgniter\View\View->render('relacao', Array, true)
#4 C:\wamp64\www\relacao2.0\app\Controllers\Relacao.php(153): view('relacao', Array)
#5 C:\wamp64\www\relacao2.0\system\CodeIgniter.php(832): App\Controllers\Relacao->pesquisar()
#6 C:\wamp64\www\relacao2.0\system\CodeIgniter.php(419): CodeIgniter\CodeIgniter->runController(Object(App\Controllers\Relacao))
#7 C:\wamp64\www\relacao2.0\system\CodeIgniter.php(326): CodeIgniter\CodeIgniter->handleRequest(NULL, Object(Config\Cache), false)
#8 C:\wamp64\www\relacao2.0\index.php(37): CodeIgniter\CodeIgniter->run()
#9 {main}
CRITICAL - 2022-04-13 09:25:55 --> Undefined property: stdClass::$idponto
#0 C:\wamp64\www\relacao2.0\app\Views\relacao.php(38): CodeIgniter\Debug\Exceptions->errorHandler(8, 'Undefined prope...', 'C:\\wamp64\\www\\r...', 38, Array)
#1 C:\wamp64\www\relacao2.0\system\View\View.php(210): include('C:\\wamp64\\www\\r...')
#2 C:\wamp64\www\relacao2.0\system\View\View.php(213): CodeIgniter\View\View->CodeIgniter\View\{closure}()
#3 C:\wamp64\www\relacao2.0\system\Common.php(1089): CodeIgniter\View\View->render('relacao', Array, true)
#4 C:\wamp64\www\relacao2.0\app\Controllers\Relacao.php(153): view('relacao', Array)
#5 C:\wamp64\www\relacao2.0\system\CodeIgniter.php(832): App\Controllers\Relacao->pesquisar()
#6 C:\wamp64\www\relacao2.0\system\CodeIgniter.php(419): CodeIgniter\CodeIgniter->runController(Object(App\Controllers\Relacao))
#7 C:\wamp64\www\relacao2.0\system\CodeIgniter.php(326): CodeIgniter\CodeIgniter->handleRequest(NULL, Object(Config\Cache), false)
#8 C:\wamp64\www\relacao2.0\index.php(37): CodeIgniter\CodeIgniter->run()
#9 {main}
CRITICAL - 2022-04-13 09:32:24 --> Undefined property: stdClass::$idponto
#0 C:\wamp64\www\relacao2.0\app\Views\relacao.php(38): CodeIgniter\Debug\Exceptions->errorHandler(8, 'Undefined prope...', 'C:\\wamp64\\www\\r...', 38, Array)
#1 C:\wamp64\www\relacao2.0\system\View\View.php(210): include('C:\\wamp64\\www\\r...')
#2 C:\wamp64\www\relacao2.0\system\View\View.php(213): CodeIgniter\View\View->CodeIgniter\View\{closure}()
#3 C:\wamp64\www\relacao2.0\system\Common.php(1089): CodeIgniter\View\View->render('relacao', Array, true)
#4 C:\wamp64\www\relacao2.0\app\Controllers\Relacao.php(153): view('relacao', Array)
#5 C:\wamp64\www\relacao2.0\system\CodeIgniter.php(832): App\Controllers\Relacao->pesquisar()
#6 C:\wamp64\www\relacao2.0\system\CodeIgniter.php(419): CodeIgniter\CodeIgniter->runController(Object(App\Controllers\Relacao))
#7 C:\wamp64\www\relacao2.0\system\CodeIgniter.php(326): CodeIgniter\CodeIgniter->handleRequest(NULL, Object(Config\Cache), false)
#8 C:\wamp64\www\relacao2.0\index.php(37): CodeIgniter\CodeIgniter->run()
#9 {main}
CRITICAL - 2022-04-13 09:32:44 --> Undefined property: stdClass::$IDPONTO
#0 C:\wamp64\www\relacao2.0\app\Views\relacao.php(38): CodeIgniter\Debug\Exceptions->errorHandler(8, 'Undefined prope...', 'C:\\wamp64\\www\\r...', 38, Array)
#1 C:\wamp64\www\relacao2.0\system\View\View.php(210): include('C:\\wamp64\\www\\r...')
#2 C:\wamp64\www\relacao2.0\system\View\View.php(213): CodeIgniter\View\View->CodeIgniter\View\{closure}()
#3 C:\wamp64\www\relacao2.0\system\Common.php(1089): CodeIgniter\View\View->render('relacao', Array, true)
#4 C:\wamp64\www\relacao2.0\app\Controllers\Relacao.php(153): view('relacao', Array)
#5 C:\wamp64\www\relacao2.0\system\CodeIgniter.php(832): App\Controllers\Relacao->pesquisar()
#6 C:\wamp64\www\relacao2.0\system\CodeIgniter.php(419): CodeIgniter\CodeIgniter->runController(Object(App\Controllers\Relacao))
#7 C:\wamp64\www\relacao2.0\system\CodeIgniter.php(326): CodeIgniter\CodeIgniter->handleRequest(NULL, Object(Config\Cache), false)
#8 C:\wamp64\www\relacao2.0\index.php(37): CodeIgniter\CodeIgniter->run()
#9 {main}
CRITICAL - 2022-04-13 09:33:25 --> Undefined property: stdClass::$IDPONTO
#0 C:\wamp64\www\relacao2.0\app\Views\relacao.php(38): CodeIgniter\Debug\Exceptions->errorHandler(8, 'Undefined prope...', 'C:\\wamp64\\www\\r...', 38, Array)
#1 C:\wamp64\www\relacao2.0\system\View\View.php(210): include('C:\\wamp64\\www\\r...')
#2 C:\wamp64\www\relacao2.0\system\View\View.php(213): CodeIgniter\View\View->CodeIgniter\View\{closure}()
#3 C:\wamp64\www\relacao2.0\system\Common.php(1089): CodeIgniter\View\View->render('relacao', Array, true)
#4 C:\wamp64\www\relacao2.0\app\Controllers\Relacao.php(154): view('relacao', Array)
#5 C:\wamp64\www\relacao2.0\system\CodeIgniter.php(832): App\Controllers\Relacao->pesquisar()
#6 C:\wamp64\www\relacao2.0\system\CodeIgniter.php(419): CodeIgniter\CodeIgniter->runController(Object(App\Controllers\Relacao))
#7 C:\wamp64\www\relacao2.0\system\CodeIgniter.php(326): CodeIgniter\CodeIgniter->handleRequest(NULL, Object(Config\Cache), false)
#8 C:\wamp64\www\relacao2.0\index.php(37): CodeIgniter\CodeIgniter->run()
#9 {main}
CRITICAL - 2022-04-13 09:33:27 --> Undefined property: stdClass::$IDPONTO
#0 C:\wamp64\www\relacao2.0\app\Views\relacao.php(38): CodeIgniter\Debug\Exceptions->errorHandler(8, 'Undefined prope...', 'C:\\wamp64\\www\\r...', 38, Array)
#1 C:\wamp64\www\relacao2.0\system\View\View.php(210): include('C:\\wamp64\\www\\r...')
#2 C:\wamp64\www\relacao2.0\system\View\View.php(213): CodeIgniter\View\View->CodeIgniter\View\{closure}()
#3 C:\wamp64\www\relacao2.0\system\Common.php(1089): CodeIgniter\View\View->render('relacao', Array, true)
#4 C:\wamp64\www\relacao2.0\app\Controllers\Relacao.php(154): view('relacao', Array)
#5 C:\wamp64\www\relacao2.0\system\CodeIgniter.php(832): App\Controllers\Relacao->pesquisar()
#6 C:\wamp64\www\relacao2.0\system\CodeIgniter.php(419): CodeIgniter\CodeIgniter->runController(Object(App\Controllers\Relacao))
#7 C:\wamp64\www\relacao2.0\system\CodeIgniter.php(326): CodeIgniter\CodeIgniter->handleRequest(NULL, Object(Config\Cache), false)
#8 C:\wamp64\www\relacao2.0\index.php(37): CodeIgniter\CodeIgniter->run()
#9 {main}
CRITICAL - 2022-04-13 09:36:24 --> Undefined variable: pontos
#0 C:\wamp64\www\relacao2.0\app\Views\relacao.php(39): CodeIgniter\Debug\Exceptions->errorHandler(8, 'Undefined varia...', 'C:\\wamp64\\www\\r...', 39, Array)
#1 C:\wamp64\www\relacao2.0\system\View\View.php(210): include('C:\\wamp64\\www\\r...')
#2 C:\wamp64\www\relacao2.0\system\View\View.php(213): CodeIgniter\View\View->CodeIgniter\View\{closure}()
#3 C:\wamp64\www\relacao2.0\system\Common.php(1089): CodeIgniter\View\View->render('relacao', Array, true)
#4 C:\wamp64\www\relacao2.0\app\Controllers\Relacao.php(154): view('relacao', Array)
#5 C:\wamp64\www\relacao2.0\system\CodeIgniter.php(832): App\Controllers\Relacao->pesquisar()
#6 C:\wamp64\www\relacao2.0\system\CodeIgniter.php(419): CodeIgniter\CodeIgniter->runController(Object(App\Controllers\Relacao))
#7 C:\wamp64\www\relacao2.0\system\CodeIgniter.php(326): CodeIgniter\CodeIgniter->handleRequest(NULL, Object(Config\Cache), false)
#8 C:\wamp64\www\relacao2.0\index.php(37): CodeIgniter\CodeIgniter->run()
#9 {main}
ERROR - 2022-04-13 10:19:47 --> Cannot add or update a child row: a foreign key constraint fails (`relacao`.`ponto`, CONSTRAINT `ID_SERVIDOR` FOREIGN KEY (`SERVIDORPONTO`) REFERENCES `servidor` (`IDSERVIDOR`))
CRITICAL - 2022-04-13 10:19:47 --> Cannot add or update a child row: a foreign key constraint fails (`relacao`.`ponto`, CONSTRAINT `ID_SERVIDOR` FOREIGN KEY (`SERVIDORPONTO`) REFERENCES `servidor` (`IDSERVIDOR`))
#0 C:\wamp64\www\relacao2.0\system\Database\MySQLi\Connection.php(292): mysqli->query('UPDATE `ponto` ...', 0)
#1 C:\wamp64\www\relacao2.0\system\Database\BaseConnection.php(670): CodeIgniter\Database\MySQLi\Connection->execute('UPDATE `ponto` ...')
#2 C:\wamp64\www\relacao2.0\system\Database\BaseConnection.php(598): CodeIgniter\Database\BaseConnection->simpleQuery('UPDATE `ponto` ...')
#3 C:\wamp64\www\relacao2.0\system\Database\BaseBuilder.php(1913): CodeIgniter\Database\BaseConnection->query('UPDATE `ponto` ...', Array, false)
#4 C:\wamp64\www\relacao2.0\system\Model.php(298): CodeIgniter\Database\BaseBuilder->update()
#5 C:\wamp64\www\relacao2.0\system\BaseModel.php(865): CodeIgniter\Model->doUpdate(Array, Array)
#6 C:\wamp64\www\relacao2.0\system\Model.php(651): CodeIgniter\BaseModel->update(Array, Array)
#7 C:\wamp64\www\relacao2.0\app\Controllers\Pontos.php(65): CodeIgniter\Model->update('2077', Object(stdClass))
#8 C:\wamp64\www\relacao2.0\system\CodeIgniter.php(832): App\Controllers\Pontos->editar('2077')
#9 C:\wamp64\www\relacao2.0\system\CodeIgniter.php(419): CodeIgniter\CodeIgniter->runController(Object(App\Controllers\Pontos))
#10 C:\wamp64\www\relacao2.0\system\CodeIgniter.php(326): CodeIgniter\CodeIgniter->handleRequest(NULL, Object(Config\Cache), false)
#11 C:\wamp64\www\relacao2.0\index.php(37): CodeIgniter\CodeIgniter->run()
#12 {main}
ERROR - 2022-04-13 10:32:44 --> Cannot add or update a child row: a foreign key constraint fails (`relacao`.`ponto`, CONSTRAINT `ID_SERVIDOR` FOREIGN KEY (`SERVIDORPONTO`) REFERENCES `servidor` (`IDSERVIDOR`))
CRITICAL - 2022-04-13 10:32:44 --> Cannot add or update a child row: a foreign key constraint fails (`relacao`.`ponto`, CONSTRAINT `ID_SERVIDOR` FOREIGN KEY (`SERVIDORPONTO`) REFERENCES `servidor` (`IDSERVIDOR`))
#0 C:\wamp64\www\relacao2.0\system\Database\MySQLi\Connection.php(292): mysqli->query('UPDATE `ponto` ...', 0)
#1 C:\wamp64\www\relacao2.0\system\Database\BaseConnection.php(670): CodeIgniter\Database\MySQLi\Connection->execute('UPDATE `ponto` ...')
#2 C:\wamp64\www\relacao2.0\system\Database\BaseConnection.php(598): CodeIgniter\Database\BaseConnection->simpleQuery('UPDATE `ponto` ...')
#3 C:\wamp64\www\relacao2.0\system\Database\BaseBuilder.php(1913): CodeIgniter\Database\BaseConnection->query('UPDATE `ponto` ...', Array, false)
#4 C:\wamp64\www\relacao2.0\system\Model.php(298): CodeIgniter\Database\BaseBuilder->update()
#5 C:\wamp64\www\relacao2.0\system\BaseModel.php(865): CodeIgniter\Model->doUpdate(Array, Array)
#6 C:\wamp64\www\relacao2.0\system\Model.php(651): CodeIgniter\BaseModel->update(Array, Array)
#7 C:\wamp64\www\relacao2.0\app\Controllers\Pontos.php(65): CodeIgniter\Model->update('2077', Object(stdClass))
#8 C:\wamp64\www\relacao2.0\system\CodeIgniter.php(832): App\Controllers\Pontos->editar('2077')
#9 C:\wamp64\www\relacao2.0\system\CodeIgniter.php(419): CodeIgniter\CodeIgniter->runController(Object(App\Controllers\Pontos))
#10 C:\wamp64\www\relacao2.0\system\CodeIgniter.php(326): CodeIgniter\CodeIgniter->handleRequest(NULL, Object(Config\Cache), false)
#11 C:\wamp64\www\relacao2.0\index.php(37): CodeIgniter\CodeIgniter->run()
#12 {main}
ERROR - 2022-04-13 10:46:02 --> Cannot add or update a child row: a foreign key constraint fails (`relacao`.`ponto`, CONSTRAINT `ID_SERVIDOR` FOREIGN KEY (`SERVIDORPONTO`) REFERENCES `servidor` (`IDSERVIDOR`))
CRITICAL - 2022-04-13 10:46:02 --> Cannot add or update a child row: a foreign key constraint fails (`relacao`.`ponto`, CONSTRAINT `ID_SERVIDOR` FOREIGN KEY (`SERVIDORPONTO`) REFERENCES `servidor` (`IDSERVIDOR`))
#0 C:\wamp64\www\relacao2.0\system\Database\MySQLi\Connection.php(292): mysqli->query('UPDATE `ponto` ...', 0)
#1 C:\wamp64\www\relacao2.0\system\Database\BaseConnection.php(670): CodeIgniter\Database\MySQLi\Connection->execute('UPDATE `ponto` ...')
#2 C:\wamp64\www\relacao2.0\system\Database\BaseConnection.php(598): CodeIgniter\Database\BaseConnection->simpleQuery('UPDATE `ponto` ...')
#3 C:\wamp64\www\relacao2.0\system\Database\BaseBuilder.php(1913): CodeIgniter\Database\BaseConnection->query('UPDATE `ponto` ...', Array, false)
#4 C:\wamp64\www\relacao2.0\system\Model.php(298): CodeIgniter\Database\BaseBuilder->update()
#5 C:\wamp64\www\relacao2.0\system\BaseModel.php(865): CodeIgniter\Model->doUpdate(Array, Array)
#6 C:\wamp64\www\relacao2.0\system\Model.php(651): CodeIgniter\BaseModel->update(Array, Array)
#7 C:\wamp64\www\relacao2.0\app\Controllers\Pontos.php(65): CodeIgniter\Model->update('2077', Object(stdClass))
#8 C:\wamp64\www\relacao2.0\system\CodeIgniter.php(832): App\Controllers\Pontos->editar('2077')
#9 C:\wamp64\www\relacao2.0\system\CodeIgniter.php(419): CodeIgniter\CodeIgniter->runController(Object(App\Controllers\Pontos))
#10 C:\wamp64\www\relacao2.0\system\CodeIgniter.php(326): CodeIgniter\CodeIgniter->handleRequest(NULL, Object(Config\Cache), false)
#11 C:\wamp64\www\relacao2.0\index.php(37): CodeIgniter\CodeIgniter->run()
#12 {main}
CRITICAL - 2022-04-13 13:37:06 --> Undefined property: stdClass::$NOMESERVIDOR
#0 C:\wamp64\www\relacao2.0\app\Views\adicionarPonto.php(25): CodeIgniter\Debug\Exceptions->errorHandler(8, 'Undefined prope...', 'C:\\wamp64\\www\\r...', 25, Array)
#1 C:\wamp64\www\relacao2.0\system\View\View.php(210): include('C:\\wamp64\\www\\r...')
#2 C:\wamp64\www\relacao2.0\system\View\View.php(213): CodeIgniter\View\View->CodeIgniter\View\{closure}()
#3 C:\wamp64\www\relacao2.0\system\Common.php(1089): CodeIgniter\View\View->render('adicionarPonto', Array, true)
#4 C:\wamp64\www\relacao2.0\app\Controllers\Pontos.php(81): view('adicionarPonto', Array)
#5 C:\wamp64\www\relacao2.0\system\CodeIgniter.php(832): App\Controllers\Pontos->editar('13')
#6 C:\wamp64\www\relacao2.0\system\CodeIgniter.php(419): CodeIgniter\CodeIgniter->runController(Object(App\Controllers\Pontos))
#7 C:\wamp64\www\relacao2.0\system\CodeIgniter.php(326): CodeIgniter\CodeIgniter->handleRequest(NULL, Object(Config\Cache), false)
#8 C:\wamp64\www\relacao2.0\index.php(37): CodeIgniter\CodeIgniter->run()
#9 {main}
CRITICAL - 2022-04-13 13:37:17 --> Undefined property: stdClass::$NOMESERVIDOR
#0 C:\wamp64\www\relacao2.0\app\Views\adicionarPonto.php(25): CodeIgniter\Debug\Exceptions->errorHandler(8, 'Undefined prope...', 'C:\\wamp64\\www\\r...', 25, Array)
#1 C:\wamp64\www\relacao2.0\system\View\View.php(210): include('C:\\wamp64\\www\\r...')
#2 C:\wamp64\www\relacao2.0\system\View\View.php(213): CodeIgniter\View\View->CodeIgniter\View\{closure}()
#3 C:\wamp64\www\relacao2.0\system\Common.php(1089): CodeIgniter\View\View->render('adicionarPonto', Array, true)
#4 C:\wamp64\www\relacao2.0\app\Controllers\Pontos.php(81): view('adicionarPonto', Array)
#5 C:\wamp64\www\relacao2.0\system\CodeIgniter.php(832): App\Controllers\Pontos->editar('13')
#6 C:\wamp64\www\relacao2.0\system\CodeIgniter.php(419): CodeIgniter\CodeIgniter->runController(Object(App\Controllers\Pontos))
#7 C:\wamp64\www\relacao2.0\system\CodeIgniter.php(326): CodeIgniter\CodeIgniter->handleRequest(NULL, Object(Config\Cache), false)
#8 C:\wamp64\www\relacao2.0\index.php(37): CodeIgniter\CodeIgniter->run()
#9 {main}
CRITICAL - 2022-04-13 13:37:22 --> Undefined property: stdClass::$IDSERVIDOR
#0 C:\wamp64\www\relacao2.0\app\Views\adicionarPonto.php(26): CodeIgniter\Debug\Exceptions->errorHandler(8, 'Undefined prope...', 'C:\\wamp64\\www\\r...', 26, Array)
#1 C:\wamp64\www\relacao2.0\system\View\View.php(210): include('C:\\wamp64\\www\\r...')
#2 C:\wamp64\www\relacao2.0\system\View\View.php(213): CodeIgniter\View\View->CodeIgniter\View\{closure}()
#3 C:\wamp64\www\relacao2.0\system\Common.php(1089): CodeIgniter\View\View->render('adicionarPonto', Array, true)
#4 C:\wamp64\www\relacao2.0\app\Controllers\Pontos.php(81): view('adicionarPonto', Array)
#5 C:\wamp64\www\relacao2.0\system\CodeIgniter.php(832): App\Controllers\Pontos->editar('13')
#6 C:\wamp64\www\relacao2.0\system\CodeIgniter.php(419): CodeIgniter\CodeIgniter->runController(Object(App\Controllers\Pontos))
#7 C:\wamp64\www\relacao2.0\system\CodeIgniter.php(326): CodeIgniter\CodeIgniter->handleRequest(NULL, Object(Config\Cache), false)
#8 C:\wamp64\www\relacao2.0\index.php(37): CodeIgniter\CodeIgniter->run()
#9 {main}
CRITICAL - 2022-04-13 13:38:43 --> Undefined variable: ponto
#0 C:\wamp64\www\relacao2.0\app\Views\adicionarPonto.php(25): CodeIgniter\Debug\Exceptions->errorHandler(8, 'Undefined varia...', 'C:\\wamp64\\www\\r...', 25, Array)
#1 C:\wamp64\www\relacao2.0\system\View\View.php(210): include('C:\\wamp64\\www\\r...')
#2 C:\wamp64\www\relacao2.0\system\View\View.php(213): CodeIgniter\View\View->CodeIgniter\View\{closure}()
#3 C:\wamp64\www\relacao2.0\system\Common.php(1089): CodeIgniter\View\View->render('adicionarPonto', Array, true)
#4 C:\wamp64\www\relacao2.0\app\Controllers\Pontos.php(42): view('adicionarPonto', Array)
#5 C:\wamp64\www\relacao2.0\system\CodeIgniter.php(832): App\Controllers\Pontos->adicionar()
#6 C:\wamp64\www\relacao2.0\system\CodeIgniter.php(419): CodeIgniter\CodeIgniter->runController(Object(App\Controllers\Pontos))
#7 C:\wamp64\www\relacao2.0\system\CodeIgniter.php(326): CodeIgniter\CodeIgniter->handleRequest(NULL, Object(Config\Cache), false)
#8 C:\wamp64\www\relacao2.0\index.php(37): CodeIgniter\CodeIgniter->run()
#9 {main}
ERROR - 2022-04-13 15:38:34 --> Cannot add or update a child row: a foreign key constraint fails (`relacao`.`ponto`, CONSTRAINT `ID_SERVIDOR` FOREIGN KEY (`SERVIDORPONTO`) REFERENCES `servidor` (`IDSERVIDOR`))
CRITICAL - 2022-04-13 15:38:34 --> Cannot add or update a child row: a foreign key constraint fails (`relacao`.`ponto`, CONSTRAINT `ID_SERVIDOR` FOREIGN KEY (`SERVIDORPONTO`) REFERENCES `servidor` (`IDSERVIDOR`))
#0 C:\wamp64\www\relacao2.0\system\Database\MySQLi\Connection.php(292): mysqli->query('UPDATE `ponto` ...', 0)
#1 C:\wamp64\www\relacao2.0\system\Database\BaseConnection.php(670): CodeIgniter\Database\MySQLi\Connection->execute('UPDATE `ponto` ...')
#2 C:\wamp64\www\relacao2.0\system\Database\BaseConnection.php(598): CodeIgniter\Database\BaseConnection->simpleQuery('UPDATE `ponto` ...')
#3 C:\wamp64\www\relacao2.0\system\Database\BaseBuilder.php(1913): CodeIgniter\Database\BaseConnection->query('UPDATE `ponto` ...', Array, false)
#4 C:\wamp64\www\relacao2.0\system\Model.php(298): CodeIgniter\Database\BaseBuilder->update()
#5 C:\wamp64\www\relacao2.0\system\BaseModel.php(865): CodeIgniter\Model->doUpdate(Array, Array)
#6 C:\wamp64\www\relacao2.0\system\Model.php(651): CodeIgniter\BaseModel->update(Array, Array)
#7 C:\wamp64\www\relacao2.0\app\Controllers\Pontos.php(65): CodeIgniter\Model->update('2077', Object(stdClass))
#8 C:\wamp64\www\relacao2.0\system\CodeIgniter.php(832): App\Controllers\Pontos->editar('2077')
#9 C:\wamp64\www\relacao2.0\system\CodeIgniter.php(419): CodeIgniter\CodeIgniter->runController(Object(App\Controllers\Pontos))
#10 C:\wamp64\www\relacao2.0\system\CodeIgniter.php(326): CodeIgniter\CodeIgniter->handleRequest(NULL, Object(Config\Cache), false)
#11 C:\wamp64\www\relacao2.0\index.php(37): CodeIgniter\CodeIgniter->run()
#12 {main}
CRITICAL - 2022-04-13 15:47:31 --> Undefined variable: cidade
#0 C:\wamp64\www\relacao2.0\app\Views\relacao.php(107): CodeIgniter\Debug\Exceptions->errorHandler(8, 'Undefined varia...', 'C:\\wamp64\\www\\r...', 107, Array)
#1 C:\wamp64\www\relacao2.0\system\View\View.php(210): include('C:\\wamp64\\www\\r...')
#2 C:\wamp64\www\relacao2.0\system\View\View.php(213): CodeIgniter\View\View->CodeIgniter\View\{closure}()
#3 C:\wamp64\www\relacao2.0\system\Common.php(1089): CodeIgniter\View\View->render('relacao', Array, true)
#4 C:\wamp64\www\relacao2.0\app\Controllers\Relacao.php(99): view('relacao', Array)
#5 C:\wamp64\www\relacao2.0\system\CodeIgniter.php(832): App\Controllers\Relacao->pesquisar()
#6 C:\wamp64\www\relacao2.0\system\CodeIgniter.php(419): CodeIgniter\CodeIgniter->runController(Object(App\Controllers\Relacao))
#7 C:\wamp64\www\relacao2.0\system\CodeIgniter.php(326): CodeIgniter\CodeIgniter->handleRequest(NULL, Object(Config\Cache), false)
#8 C:\wamp64\www\relacao2.0\index.php(37): CodeIgniter\CodeIgniter->run()
#9 {main}
CRITICAL - 2022-04-13 15:50:59 --> Undefined property: stdClass::$idequipamento
#0 C:\wamp64\www\relacao2.0\app\Views\relacao.php(107): CodeIgniter\Debug\Exceptions->errorHandler(8, 'Undefined prope...', 'C:\\wamp64\\www\\r...', 107, Array)
#1 C:\wamp64\www\relacao2.0\system\View\View.php(210): include('C:\\wamp64\\www\\r...')
#2 C:\wamp64\www\relacao2.0\system\View\View.php(213): CodeIgniter\View\View->CodeIgniter\View\{closure}()
#3 C:\wamp64\www\relacao2.0\system\Common.php(1089): CodeIgniter\View\View->render('relacao', Array, true)
#4 C:\wamp64\www\relacao2.0\app\Controllers\Relacao.php(99): view('relacao', Array)
#5 C:\wamp64\www\relacao2.0\system\CodeIgniter.php(832): App\Controllers\Relacao->pesquisar()
#6 C:\wamp64\www\relacao2.0\system\CodeIgniter.php(419): CodeIgniter\CodeIgniter->runController(Object(App\Controllers\Relacao))
#7 C:\wamp64\www\relacao2.0\system\CodeIgniter.php(326): CodeIgniter\CodeIgniter->handleRequest(NULL, Object(Config\Cache), false)
#8 C:\wamp64\www\relacao2.0\index.php(37): CodeIgniter\CodeIgniter->run()
#9 {main}
CRITICAL - 2022-04-13 15:52:42 --> Undefined property: stdClass::$idequipamento
#0 C:\wamp64\www\relacao2.0\app\Views\relacao.php(107): CodeIgniter\Debug\Exceptions->errorHandler(8, 'Undefined prope...', 'C:\\wamp64\\www\\r...', 107, Array)
#1 C:\wamp64\www\relacao2.0\system\View\View.php(210): include('C:\\wamp64\\www\\r...')
#2 C:\wamp64\www\relacao2.0\system\View\View.php(213): CodeIgniter\View\View->CodeIgniter\View\{closure}()
#3 C:\wamp64\www\relacao2.0\system\Common.php(1089): CodeIgniter\View\View->render('relacao', Array, true)
#4 C:\wamp64\www\relacao2.0\app\Controllers\Relacao.php(99): view('relacao', Array)
#5 C:\wamp64\www\relacao2.0\system\CodeIgniter.php(832): App\Controllers\Relacao->pesquisar()
#6 C:\wamp64\www\relacao2.0\system\CodeIgniter.php(419): CodeIgniter\CodeIgniter->runController(Object(App\Controllers\Relacao))
#7 C:\wamp64\www\relacao2.0\system\CodeIgniter.php(326): CodeIgniter\CodeIgniter->handleRequest(NULL, Object(Config\Cache), false)
#8 C:\wamp64\www\relacao2.0\index.php(37): CodeIgniter\CodeIgniter->run()
#9 {main}
CRITICAL - 2022-04-13 15:54:11 --> Invalid file: adicionarEquipamento.php
#0 C:\wamp64\www\relacao2.0\system\View\View.php(198): CodeIgniter\Exceptions\FrameworkException::forInvalidFile('adicionarEquipa...')
#1 C:\wamp64\www\relacao2.0\system\Common.php(1089): CodeIgniter\View\View->render('adicionarEquipa...', Array, true)
#2 C:\wamp64\www\relacao2.0\app\Controllers\Equipamentos.php(92): view('adicionarEquipa...', Array)
#3 C:\wamp64\www\relacao2.0\system\CodeIgniter.php(832): App\Controllers\Equipamentos->editar('18599')
#4 C:\wamp64\www\relacao2.0\system\CodeIgniter.php(419): CodeIgniter\CodeIgniter->runController(Object(App\Controllers\Equipamentos))
#5 C:\wamp64\www\relacao2.0\system\CodeIgniter.php(326): CodeIgniter\CodeIgniter->handleRequest(NULL, Object(Config\Cache), false)
#6 C:\wamp64\www\relacao2.0\index.php(37): CodeIgniter\CodeIgniter->run()
#7 {main}
CRITICAL - 2022-04-13 15:54:54 --> Undefined variable: selectPontos
#0 C:\wamp64\www\relacao2.0\app\Views\adicionarAps.php(22): CodeIgniter\Debug\Exceptions->errorHandler(8, 'Undefined varia...', 'C:\\wamp64\\www\\r...', 22, Array)
#1 C:\wamp64\www\relacao2.0\system\View\View.php(210): include('C:\\wamp64\\www\\r...')
#2 C:\wamp64\www\relacao2.0\system\View\View.php(213): CodeIgniter\View\View->CodeIgniter\View\{closure}()
#3 C:\wamp64\www\relacao2.0\system\Common.php(1089): CodeIgniter\View\View->render('adicionarAps', Array, true)
#4 C:\wamp64\www\relacao2.0\app\Controllers\Equipamentos.php(92): view('adicionarAps', Array)
#5 C:\wamp64\www\relacao2.0\system\CodeIgniter.php(832): App\Controllers\Equipamentos->editar('18599')
#6 C:\wamp64\www\relacao2.0\system\CodeIgniter.php(419): CodeIgniter\CodeIgniter->runController(Object(App\Controllers\Equipamentos))
#7 C:\wamp64\www\relacao2.0\system\CodeIgniter.php(326): CodeIgniter\CodeIgniter->handleRequest(NULL, Object(Config\Cache), false)
#8 C:\wamp64\www\relacao2.0\index.php(37): CodeIgniter\CodeIgniter->run()
#9 {main}
ERROR - 2022-04-13 16:00:03 --> Cannot add or update a child row: a foreign key constraint fails (`relacao`.`equipamento`, CONSTRAINT `ID_MODO` FOREIGN KEY (`MODOEQUIPAMENTO`) REFERENCES `modo` (`IDMODO`))
CRITICAL - 2022-04-13 16:00:03 --> Cannot add or update a child row: a foreign key constraint fails (`relacao`.`equipamento`, CONSTRAINT `ID_MODO` FOREIGN KEY (`MODOEQUIPAMENTO`) REFERENCES `modo` (`IDMODO`))
#0 C:\wamp64\www\relacao2.0\system\Database\MySQLi\Connection.php(292): mysqli->query('UPDATE `equipam...', 0)
#1 C:\wamp64\www\relacao2.0\system\Database\BaseConnection.php(670): CodeIgniter\Database\MySQLi\Connection->execute('UPDATE `equipam...')
#2 C:\wamp64\www\relacao2.0\system\Database\BaseConnection.php(598): CodeIgniter\Database\BaseConnection->simpleQuery('UPDATE `equipam...')
#3 C:\wamp64\www\relacao2.0\system\Database\BaseBuilder.php(1913): CodeIgniter\Database\BaseConnection->query('UPDATE `equipam...', Array, false)
#4 C:\wamp64\www\relacao2.0\system\Model.php(298): CodeIgniter\Database\BaseBuilder->update()
#5 C:\wamp64\www\relacao2.0\system\BaseModel.php(865): CodeIgniter\Model->doUpdate(Array, Array)
#6 C:\wamp64\www\relacao2.0\system\Model.php(651): CodeIgniter\BaseModel->update(Array, Array)
#7 C:\wamp64\www\relacao2.0\app\Controllers\Equipamentos.php(83): CodeIgniter\Model->update('18599', Object(stdClass))
#8 C:\wamp64\www\relacao2.0\system\CodeIgniter.php(832): App\Controllers\Equipamentos->editar('18599')
#9 C:\wamp64\www\relacao2.0\system\CodeIgniter.php(419): CodeIgniter\CodeIgniter->runController(Object(App\Controllers\Equipamentos))
#10 C:\wamp64\www\relacao2.0\system\CodeIgniter.php(326): CodeIgniter\CodeIgniter->handleRequest(NULL, Object(Config\Cache), false)
#11 C:\wamp64\www\relacao2.0\index.php(37): CodeIgniter\CodeIgniter->run()
#12 {main}
ERROR - 2022-04-13 16:00:36 --> Cannot add or update a child row: a foreign key constraint fails (`relacao`.`equipamento`, CONSTRAINT `ID_MODO` FOREIGN KEY (`MODOEQUIPAMENTO`) REFERENCES `modo` (`IDMODO`))
CRITICAL - 2022-04-13 16:00:36 --> Cannot add or update a child row: a foreign key constraint fails (`relacao`.`equipamento`, CONSTRAINT `ID_MODO` FOREIGN KEY (`MODOEQUIPAMENTO`) REFERENCES `modo` (`IDMODO`))
#0 C:\wamp64\www\relacao2.0\system\Database\MySQLi\Connection.php(292): mysqli->query('UPDATE `equipam...', 0)
#1 C:\wamp64\www\relacao2.0\system\Database\BaseConnection.php(670): CodeIgniter\Database\MySQLi\Connection->execute('UPDATE `equipam...')
#2 C:\wamp64\www\relacao2.0\system\Database\BaseConnection.php(598): CodeIgniter\Database\BaseConnection->simpleQuery('UPDATE `equipam...')
#3 C:\wamp64\www\relacao2.0\system\Database\BaseBuilder.php(1913): CodeIgniter\Database\BaseConnection->query('UPDATE `equipam...', Array, false)
#4 C:\wamp64\www\relacao2.0\system\Model.php(298): CodeIgniter\Database\BaseBuilder->update()
#5 C:\wamp64\www\relacao2.0\system\BaseModel.php(865): CodeIgniter\Model->doUpdate(Array, Array)
#6 C:\wamp64\www\relacao2.0\system\Model.php(651): CodeIgniter\BaseModel->update(Array, Array)
#7 C:\wamp64\www\relacao2.0\app\Controllers\Equipamentos.php(83): CodeIgniter\Model->update('18599', Object(stdClass))
#8 C:\wamp64\www\relacao2.0\system\CodeIgniter.php(832): App\Controllers\Equipamentos->editar('18599')
#9 C:\wamp64\www\relacao2.0\system\CodeIgniter.php(419): CodeIgniter\CodeIgniter->runController(Object(App\Controllers\Equipamentos))
#10 C:\wamp64\www\relacao2.0\system\CodeIgniter.php(326): CodeIgniter\CodeIgniter->handleRequest(NULL, Object(Config\Cache), false)
#11 C:\wamp64\www\relacao2.0\index.php(37): CodeIgniter\CodeIgniter->run()
#12 {main}
ERROR - 2022-04-13 16:00:40 --> Cannot add or update a child row: a foreign key constraint fails (`relacao`.`equipamento`, CONSTRAINT `ID_MODO` FOREIGN KEY (`MODOEQUIPAMENTO`) REFERENCES `modo` (`IDMODO`))
CRITICAL - 2022-04-13 16:00:40 --> Cannot add or update a child row: a foreign key constraint fails (`relacao`.`equipamento`, CONSTRAINT `ID_MODO` FOREIGN KEY (`MODOEQUIPAMENTO`) REFERENCES `modo` (`IDMODO`))
#0 C:\wamp64\www\relacao2.0\system\Database\MySQLi\Connection.php(292): mysqli->query('UPDATE `equipam...', 0)
#1 C:\wamp64\www\relacao2.0\system\Database\BaseConnection.php(670): CodeIgniter\Database\MySQLi\Connection->execute('UPDATE `equipam...')
#2 C:\wamp64\www\relacao2.0\system\Database\BaseConnection.php(598): CodeIgniter\Database\BaseConnection->simpleQuery('UPDATE `equipam...')
#3 C:\wamp64\www\relacao2.0\system\Database\BaseBuilder.php(1913): CodeIgniter\Database\BaseConnection->query('UPDATE `equipam...', Array, false)
#4 C:\wamp64\www\relacao2.0\system\Model.php(298): CodeIgniter\Database\BaseBuilder->update()
#5 C:\wamp64\www\relacao2.0\system\BaseModel.php(865): CodeIgniter\Model->doUpdate(Array, Array)
#6 C:\wamp64\www\relacao2.0\system\Model.php(651): CodeIgniter\BaseModel->update(Array, Array)
#7 C:\wamp64\www\relacao2.0\app\Controllers\Equipamentos.php(83): CodeIgniter\Model->update('18599', Object(stdClass))
#8 C:\wamp64\www\relacao2.0\system\CodeIgniter.php(832): App\Controllers\Equipamentos->editar('18599')
#9 C:\wamp64\www\relacao2.0\system\CodeIgniter.php(419): CodeIgniter\CodeIgniter->runController(Object(App\Controllers\Equipamentos))
#10 C:\wamp64\www\relacao2.0\system\CodeIgniter.php(326): CodeIgniter\CodeIgniter->handleRequest(NULL, Object(Config\Cache), false)
#11 C:\wamp64\www\relacao2.0\index.php(37): CodeIgniter\CodeIgniter->run()
#12 {main}
