ERROR - 2022-05-12 05:54:18 --> Table 'relacao.login' doesn't exist
CRITICAL - 2022-05-12 05:54:18 --> Table 'relacao.login' doesn't exist
#0 C:\xampp\htdocs\relacao2.0\system\Database\MySQLi\Connection.php(292): mysqli->query('SELECT *\nFROM `...', 0)
#1 C:\xampp\htdocs\relacao2.0\system\Database\BaseConnection.php(670): CodeIgniter\Database\MySQLi\Connection->execute('SELECT *\nFROM `...')
#2 C:\xampp\htdocs\relacao2.0\system\Database\BaseConnection.php(598): CodeIgniter\Database\BaseConnection->simpleQuery('SELECT *\nFROM `...')
#3 C:\xampp\htdocs\relacao2.0\system\Database\BaseBuilder.php(1455): CodeIgniter\Database\BaseConnection->query('SELECT *\nFROM `...', Array, false)
#4 C:\xampp\htdocs\relacao2.0\system\Model.php(210): CodeIgniter\Database\BaseBuilder->get()
#5 C:\xampp\htdocs\relacao2.0\system\BaseModel.php(622): CodeIgniter\Model->doFirst()
#6 C:\xampp\htdocs\relacao2.0\app\Models\UsuariosModel.php(14): CodeIgniter\BaseModel->first()
#7 C:\xampp\htdocs\relacao2.0\app\Controllers\Usuarios.php(31): App\Models\UsuariosModel->getByNome('admin')
#8 C:\xampp\htdocs\relacao2.0\system\CodeIgniter.php(832): App\Controllers\Usuarios->signIn()
#9 C:\xampp\htdocs\relacao2.0\system\CodeIgniter.php(419): CodeIgniter\CodeIgniter->runController(Object(App\Controllers\Usuarios))
#10 C:\xampp\htdocs\relacao2.0\system\CodeIgniter.php(326): CodeIgniter\CodeIgniter->handleRequest(NULL, Object(Config\Cache), false)
#11 C:\xampp\htdocs\relacao2.0\index.php(37): CodeIgniter\CodeIgniter->run()
#12 {main}
ERROR - 2022-05-12 06:19:15 --> Table 'relacao.login' doesn't exist
CRITICAL - 2022-05-12 06:19:15 --> Table 'relacao.login' doesn't exist
#0 C:\xampp\htdocs\relacao2.0\system\Database\MySQLi\Connection.php(292): mysqli->query('SELECT *\nFROM `...', 0)
#1 C:\xampp\htdocs\relacao2.0\system\Database\BaseConnection.php(670): CodeIgniter\Database\MySQLi\Connection->execute('SELECT *\nFROM `...')
#2 C:\xampp\htdocs\relacao2.0\system\Database\BaseConnection.php(598): CodeIgniter\Database\BaseConnection->simpleQuery('SELECT *\nFROM `...')
#3 C:\xampp\htdocs\relacao2.0\system\Database\BaseBuilder.php(1455): CodeIgniter\Database\BaseConnection->query('SELECT *\nFROM `...', Array, false)
#4 C:\xampp\htdocs\relacao2.0\system\Model.php(210): CodeIgniter\Database\BaseBuilder->get()
#5 C:\xampp\htdocs\relacao2.0\system\BaseModel.php(622): CodeIgniter\Model->doFirst()
#6 C:\xampp\htdocs\relacao2.0\app\Models\UsuariosModel.php(14): CodeIgniter\BaseModel->first()
#7 C:\xampp\htdocs\relacao2.0\app\Controllers\Usuarios.php(31): App\Models\UsuariosModel->getByNome('admin')
#8 C:\xampp\htdocs\relacao2.0\system\CodeIgniter.php(832): App\Controllers\Usuarios->signIn()
#9 C:\xampp\htdocs\relacao2.0\system\CodeIgniter.php(419): CodeIgniter\CodeIgniter->runController(Object(App\Controllers\Usuarios))
#10 C:\xampp\htdocs\relacao2.0\system\CodeIgniter.php(326): CodeIgniter\CodeIgniter->handleRequest(NULL, Object(Config\Cache), false)
#11 C:\xampp\htdocs\relacao2.0\index.php(37): CodeIgniter\CodeIgniter->run()
#12 {main}
ERROR - 2022-05-12 08:40:32 --> Expression #1 of SELECT list is not in GROUP BY clause and contains nonaggregated column 'relacao.EQUIPAMENTO.ID' which is not functionally dependent on columns in GROUP BY clause; this is incompatible with sql_mode=only_full_group_by
CRITICAL - 2022-05-12 08:40:32 --> Expression #1 of SELECT list is not in GROUP BY clause and contains nonaggregated column 'relacao.EQUIPAMENTO.ID' which is not functionally dependent on columns in GROUP BY clause; this is incompatible with sql_mode=only_full_group_by
#0 C:\xampp\htdocs\relacao2.0\system\Database\MySQLi\Connection.php(292): mysqli->query('SELECT\r\n       ...', 0)
#1 C:\xampp\htdocs\relacao2.0\system\Database\BaseConnection.php(670): CodeIgniter\Database\MySQLi\Connection->execute('SELECT\r\n       ...')
#2 C:\xampp\htdocs\relacao2.0\system\Database\BaseConnection.php(598): CodeIgniter\Database\BaseConnection->simpleQuery('SELECT\r\n       ...')
#3 C:\xampp\htdocs\relacao2.0\app\Controllers\RelacaoUnificada.php(73): CodeIgniter\Database\BaseConnection->query('SELECT\r\n       ...')
#4 C:\xampp\htdocs\relacao2.0\system\CodeIgniter.php(832): App\Controllers\RelacaoUnificada->pesquisar()
#5 C:\xampp\htdocs\relacao2.0\system\CodeIgniter.php(419): CodeIgniter\CodeIgniter->runController(Object(App\Controllers\RelacaoUnificada))
#6 C:\xampp\htdocs\relacao2.0\system\CodeIgniter.php(326): CodeIgniter\CodeIgniter->handleRequest(NULL, Object(Config\Cache), false)
#7 C:\xampp\htdocs\relacao2.0\index.php(37): CodeIgniter\CodeIgniter->run()
#8 {main}
ERROR - 2022-05-12 08:42:06 --> Unknown column 'RELACAO.EQUIPAMENTO.ID' in 'group statement'
CRITICAL - 2022-05-12 08:42:06 --> Unknown column 'RELACAO.EQUIPAMENTO.ID' in 'group statement'
#0 C:\xampp\htdocs\relacao2.0\system\Database\MySQLi\Connection.php(292): mysqli->query('SELECT\r\n       ...', 0)
#1 C:\xampp\htdocs\relacao2.0\system\Database\BaseConnection.php(670): CodeIgniter\Database\MySQLi\Connection->execute('SELECT\r\n       ...')
#2 C:\xampp\htdocs\relacao2.0\system\Database\BaseConnection.php(598): CodeIgniter\Database\BaseConnection->simpleQuery('SELECT\r\n       ...')
#3 C:\xampp\htdocs\relacao2.0\app\Controllers\RelacaoUnificada.php(73): CodeIgniter\Database\BaseConnection->query('SELECT\r\n       ...')
#4 C:\xampp\htdocs\relacao2.0\system\CodeIgniter.php(832): App\Controllers\RelacaoUnificada->pesquisar()
#5 C:\xampp\htdocs\relacao2.0\system\CodeIgniter.php(419): CodeIgniter\CodeIgniter->runController(Object(App\Controllers\RelacaoUnificada))
#6 C:\xampp\htdocs\relacao2.0\system\CodeIgniter.php(326): CodeIgniter\CodeIgniter->handleRequest(NULL, Object(Config\Cache), false)
#7 C:\xampp\htdocs\relacao2.0\index.php(37): CodeIgniter\CodeIgniter->run()
#8 {main}
ERROR - 2022-05-12 08:44:41 --> Expression #2 of SELECT list is not in GROUP BY clause and contains nonaggregated column 'relacao.PONTO.IDPONTO' which is not functionally dependent on columns in GROUP BY clause; this is incompatible with sql_mode=only_full_group_by
CRITICAL - 2022-05-12 08:44:41 --> Expression #2 of SELECT list is not in GROUP BY clause and contains nonaggregated column 'relacao.PONTO.IDPONTO' which is not functionally dependent on columns in GROUP BY clause; this is incompatible with sql_mode=only_full_group_by
#0 C:\xampp\htdocs\relacao2.0\system\Database\MySQLi\Connection.php(292): mysqli->query('SELECT\r\n       ...', 0)
#1 C:\xampp\htdocs\relacao2.0\system\Database\BaseConnection.php(670): CodeIgniter\Database\MySQLi\Connection->execute('SELECT\r\n       ...')
#2 C:\xampp\htdocs\relacao2.0\system\Database\BaseConnection.php(598): CodeIgniter\Database\BaseConnection->simpleQuery('SELECT\r\n       ...')
#3 C:\xampp\htdocs\relacao2.0\app\Controllers\RelacaoUnificada.php(73): CodeIgniter\Database\BaseConnection->query('SELECT\r\n       ...')
#4 C:\xampp\htdocs\relacao2.0\system\CodeIgniter.php(832): App\Controllers\RelacaoUnificada->pesquisar()
#5 C:\xampp\htdocs\relacao2.0\system\CodeIgniter.php(419): CodeIgniter\CodeIgniter->runController(Object(App\Controllers\RelacaoUnificada))
#6 C:\xampp\htdocs\relacao2.0\system\CodeIgniter.php(326): CodeIgniter\CodeIgniter->handleRequest(NULL, Object(Config\Cache), false)
#7 C:\xampp\htdocs\relacao2.0\index.php(37): CodeIgniter\CodeIgniter->run()
#8 {main}
ERROR - 2022-05-12 08:50:58 --> Expression #1 of SELECT list is not in GROUP BY clause and contains nonaggregated column 'relacao.EQUIPAMENTO.ID' which is not functionally dependent on columns in GROUP BY clause; this is incompatible with sql_mode=only_full_group_by
CRITICAL - 2022-05-12 08:50:58 --> Expression #1 of SELECT list is not in GROUP BY clause and contains nonaggregated column 'relacao.EQUIPAMENTO.ID' which is not functionally dependent on columns in GROUP BY clause; this is incompatible with sql_mode=only_full_group_by
#0 C:\xampp\htdocs\relacao2.0\system\Database\MySQLi\Connection.php(292): mysqli->query('SELECT \r\n      ...', 0)
#1 C:\xampp\htdocs\relacao2.0\system\Database\BaseConnection.php(670): CodeIgniter\Database\MySQLi\Connection->execute('SELECT \r\n      ...')
#2 C:\xampp\htdocs\relacao2.0\system\Database\BaseConnection.php(598): CodeIgniter\Database\BaseConnection->simpleQuery('SELECT \r\n      ...')
#3 C:\xampp\htdocs\relacao2.0\app\Controllers\RelacaoUnificada.php(164): CodeIgniter\Database\BaseConnection->query('SELECT \r\n      ...')
#4 C:\xampp\htdocs\relacao2.0\system\CodeIgniter.php(832): App\Controllers\RelacaoUnificada->pesquisar()
#5 C:\xampp\htdocs\relacao2.0\system\CodeIgniter.php(419): CodeIgniter\CodeIgniter->runController(Object(App\Controllers\RelacaoUnificada))
#6 C:\xampp\htdocs\relacao2.0\system\CodeIgniter.php(326): CodeIgniter\CodeIgniter->handleRequest(NULL, Object(Config\Cache), false)
#7 C:\xampp\htdocs\relacao2.0\index.php(37): CodeIgniter\CodeIgniter->run()
#8 {main}
ERROR - 2022-05-12 08:53:46 --> Expression #1 of SELECT list is not in GROUP BY clause and contains nonaggregated column 'relacao.EQUIPAMENTO.ID' which is not functionally dependent on columns in GROUP BY clause; this is incompatible with sql_mode=only_full_group_by
CRITICAL - 2022-05-12 08:53:46 --> Expression #1 of SELECT list is not in GROUP BY clause and contains nonaggregated column 'relacao.EQUIPAMENTO.ID' which is not functionally dependent on columns in GROUP BY clause; this is incompatible with sql_mode=only_full_group_by
#0 C:\xampp\htdocs\relacao2.0\system\Database\MySQLi\Connection.php(292): mysqli->query('SELECT \r\n      ...', 0)
#1 C:\xampp\htdocs\relacao2.0\system\Database\BaseConnection.php(670): CodeIgniter\Database\MySQLi\Connection->execute('SELECT \r\n      ...')
#2 C:\xampp\htdocs\relacao2.0\system\Database\BaseConnection.php(598): CodeIgniter\Database\BaseConnection->simpleQuery('SELECT \r\n      ...')
#3 C:\xampp\htdocs\relacao2.0\app\Controllers\RelacaoUnificada.php(164): CodeIgniter\Database\BaseConnection->query('SELECT \r\n      ...')
#4 C:\xampp\htdocs\relacao2.0\system\CodeIgniter.php(832): App\Controllers\RelacaoUnificada->pesquisar()
#5 C:\xampp\htdocs\relacao2.0\system\CodeIgniter.php(419): CodeIgniter\CodeIgniter->runController(Object(App\Controllers\RelacaoUnificada))
#6 C:\xampp\htdocs\relacao2.0\system\CodeIgniter.php(326): CodeIgniter\CodeIgniter->handleRequest(NULL, Object(Config\Cache), false)
#7 C:\xampp\htdocs\relacao2.0\index.php(37): CodeIgniter\CodeIgniter->run()
#8 {main}
ERROR - 2022-05-12 08:53:49 --> Expression #1 of SELECT list is not in GROUP BY clause and contains nonaggregated column 'relacao.EQUIPAMENTO.ID' which is not functionally dependent on columns in GROUP BY clause; this is incompatible with sql_mode=only_full_group_by
CRITICAL - 2022-05-12 08:53:49 --> Expression #1 of SELECT list is not in GROUP BY clause and contains nonaggregated column 'relacao.EQUIPAMENTO.ID' which is not functionally dependent on columns in GROUP BY clause; this is incompatible with sql_mode=only_full_group_by
#0 C:\xampp\htdocs\relacao2.0\system\Database\MySQLi\Connection.php(292): mysqli->query('SELECT\r\n       ...', 0)
#1 C:\xampp\htdocs\relacao2.0\system\Database\BaseConnection.php(670): CodeIgniter\Database\MySQLi\Connection->execute('SELECT\r\n       ...')
#2 C:\xampp\htdocs\relacao2.0\system\Database\BaseConnection.php(598): CodeIgniter\Database\BaseConnection->simpleQuery('SELECT\r\n       ...')
#3 C:\xampp\htdocs\relacao2.0\app\Controllers\RelacaoUnificada.php(73): CodeIgniter\Database\BaseConnection->query('SELECT\r\n       ...')
#4 C:\xampp\htdocs\relacao2.0\system\CodeIgniter.php(832): App\Controllers\RelacaoUnificada->pesquisar()
#5 C:\xampp\htdocs\relacao2.0\system\CodeIgniter.php(419): CodeIgniter\CodeIgniter->runController(Object(App\Controllers\RelacaoUnificada))
#6 C:\xampp\htdocs\relacao2.0\system\CodeIgniter.php(326): CodeIgniter\CodeIgniter->handleRequest(NULL, Object(Config\Cache), false)
#7 C:\xampp\htdocs\relacao2.0\index.php(37): CodeIgniter\CodeIgniter->run()
#8 {main}
ERROR - 2022-05-12 08:56:08 --> Expression #1 of SELECT list is not in GROUP BY clause and contains nonaggregated column 'relacao.EQUIPAMENTO.ID' which is not functionally dependent on columns in GROUP BY clause; this is incompatible with sql_mode=only_full_group_by
CRITICAL - 2022-05-12 08:56:08 --> Expression #1 of SELECT list is not in GROUP BY clause and contains nonaggregated column 'relacao.EQUIPAMENTO.ID' which is not functionally dependent on columns in GROUP BY clause; this is incompatible with sql_mode=only_full_group_by
#0 C:\xampp\htdocs\relacao2.0\system\Database\MySQLi\Connection.php(292): mysqli->query('SELECT\r\n       ...', 0)
#1 C:\xampp\htdocs\relacao2.0\system\Database\BaseConnection.php(670): CodeIgniter\Database\MySQLi\Connection->execute('SELECT\r\n       ...')
#2 C:\xampp\htdocs\relacao2.0\system\Database\BaseConnection.php(598): CodeIgniter\Database\BaseConnection->simpleQuery('SELECT\r\n       ...')
#3 C:\xampp\htdocs\relacao2.0\app\Controllers\RelacaoUnificada.php(73): CodeIgniter\Database\BaseConnection->query('SELECT\r\n       ...')
#4 C:\xampp\htdocs\relacao2.0\system\CodeIgniter.php(832): App\Controllers\RelacaoUnificada->pesquisar()
#5 C:\xampp\htdocs\relacao2.0\system\CodeIgniter.php(419): CodeIgniter\CodeIgniter->runController(Object(App\Controllers\RelacaoUnificada))
#6 C:\xampp\htdocs\relacao2.0\system\CodeIgniter.php(326): CodeIgniter\CodeIgniter->handleRequest(NULL, Object(Config\Cache), false)
#7 C:\xampp\htdocs\relacao2.0\index.php(37): CodeIgniter\CodeIgniter->run()
#8 {main}
ERROR - 2022-05-12 08:56:24 --> Unknown column 'PONTO.id' in 'group statement'
CRITICAL - 2022-05-12 08:56:24 --> Unknown column 'PONTO.id' in 'group statement'
#0 C:\xampp\htdocs\relacao2.0\system\Database\MySQLi\Connection.php(292): mysqli->query('SELECT\r\n       ...', 0)
#1 C:\xampp\htdocs\relacao2.0\system\Database\BaseConnection.php(670): CodeIgniter\Database\MySQLi\Connection->execute('SELECT\r\n       ...')
#2 C:\xampp\htdocs\relacao2.0\system\Database\BaseConnection.php(598): CodeIgniter\Database\BaseConnection->simpleQuery('SELECT\r\n       ...')
#3 C:\xampp\htdocs\relacao2.0\app\Controllers\RelacaoUnificada.php(73): CodeIgniter\Database\BaseConnection->query('SELECT\r\n       ...')
#4 C:\xampp\htdocs\relacao2.0\system\CodeIgniter.php(832): App\Controllers\RelacaoUnificada->pesquisar()
#5 C:\xampp\htdocs\relacao2.0\system\CodeIgniter.php(419): CodeIgniter\CodeIgniter->runController(Object(App\Controllers\RelacaoUnificada))
#6 C:\xampp\htdocs\relacao2.0\system\CodeIgniter.php(326): CodeIgniter\CodeIgniter->handleRequest(NULL, Object(Config\Cache), false)
#7 C:\xampp\htdocs\relacao2.0\index.php(37): CodeIgniter\CodeIgniter->run()
#8 {main}
ERROR - 2022-05-12 08:56:33 --> Expression #1 of SELECT list is not in GROUP BY clause and contains nonaggregated column 'relacao.EQUIPAMENTO.ID' which is not functionally dependent on columns in GROUP BY clause; this is incompatible with sql_mode=only_full_group_by
CRITICAL - 2022-05-12 08:56:33 --> Expression #1 of SELECT list is not in GROUP BY clause and contains nonaggregated column 'relacao.EQUIPAMENTO.ID' which is not functionally dependent on columns in GROUP BY clause; this is incompatible with sql_mode=only_full_group_by
#0 C:\xampp\htdocs\relacao2.0\system\Database\MySQLi\Connection.php(292): mysqli->query('SELECT\r\n       ...', 0)
#1 C:\xampp\htdocs\relacao2.0\system\Database\BaseConnection.php(670): CodeIgniter\Database\MySQLi\Connection->execute('SELECT\r\n       ...')
#2 C:\xampp\htdocs\relacao2.0\system\Database\BaseConnection.php(598): CodeIgniter\Database\BaseConnection->simpleQuery('SELECT\r\n       ...')
#3 C:\xampp\htdocs\relacao2.0\app\Controllers\RelacaoUnificada.php(73): CodeIgniter\Database\BaseConnection->query('SELECT\r\n       ...')
#4 C:\xampp\htdocs\relacao2.0\system\CodeIgniter.php(832): App\Controllers\RelacaoUnificada->pesquisar()
#5 C:\xampp\htdocs\relacao2.0\system\CodeIgniter.php(419): CodeIgniter\CodeIgniter->runController(Object(App\Controllers\RelacaoUnificada))
#6 C:\xampp\htdocs\relacao2.0\system\CodeIgniter.php(326): CodeIgniter\CodeIgniter->handleRequest(NULL, Object(Config\Cache), false)
#7 C:\xampp\htdocs\relacao2.0\index.php(37): CodeIgniter\CodeIgniter->run()
#8 {main}
ERROR - 2022-05-12 08:57:38 --> Expression #1 of SELECT list is not in GROUP BY clause and contains nonaggregated column 'relacao.EQUIPAMENTO.ID' which is not functionally dependent on columns in GROUP BY clause; this is incompatible with sql_mode=only_full_group_by
CRITICAL - 2022-05-12 08:57:38 --> Expression #1 of SELECT list is not in GROUP BY clause and contains nonaggregated column 'relacao.EQUIPAMENTO.ID' which is not functionally dependent on columns in GROUP BY clause; this is incompatible with sql_mode=only_full_group_by
#0 C:\xampp\htdocs\relacao2.0\system\Database\MySQLi\Connection.php(292): mysqli->query('SELECT\r\n       ...', 0)
#1 C:\xampp\htdocs\relacao2.0\system\Database\BaseConnection.php(670): CodeIgniter\Database\MySQLi\Connection->execute('SELECT\r\n       ...')
#2 C:\xampp\htdocs\relacao2.0\system\Database\BaseConnection.php(598): CodeIgniter\Database\BaseConnection->simpleQuery('SELECT\r\n       ...')
#3 C:\xampp\htdocs\relacao2.0\app\Controllers\RelacaoUnificada.php(73): CodeIgniter\Database\BaseConnection->query('SELECT\r\n       ...')
#4 C:\xampp\htdocs\relacao2.0\system\CodeIgniter.php(832): App\Controllers\RelacaoUnificada->pesquisar()
#5 C:\xampp\htdocs\relacao2.0\system\CodeIgniter.php(419): CodeIgniter\CodeIgniter->runController(Object(App\Controllers\RelacaoUnificada))
#6 C:\xampp\htdocs\relacao2.0\system\CodeIgniter.php(326): CodeIgniter\CodeIgniter->handleRequest(NULL, Object(Config\Cache), false)
#7 C:\xampp\htdocs\relacao2.0\index.php(37): CodeIgniter\CodeIgniter->run()
#8 {main}
ERROR - 2022-05-12 08:58:06 --> Expression #2 of SELECT list is not in GROUP BY clause and contains nonaggregated column 'relacao.PONTO.IDPONTO' which is not functionally dependent on columns in GROUP BY clause; this is incompatible with sql_mode=only_full_group_by
CRITICAL - 2022-05-12 08:58:06 --> Expression #2 of SELECT list is not in GROUP BY clause and contains nonaggregated column 'relacao.PONTO.IDPONTO' which is not functionally dependent on columns in GROUP BY clause; this is incompatible with sql_mode=only_full_group_by
#0 C:\xampp\htdocs\relacao2.0\system\Database\MySQLi\Connection.php(292): mysqli->query('SELECT\r\n       ...', 0)
#1 C:\xampp\htdocs\relacao2.0\system\Database\BaseConnection.php(670): CodeIgniter\Database\MySQLi\Connection->execute('SELECT\r\n       ...')
#2 C:\xampp\htdocs\relacao2.0\system\Database\BaseConnection.php(598): CodeIgniter\Database\BaseConnection->simpleQuery('SELECT\r\n       ...')
#3 C:\xampp\htdocs\relacao2.0\app\Controllers\RelacaoUnificada.php(73): CodeIgniter\Database\BaseConnection->query('SELECT\r\n       ...')
#4 C:\xampp\htdocs\relacao2.0\system\CodeIgniter.php(832): App\Controllers\RelacaoUnificada->pesquisar()
#5 C:\xampp\htdocs\relacao2.0\system\CodeIgniter.php(419): CodeIgniter\CodeIgniter->runController(Object(App\Controllers\RelacaoUnificada))
#6 C:\xampp\htdocs\relacao2.0\system\CodeIgniter.php(326): CodeIgniter\CodeIgniter->handleRequest(NULL, Object(Config\Cache), false)
#7 C:\xampp\htdocs\relacao2.0\index.php(37): CodeIgniter\CodeIgniter->run()
#8 {main}
ERROR - 2022-05-12 08:58:22 --> You have an error in your SQL syntax; check the manual that corresponds to your MySQL server version for the right syntax to use near '' at line 29
CRITICAL - 2022-05-12 08:58:22 --> You have an error in your SQL syntax; check the manual that corresponds to your MySQL server version for the right syntax to use near '' at line 29
#0 C:\xampp\htdocs\relacao2.0\system\Database\MySQLi\Connection.php(292): mysqli->query('SELECT\r\n       ...', 0)
#1 C:\xampp\htdocs\relacao2.0\system\Database\BaseConnection.php(670): CodeIgniter\Database\MySQLi\Connection->execute('SELECT\r\n       ...')
#2 C:\xampp\htdocs\relacao2.0\system\Database\BaseConnection.php(598): CodeIgniter\Database\BaseConnection->simpleQuery('SELECT\r\n       ...')
#3 C:\xampp\htdocs\relacao2.0\app\Controllers\RelacaoUnificada.php(73): CodeIgniter\Database\BaseConnection->query('SELECT\r\n       ...')
#4 C:\xampp\htdocs\relacao2.0\system\CodeIgniter.php(832): App\Controllers\RelacaoUnificada->pesquisar()
#5 C:\xampp\htdocs\relacao2.0\system\CodeIgniter.php(419): CodeIgniter\CodeIgniter->runController(Object(App\Controllers\RelacaoUnificada))
#6 C:\xampp\htdocs\relacao2.0\system\CodeIgniter.php(326): CodeIgniter\CodeIgniter->handleRequest(NULL, Object(Config\Cache), false)
#7 C:\xampp\htdocs\relacao2.0\index.php(37): CodeIgniter\CodeIgniter->run()
#8 {main}
ERROR - 2022-05-12 09:03:52 --> Expression #1 of SELECT list is not in GROUP BY clause and contains nonaggregated column 'relacao.EQUIPAMENTO.ID' which is not functionally dependent on columns in GROUP BY clause; this is incompatible with sql_mode=only_full_group_by
CRITICAL - 2022-05-12 09:03:52 --> Expression #1 of SELECT list is not in GROUP BY clause and contains nonaggregated column 'relacao.EQUIPAMENTO.ID' which is not functionally dependent on columns in GROUP BY clause; this is incompatible with sql_mode=only_full_group_by
#0 C:\xampp\htdocs\relacao2.0\system\Database\MySQLi\Connection.php(292): mysqli->query('SELECT\r\n       ...', 0)
#1 C:\xampp\htdocs\relacao2.0\system\Database\BaseConnection.php(670): CodeIgniter\Database\MySQLi\Connection->execute('SELECT\r\n       ...')
#2 C:\xampp\htdocs\relacao2.0\system\Database\BaseConnection.php(598): CodeIgniter\Database\BaseConnection->simpleQuery('SELECT\r\n       ...')
#3 C:\xampp\htdocs\relacao2.0\app\Controllers\Relacao.php(81): CodeIgniter\Database\BaseConnection->query('SELECT\r\n       ...')
#4 C:\xampp\htdocs\relacao2.0\system\CodeIgniter.php(832): App\Controllers\Relacao->pesquisar()
#5 C:\xampp\htdocs\relacao2.0\system\CodeIgniter.php(419): CodeIgniter\CodeIgniter->runController(Object(App\Controllers\Relacao))
#6 C:\xampp\htdocs\relacao2.0\system\CodeIgniter.php(326): CodeIgniter\CodeIgniter->handleRequest(NULL, Object(Config\Cache), false)
#7 C:\xampp\htdocs\relacao2.0\index.php(37): CodeIgniter\CodeIgniter->run()
#8 {main}
CRITICAL - 2022-05-12 09:04:39 --> Allowed memory size of 536870912 bytes exhausted (tried to allocate 225662232 bytes)
#0 [internal function]: CodeIgniter\Debug\Exceptions->shutdownHandler()
#1 {main}
CRITICAL - 2022-05-12 09:04:50 --> Allowed memory size of 536870912 bytes exhausted (tried to allocate 218315712 bytes)
#0 [internal function]: CodeIgniter\Debug\Exceptions->shutdownHandler()
#1 {main}
CRITICAL - 2022-05-12 09:05:30 --> Allowed memory size of 536870912 bytes exhausted (tried to allocate 225662232 bytes)
#0 [internal function]: CodeIgniter\Debug\Exceptions->shutdownHandler()
#1 {main}
CRITICAL - 2022-05-12 09:05:47 --> Allowed memory size of 536870912 bytes exhausted (tried to allocate 218315712 bytes)
#0 [internal function]: CodeIgniter\Debug\Exceptions->shutdownHandler()
#1 {main}
ERROR - 2022-05-12 09:07:05 --> Expression #1 of SELECT list is not in GROUP BY clause and contains nonaggregated column 'relacao.EQUIPAMENTO.ID' which is not functionally dependent on columns in GROUP BY clause; this is incompatible with sql_mode=only_full_group_by
CRITICAL - 2022-05-12 09:07:05 --> Expression #1 of SELECT list is not in GROUP BY clause and contains nonaggregated column 'relacao.EQUIPAMENTO.ID' which is not functionally dependent on columns in GROUP BY clause; this is incompatible with sql_mode=only_full_group_by
#0 C:\xampp\htdocs\relacao2.0\system\Database\MySQLi\Connection.php(292): mysqli->query('SELECT \r\n      ...', 0)
#1 C:\xampp\htdocs\relacao2.0\system\Database\BaseConnection.php(670): CodeIgniter\Database\MySQLi\Connection->execute('SELECT \r\n      ...')
#2 C:\xampp\htdocs\relacao2.0\system\Database\BaseConnection.php(598): CodeIgniter\Database\BaseConnection->simpleQuery('SELECT \r\n      ...')
#3 C:\xampp\htdocs\relacao2.0\app\Controllers\Relacao.php(173): CodeIgniter\Database\BaseConnection->query('SELECT \r\n      ...')
#4 C:\xampp\htdocs\relacao2.0\system\CodeIgniter.php(832): App\Controllers\Relacao->pesquisar()
#5 C:\xampp\htdocs\relacao2.0\system\CodeIgniter.php(419): CodeIgniter\CodeIgniter->runController(Object(App\Controllers\Relacao))
#6 C:\xampp\htdocs\relacao2.0\system\CodeIgniter.php(326): CodeIgniter\CodeIgniter->handleRequest(NULL, Object(Config\Cache), false)
#7 C:\xampp\htdocs\relacao2.0\index.php(37): CodeIgniter\CodeIgniter->run()
#8 {main}
CRITICAL - 2022-05-12 09:10:31 --> Allowed memory size of 536870912 bytes exhausted (tried to allocate 225662232 bytes)
#0 [internal function]: CodeIgniter\Debug\Exceptions->shutdownHandler()
#1 {main}
ERROR - 2022-05-12 09:11:26 --> Expression #1 of SELECT list is not in GROUP BY clause and contains nonaggregated column 'relacao.EQUIPAMENTO.ID' which is not functionally dependent on columns in GROUP BY clause; this is incompatible with sql_mode=only_full_group_by
CRITICAL - 2022-05-12 09:11:26 --> Expression #1 of SELECT list is not in GROUP BY clause and contains nonaggregated column 'relacao.EQUIPAMENTO.ID' which is not functionally dependent on columns in GROUP BY clause; this is incompatible with sql_mode=only_full_group_by
#0 C:\xampp\htdocs\relacao2.0\system\Database\MySQLi\Connection.php(292): mysqli->query('SELECT \r\n      ...', 0)
#1 C:\xampp\htdocs\relacao2.0\system\Database\BaseConnection.php(670): CodeIgniter\Database\MySQLi\Connection->execute('SELECT \r\n      ...')
#2 C:\xampp\htdocs\relacao2.0\system\Database\BaseConnection.php(598): CodeIgniter\Database\BaseConnection->simpleQuery('SELECT \r\n      ...')
#3 C:\xampp\htdocs\relacao2.0\app\Controllers\Relacao.php(173): CodeIgniter\Database\BaseConnection->query('SELECT \r\n      ...')
#4 C:\xampp\htdocs\relacao2.0\system\CodeIgniter.php(832): App\Controllers\Relacao->pesquisar()
#5 C:\xampp\htdocs\relacao2.0\system\CodeIgniter.php(419): CodeIgniter\CodeIgniter->runController(Object(App\Controllers\Relacao))
#6 C:\xampp\htdocs\relacao2.0\system\CodeIgniter.php(326): CodeIgniter\CodeIgniter->handleRequest(NULL, Object(Config\Cache), false)
#7 C:\xampp\htdocs\relacao2.0\index.php(37): CodeIgniter\CodeIgniter->run()
#8 {main}
ERROR - 2022-05-12 09:12:40 --> Expression #1 of SELECT list is not in GROUP BY clause and contains nonaggregated column 'relacao.EQUIPAMENTO.ID' which is not functionally dependent on columns in GROUP BY clause; this is incompatible with sql_mode=only_full_group_by
CRITICAL - 2022-05-12 09:12:40 --> Expression #1 of SELECT list is not in GROUP BY clause and contains nonaggregated column 'relacao.EQUIPAMENTO.ID' which is not functionally dependent on columns in GROUP BY clause; this is incompatible with sql_mode=only_full_group_by
#0 C:\xampp\htdocs\relacao2.0\system\Database\MySQLi\Connection.php(292): mysqli->query('SELECT \r\n      ...', 0)
#1 C:\xampp\htdocs\relacao2.0\system\Database\BaseConnection.php(670): CodeIgniter\Database\MySQLi\Connection->execute('SELECT \r\n      ...')
#2 C:\xampp\htdocs\relacao2.0\system\Database\BaseConnection.php(598): CodeIgniter\Database\BaseConnection->simpleQuery('SELECT \r\n      ...')
#3 C:\xampp\htdocs\relacao2.0\app\Controllers\Relacao.php(173): CodeIgniter\Database\BaseConnection->query('SELECT \r\n      ...')
#4 C:\xampp\htdocs\relacao2.0\system\CodeIgniter.php(832): App\Controllers\Relacao->pesquisar()
#5 C:\xampp\htdocs\relacao2.0\system\CodeIgniter.php(419): CodeIgniter\CodeIgniter->runController(Object(App\Controllers\Relacao))
#6 C:\xampp\htdocs\relacao2.0\system\CodeIgniter.php(326): CodeIgniter\CodeIgniter->handleRequest(NULL, Object(Config\Cache), false)
#7 C:\xampp\htdocs\relacao2.0\index.php(37): CodeIgniter\CodeIgniter->run()
#8 {main}
ERROR - 2022-05-12 09:15:04 --> Expression #1 of SELECT list is not in GROUP BY clause and contains nonaggregated column 'relacao.EQUIPAMENTO.ID' which is not functionally dependent on columns in GROUP BY clause; this is incompatible with sql_mode=only_full_group_by
CRITICAL - 2022-05-12 09:15:04 --> Expression #1 of SELECT list is not in GROUP BY clause and contains nonaggregated column 'relacao.EQUIPAMENTO.ID' which is not functionally dependent on columns in GROUP BY clause; this is incompatible with sql_mode=only_full_group_by
#0 C:\xampp\htdocs\relacao2.0\system\Database\MySQLi\Connection.php(292): mysqli->query('SELECT \r\n      ...', 0)
#1 C:\xampp\htdocs\relacao2.0\system\Database\BaseConnection.php(670): CodeIgniter\Database\MySQLi\Connection->execute('SELECT \r\n      ...')
#2 C:\xampp\htdocs\relacao2.0\system\Database\BaseConnection.php(598): CodeIgniter\Database\BaseConnection->simpleQuery('SELECT \r\n      ...')
#3 C:\xampp\htdocs\relacao2.0\app\Controllers\Relacao.php(173): CodeIgniter\Database\BaseConnection->query('SELECT \r\n      ...')
#4 C:\xampp\htdocs\relacao2.0\system\CodeIgniter.php(832): App\Controllers\Relacao->pesquisar()
#5 C:\xampp\htdocs\relacao2.0\system\CodeIgniter.php(419): CodeIgniter\CodeIgniter->runController(Object(App\Controllers\Relacao))
#6 C:\xampp\htdocs\relacao2.0\system\CodeIgniter.php(326): CodeIgniter\CodeIgniter->handleRequest(NULL, Object(Config\Cache), false)
#7 C:\xampp\htdocs\relacao2.0\index.php(37): CodeIgniter\CodeIgniter->run()
#8 {main}
ERROR - 2022-05-12 09:16:29 --> Expression #2 of SELECT list is not in GROUP BY clause and contains nonaggregated column 'relacao.PONTO.IDPONTO' which is not functionally dependent on columns in GROUP BY clause; this is incompatible with sql_mode=only_full_group_by
CRITICAL - 2022-05-12 09:16:29 --> Expression #2 of SELECT list is not in GROUP BY clause and contains nonaggregated column 'relacao.PONTO.IDPONTO' which is not functionally dependent on columns in GROUP BY clause; this is incompatible with sql_mode=only_full_group_by
#0 C:\xampp\htdocs\relacao2.0\system\Database\MySQLi\Connection.php(292): mysqli->query('SELECT \r\n      ...', 0)
#1 C:\xampp\htdocs\relacao2.0\system\Database\BaseConnection.php(670): CodeIgniter\Database\MySQLi\Connection->execute('SELECT \r\n      ...')
#2 C:\xampp\htdocs\relacao2.0\system\Database\BaseConnection.php(598): CodeIgniter\Database\BaseConnection->simpleQuery('SELECT \r\n      ...')
#3 C:\xampp\htdocs\relacao2.0\app\Controllers\Relacao.php(173): CodeIgniter\Database\BaseConnection->query('SELECT \r\n      ...')
#4 C:\xampp\htdocs\relacao2.0\system\CodeIgniter.php(832): App\Controllers\Relacao->pesquisar()
#5 C:\xampp\htdocs\relacao2.0\system\CodeIgniter.php(419): CodeIgniter\CodeIgniter->runController(Object(App\Controllers\Relacao))
#6 C:\xampp\htdocs\relacao2.0\system\CodeIgniter.php(326): CodeIgniter\CodeIgniter->handleRequest(NULL, Object(Config\Cache), false)
#7 C:\xampp\htdocs\relacao2.0\index.php(37): CodeIgniter\CodeIgniter->run()
#8 {main}
ERROR - 2022-05-12 09:16:45 --> You have an error in your SQL syntax; check the manual that corresponds to your MySQL server version for the right syntax to use near 'PONTO.IDPONTO' at line 21
CRITICAL - 2022-05-12 09:16:45 --> You have an error in your SQL syntax; check the manual that corresponds to your MySQL server version for the right syntax to use near 'PONTO.IDPONTO' at line 21
#0 C:\xampp\htdocs\relacao2.0\system\Database\MySQLi\Connection.php(292): mysqli->query('SELECT \r\n      ...', 0)
#1 C:\xampp\htdocs\relacao2.0\system\Database\BaseConnection.php(670): CodeIgniter\Database\MySQLi\Connection->execute('SELECT \r\n      ...')
#2 C:\xampp\htdocs\relacao2.0\system\Database\BaseConnection.php(598): CodeIgniter\Database\BaseConnection->simpleQuery('SELECT \r\n      ...')
#3 C:\xampp\htdocs\relacao2.0\app\Controllers\Relacao.php(173): CodeIgniter\Database\BaseConnection->query('SELECT \r\n      ...')
#4 C:\xampp\htdocs\relacao2.0\system\CodeIgniter.php(832): App\Controllers\Relacao->pesquisar()
#5 C:\xampp\htdocs\relacao2.0\system\CodeIgniter.php(419): CodeIgniter\CodeIgniter->runController(Object(App\Controllers\Relacao))
#6 C:\xampp\htdocs\relacao2.0\system\CodeIgniter.php(326): CodeIgniter\CodeIgniter->handleRequest(NULL, Object(Config\Cache), false)
#7 C:\xampp\htdocs\relacao2.0\index.php(37): CodeIgniter\CodeIgniter->run()
#8 {main}
ERROR - 2022-05-12 09:17:03 --> Expression #1 of SELECT list is not in GROUP BY clause and contains nonaggregated column 'relacao.EQUIPAMENTO.ID' which is not functionally dependent on columns in GROUP BY clause; this is incompatible with sql_mode=only_full_group_by
CRITICAL - 2022-05-12 09:17:03 --> Expression #1 of SELECT list is not in GROUP BY clause and contains nonaggregated column 'relacao.EQUIPAMENTO.ID' which is not functionally dependent on columns in GROUP BY clause; this is incompatible with sql_mode=only_full_group_by
#0 C:\xampp\htdocs\relacao2.0\system\Database\MySQLi\Connection.php(292): mysqli->query('SELECT \r\n      ...', 0)
#1 C:\xampp\htdocs\relacao2.0\system\Database\BaseConnection.php(670): CodeIgniter\Database\MySQLi\Connection->execute('SELECT \r\n      ...')
#2 C:\xampp\htdocs\relacao2.0\system\Database\BaseConnection.php(598): CodeIgniter\Database\BaseConnection->simpleQuery('SELECT \r\n      ...')
#3 C:\xampp\htdocs\relacao2.0\app\Controllers\Relacao.php(173): CodeIgniter\Database\BaseConnection->query('SELECT \r\n      ...')
#4 C:\xampp\htdocs\relacao2.0\system\CodeIgniter.php(832): App\Controllers\Relacao->pesquisar()
#5 C:\xampp\htdocs\relacao2.0\system\CodeIgniter.php(419): CodeIgniter\CodeIgniter->runController(Object(App\Controllers\Relacao))
#6 C:\xampp\htdocs\relacao2.0\system\CodeIgniter.php(326): CodeIgniter\CodeIgniter->handleRequest(NULL, Object(Config\Cache), false)
#7 C:\xampp\htdocs\relacao2.0\index.php(37): CodeIgniter\CodeIgniter->run()
#8 {main}
ERROR - 2022-05-12 09:18:14 --> You have an error in your SQL syntax; check the manual that corresponds to your MySQL server version for the right syntax to use near 'LIKE '%%'
                     GROUP BY EQUIPAMENTO.ID' at line 20
CRITICAL - 2022-05-12 09:18:14 --> You have an error in your SQL syntax; check the manual that corresponds to your MySQL server version for the right syntax to use near 'LIKE '%%'
                     GROUP BY EQUIPAMENTO.ID' at line 20
#0 C:\xampp\htdocs\relacao2.0\system\Database\MySQLi\Connection.php(292): mysqli->query('SELECT \r\n      ...', 0)
#1 C:\xampp\htdocs\relacao2.0\system\Database\BaseConnection.php(670): CodeIgniter\Database\MySQLi\Connection->execute('SELECT \r\n      ...')
#2 C:\xampp\htdocs\relacao2.0\system\Database\BaseConnection.php(598): CodeIgniter\Database\BaseConnection->simpleQuery('SELECT \r\n      ...')
#3 C:\xampp\htdocs\relacao2.0\app\Controllers\Relacao.php(173): CodeIgniter\Database\BaseConnection->query('SELECT \r\n      ...')
#4 C:\xampp\htdocs\relacao2.0\system\CodeIgniter.php(832): App\Controllers\Relacao->pesquisar()
#5 C:\xampp\htdocs\relacao2.0\system\CodeIgniter.php(419): CodeIgniter\CodeIgniter->runController(Object(App\Controllers\Relacao))
#6 C:\xampp\htdocs\relacao2.0\system\CodeIgniter.php(326): CodeIgniter\CodeIgniter->handleRequest(NULL, Object(Config\Cache), false)
#7 C:\xampp\htdocs\relacao2.0\index.php(37): CodeIgniter\CodeIgniter->run()
#8 {main}
ERROR - 2022-05-12 09:18:31 --> Expression #2 of SELECT list is not in GROUP BY clause and contains nonaggregated column 'relacao.PONTO.IDPONTO' which is not functionally dependent on columns in GROUP BY clause; this is incompatible with sql_mode=only_full_group_by
CRITICAL - 2022-05-12 09:18:31 --> Expression #2 of SELECT list is not in GROUP BY clause and contains nonaggregated column 'relacao.PONTO.IDPONTO' which is not functionally dependent on columns in GROUP BY clause; this is incompatible with sql_mode=only_full_group_by
#0 C:\xampp\htdocs\relacao2.0\system\Database\MySQLi\Connection.php(292): mysqli->query('SELECT \r\n      ...', 0)
#1 C:\xampp\htdocs\relacao2.0\system\Database\BaseConnection.php(670): CodeIgniter\Database\MySQLi\Connection->execute('SELECT \r\n      ...')
#2 C:\xampp\htdocs\relacao2.0\system\Database\BaseConnection.php(598): CodeIgniter\Database\BaseConnection->simpleQuery('SELECT \r\n      ...')
#3 C:\xampp\htdocs\relacao2.0\app\Controllers\Relacao.php(173): CodeIgniter\Database\BaseConnection->query('SELECT \r\n      ...')
#4 C:\xampp\htdocs\relacao2.0\system\CodeIgniter.php(832): App\Controllers\Relacao->pesquisar()
#5 C:\xampp\htdocs\relacao2.0\system\CodeIgniter.php(419): CodeIgniter\CodeIgniter->runController(Object(App\Controllers\Relacao))
#6 C:\xampp\htdocs\relacao2.0\system\CodeIgniter.php(326): CodeIgniter\CodeIgniter->handleRequest(NULL, Object(Config\Cache), false)
#7 C:\xampp\htdocs\relacao2.0\index.php(37): CodeIgniter\CodeIgniter->run()
#8 {main}
ERROR - 2022-05-12 09:23:58 --> Expression #2 of SELECT list is not in GROUP BY clause and contains nonaggregated column 'relacao.PONTO.IDPONTO' which is not functionally dependent on columns in GROUP BY clause; this is incompatible with sql_mode=only_full_group_by
CRITICAL - 2022-05-12 09:23:58 --> Expression #2 of SELECT list is not in GROUP BY clause and contains nonaggregated column 'relacao.PONTO.IDPONTO' which is not functionally dependent on columns in GROUP BY clause; this is incompatible with sql_mode=only_full_group_by
#0 C:\xampp\htdocs\relacao2.0\system\Database\MySQLi\Connection.php(292): mysqli->query('SELECT \r\n      ...', 0)
#1 C:\xampp\htdocs\relacao2.0\system\Database\BaseConnection.php(670): CodeIgniter\Database\MySQLi\Connection->execute('SELECT \r\n      ...')
#2 C:\xampp\htdocs\relacao2.0\system\Database\BaseConnection.php(598): CodeIgniter\Database\BaseConnection->simpleQuery('SELECT \r\n      ...')
#3 C:\xampp\htdocs\relacao2.0\app\Controllers\Relacao.php(173): CodeIgniter\Database\BaseConnection->query('SELECT \r\n      ...')
#4 C:\xampp\htdocs\relacao2.0\system\CodeIgniter.php(832): App\Controllers\Relacao->pesquisar()
#5 C:\xampp\htdocs\relacao2.0\system\CodeIgniter.php(419): CodeIgniter\CodeIgniter->runController(Object(App\Controllers\Relacao))
#6 C:\xampp\htdocs\relacao2.0\system\CodeIgniter.php(326): CodeIgniter\CodeIgniter->handleRequest(NULL, Object(Config\Cache), false)
#7 C:\xampp\htdocs\relacao2.0\index.php(37): CodeIgniter\CodeIgniter->run()
#8 {main}
ERROR - 2022-05-12 09:25:28 --> Expression #1 of SELECT list is not in GROUP BY clause and contains nonaggregated column 'relacao.PONTO.IDPONTO' which is not functionally dependent on columns in GROUP BY clause; this is incompatible with sql_mode=only_full_group_by
CRITICAL - 2022-05-12 09:25:28 --> Expression #1 of SELECT list is not in GROUP BY clause and contains nonaggregated column 'relacao.PONTO.IDPONTO' which is not functionally dependent on columns in GROUP BY clause; this is incompatible with sql_mode=only_full_group_by
#0 C:\xampp\htdocs\relacao2.0\system\Database\MySQLi\Connection.php(292): mysqli->query('SELECT \r\n      ...', 0)
#1 C:\xampp\htdocs\relacao2.0\system\Database\BaseConnection.php(670): CodeIgniter\Database\MySQLi\Connection->execute('SELECT \r\n      ...')
#2 C:\xampp\htdocs\relacao2.0\system\Database\BaseConnection.php(598): CodeIgniter\Database\BaseConnection->simpleQuery('SELECT \r\n      ...')
#3 C:\xampp\htdocs\relacao2.0\app\Controllers\Relacao.php(171): CodeIgniter\Database\BaseConnection->query('SELECT \r\n      ...')
#4 C:\xampp\htdocs\relacao2.0\system\CodeIgniter.php(832): App\Controllers\Relacao->pesquisar()
#5 C:\xampp\htdocs\relacao2.0\system\CodeIgniter.php(419): CodeIgniter\CodeIgniter->runController(Object(App\Controllers\Relacao))
#6 C:\xampp\htdocs\relacao2.0\system\CodeIgniter.php(326): CodeIgniter\CodeIgniter->handleRequest(NULL, Object(Config\Cache), false)
#7 C:\xampp\htdocs\relacao2.0\index.php(37): CodeIgniter\CodeIgniter->run()
#8 {main}
ERROR - 2022-05-12 09:25:33 --> Expression #1 of SELECT list is not in GROUP BY clause and contains nonaggregated column 'relacao.PONTO.IDPONTO' which is not functionally dependent on columns in GROUP BY clause; this is incompatible with sql_mode=only_full_group_by
CRITICAL - 2022-05-12 09:25:33 --> Expression #1 of SELECT list is not in GROUP BY clause and contains nonaggregated column 'relacao.PONTO.IDPONTO' which is not functionally dependent on columns in GROUP BY clause; this is incompatible with sql_mode=only_full_group_by
#0 C:\xampp\htdocs\relacao2.0\system\Database\MySQLi\Connection.php(292): mysqli->query('SELECT \r\n      ...', 0)
#1 C:\xampp\htdocs\relacao2.0\system\Database\BaseConnection.php(670): CodeIgniter\Database\MySQLi\Connection->execute('SELECT \r\n      ...')
#2 C:\xampp\htdocs\relacao2.0\system\Database\BaseConnection.php(598): CodeIgniter\Database\BaseConnection->simpleQuery('SELECT \r\n      ...')
#3 C:\xampp\htdocs\relacao2.0\app\Controllers\Relacao.php(171): CodeIgniter\Database\BaseConnection->query('SELECT \r\n      ...')
#4 C:\xampp\htdocs\relacao2.0\system\CodeIgniter.php(832): App\Controllers\Relacao->pesquisar()
#5 C:\xampp\htdocs\relacao2.0\system\CodeIgniter.php(419): CodeIgniter\CodeIgniter->runController(Object(App\Controllers\Relacao))
#6 C:\xampp\htdocs\relacao2.0\system\CodeIgniter.php(326): CodeIgniter\CodeIgniter->handleRequest(NULL, Object(Config\Cache), false)
#7 C:\xampp\htdocs\relacao2.0\index.php(37): CodeIgniter\CodeIgniter->run()
#8 {main}
ERROR - 2022-05-12 09:29:44 --> Expression #1 of SELECT list is not in GROUP BY clause and contains nonaggregated column 'relacao.PONTO.IDPONTO' which is not functionally dependent on columns in GROUP BY clause; this is incompatible with sql_mode=only_full_group_by
CRITICAL - 2022-05-12 09:29:44 --> Expression #1 of SELECT list is not in GROUP BY clause and contains nonaggregated column 'relacao.PONTO.IDPONTO' which is not functionally dependent on columns in GROUP BY clause; this is incompatible with sql_mode=only_full_group_by
#0 C:\xampp\htdocs\relacao2.0\system\Database\MySQLi\Connection.php(292): mysqli->query('SELECT\r\n       ...', 0)
#1 C:\xampp\htdocs\relacao2.0\system\Database\BaseConnection.php(670): CodeIgniter\Database\MySQLi\Connection->execute('SELECT\r\n       ...')
#2 C:\xampp\htdocs\relacao2.0\system\Database\BaseConnection.php(598): CodeIgniter\Database\BaseConnection->simpleQuery('SELECT\r\n       ...')
#3 C:\xampp\htdocs\relacao2.0\app\Controllers\RelacaoUnificada.php(72): CodeIgniter\Database\BaseConnection->query('SELECT\r\n       ...')
#4 C:\xampp\htdocs\relacao2.0\system\CodeIgniter.php(832): App\Controllers\RelacaoUnificada->pesquisar()
#5 C:\xampp\htdocs\relacao2.0\system\CodeIgniter.php(419): CodeIgniter\CodeIgniter->runController(Object(App\Controllers\RelacaoUnificada))
#6 C:\xampp\htdocs\relacao2.0\system\CodeIgniter.php(326): CodeIgniter\CodeIgniter->handleRequest(NULL, Object(Config\Cache), false)
#7 C:\xampp\htdocs\relacao2.0\index.php(37): CodeIgniter\CodeIgniter->run()
#8 {main}
ERROR - 2022-05-12 09:37:30 --> You have an error in your SQL syntax; check the manual that corresponds to your MySQL server version for the right syntax to use near 'LIKE '%%'
                     GROUP BY PONTO.IDPONTO' at line 19
CRITICAL - 2022-05-12 09:37:30 --> Call to a member function getResult() on bool
#0 C:\xampp\htdocs\relacao2.0\system\CodeIgniter.php(832): App\Controllers\Relacao->pesquisar()
#1 C:\xampp\htdocs\relacao2.0\system\CodeIgniter.php(419): CodeIgniter\CodeIgniter->runController(Object(App\Controllers\Relacao))
#2 C:\xampp\htdocs\relacao2.0\system\CodeIgniter.php(326): CodeIgniter\CodeIgniter->handleRequest(NULL, Object(Config\Cache), false)
#3 C:\xampp\htdocs\relacao2.0\index.php(37): CodeIgniter\CodeIgniter->run()
#4 {main}
ERROR - 2022-05-12 09:37:34 --> You have an error in your SQL syntax; check the manual that corresponds to your MySQL server version for the right syntax to use near 'LIKE '%%'
                     GROUP BY PONTO.IDPONTO' at line 19
CRITICAL - 2022-05-12 09:37:34 --> Call to a member function getResult() on bool
#0 C:\xampp\htdocs\relacao2.0\system\CodeIgniter.php(832): App\Controllers\Relacao->pesquisar()
#1 C:\xampp\htdocs\relacao2.0\system\CodeIgniter.php(419): CodeIgniter\CodeIgniter->runController(Object(App\Controllers\Relacao))
#2 C:\xampp\htdocs\relacao2.0\system\CodeIgniter.php(326): CodeIgniter\CodeIgniter->handleRequest(NULL, Object(Config\Cache), false)
#3 C:\xampp\htdocs\relacao2.0\index.php(37): CodeIgniter\CodeIgniter->run()
#4 {main}
ERROR - 2022-05-12 09:37:34 --> You have an error in your SQL syntax; check the manual that corresponds to your MySQL server version for the right syntax to use near 'LIKE '%%'
                     GROUP BY PONTO.IDPONTO' at line 19
CRITICAL - 2022-05-12 09:37:34 --> Call to a member function getResult() on bool
#0 C:\xampp\htdocs\relacao2.0\system\CodeIgniter.php(832): App\Controllers\Relacao->pesquisar()
#1 C:\xampp\htdocs\relacao2.0\system\CodeIgniter.php(419): CodeIgniter\CodeIgniter->runController(Object(App\Controllers\Relacao))
#2 C:\xampp\htdocs\relacao2.0\system\CodeIgniter.php(326): CodeIgniter\CodeIgniter->handleRequest(NULL, Object(Config\Cache), false)
#3 C:\xampp\htdocs\relacao2.0\index.php(37): CodeIgniter\CodeIgniter->run()
#4 {main}
ERROR - 2022-05-12 09:37:34 --> You have an error in your SQL syntax; check the manual that corresponds to your MySQL server version for the right syntax to use near 'LIKE '%%'
                     GROUP BY PONTO.IDPONTO' at line 19
CRITICAL - 2022-05-12 09:37:34 --> Call to a member function getResult() on bool
#0 C:\xampp\htdocs\relacao2.0\system\CodeIgniter.php(832): App\Controllers\Relacao->pesquisar()
#1 C:\xampp\htdocs\relacao2.0\system\CodeIgniter.php(419): CodeIgniter\CodeIgniter->runController(Object(App\Controllers\Relacao))
#2 C:\xampp\htdocs\relacao2.0\system\CodeIgniter.php(326): CodeIgniter\CodeIgniter->handleRequest(NULL, Object(Config\Cache), false)
#3 C:\xampp\htdocs\relacao2.0\index.php(37): CodeIgniter\CodeIgniter->run()
#4 {main}
ERROR - 2022-05-12 09:37:34 --> You have an error in your SQL syntax; check the manual that corresponds to your MySQL server version for the right syntax to use near 'LIKE '%%'
                     GROUP BY PONTO.IDPONTO' at line 19
CRITICAL - 2022-05-12 09:37:34 --> Call to a member function getResult() on bool
#0 C:\xampp\htdocs\relacao2.0\system\CodeIgniter.php(832): App\Controllers\Relacao->pesquisar()
#1 C:\xampp\htdocs\relacao2.0\system\CodeIgniter.php(419): CodeIgniter\CodeIgniter->runController(Object(App\Controllers\Relacao))
#2 C:\xampp\htdocs\relacao2.0\system\CodeIgniter.php(326): CodeIgniter\CodeIgniter->handleRequest(NULL, Object(Config\Cache), false)
#3 C:\xampp\htdocs\relacao2.0\index.php(37): CodeIgniter\CodeIgniter->run()
#4 {main}
